

(on Mon Apr 10 01:59:58 2023
)<n<=0>

in line 476n=-1,errno=110,Connection timed out

<\n<=0>



(on Mon Apr 10 03:48:47 2023
)<n<=0>

in line 476n=-1,errno=110,Connection timed out

<\n<=0>



(on Mon Apr 10 05:00:02 2023
)<n<=0>

in line 476n=-1,errno=110,Connection timed out

<\n<=0>



(on Mon Apr 10 05:08:40 2023
)<n<=0>

in line 476n=-1,errno=110,Connection timed out

<\n<=0>



(on Mon Apr 10 05:14:54 2023
)<n<=0>

in line 518n=-1,errno=110,Connection timed out

<\n<=0>



(on Mon Apr 10 07:12:38 2023
)<n<=0>

in line 476n=-1,errno=104,Connection reset by peer

<\n<=0>



(on Mon Apr 10 07:17:44 2023
)<n<=0>

in line 533n=-1,errno=104,Connection reset by peer

<\n<=0>



(on Mon Apr 10 07:20:04 2023
)<n<=0>

in line 476n=-1,errno=104,Connection reset by peer

<\n<=0>

