in line 1330<request>

{"type":"connect","board name":"CA3 IOT NODE","client name":"anonymous 2023-04-11T21:38:44.554"}

<\request>
in line 1330<request>

{"type":"month data","board name":"CA3 IOT NODE"}

<\request>
in line 1330<request>

{"type":"connect","board name":"yaoxuetao's stm32f103","client name":"anonymous 2023-04-11T21:38:44.554"}

<\request>
in line 1330<request>

{"type":"month data","board name":"yaoxuetao's stm32f103"}

<\request>
in line 1330<request>

{"type":"connect","board name":"yaoxuetao's stm32f103","client name":"anonymous 2023-04-11T21:39:42.161"}

<\request>
in line 1330<request>

{"type":"month data","board name":"yaoxuetao's stm32f103"}

<\request>
in line 1330<request>

{"type":"connect","board name":"yaoxuetao's stm32f103","client name":"anonymous 2023-04-11T21:39:42.161"}

<\request>
in line 1330<request>

{"type":"month data","board name":"yaoxuetao's stm32f103"}

<\request>
in line 1330<request>

{"type":"all faces"}

<\request>
in line 1330<request>

{"type":"all faces"}

<\request>
in line 1330<request>

{"type":"month data","board name":"yaoxuetao's stm32f103"}

<\request>
in line 1330<request>

{"type":"connect","board name":"CA3 IOT NODE","client name":"yaoxuetao's android"}

<\request>
in line 1330<request>

{"type":"connect","board name":"yaoxuetao's stm32f103","client name":"yaoxuetao's android"}

<\request>
in line 1330<request>

{"type":"connect","board name":"yaoxuetao's stm32f103","client name":"yaoxuetao's android"}

<\request>
in line 1330<request>

{"type":"month data","board name":"yaoxuetao's stm32f103"}

<\request>
in line 1330<request>

{"type":"connect","board name":"CA3 IOT NODE","client name":"yaoxuetao's android"}

<\request>
in line 1330<request>

{"type":"month data","board name":"CA3 IOT NODE"}

<\request>
in line 1330<request>

{"type":"connect","board name":"CA3 IOT NODE","client name":"anonymous 2023-04-11T21:45:11.162"}

<\request>
in line 1330<request>

{"type":"month data","board name":"CA3 IOT NODE"}

<\request>
in line 1330<request>

{"type":"connect","board name":"CA3 IOT NODE","client name":"anonymous 2023-04-11T21:45:11.162"}

<\request>
in line 1330<request>

{"type":"connect","board name":"yaoxuetao's stm32f103","client name":"anonymous 2023-04-11T21:52:09.891"}

<\request>
in line 1330<request>

{"type":"connect","board name":"CA3 IOT NODE","client name":"anonymous 2023-04-11T21:52:09.891"}

<\request>
in line 1330<request>

{"type":"connect","board name":"yaoxuetao's stm32f103","client name":"anonymous 2023-04-11T21:52:09.891"}

<\request>
in line 1330<request>

{"type":"connect","board name":"CA3 IOT NODE","client name":"anonymous 2023-04-11T21:52:09.891"}

<\request>
in line 1330<request>

{"type":"connect","board name":"CA3 IOT NODE","client name":"anonymous 2023-04-11T21:52:31.966"}

<\request>
in line 1330<request>

{"type":"connect","board name":"yaoxuetao's stm32f103","client name":"anonymous 2023-04-11T21:53:46.316"}

<\request>
in line 1330<request>

{"type":"connect","board name":"yaoxuetao's stm32f103","client name":"anonymous 2023-04-11T21:53:46.316"}

<\request>
in line 1330<request>

{"type":"connect","board name":"yaoxuetao's stm32f103","client name":"anonymous 2023-04-11T22:27:16.229"}

<\request>
in line 1343<request>

{"type":"connect","board name":"CA3 IOT NODE","client name":"anonymous 2023-04-11T23:10:13.263"}

<\request>
in line 1343<request>

{"type":"connect","board name":"yaoxuetao's stm32f103","client name":"anonymous 2023-04-11T23:10:13.263"}

<\request>
in line 1343<request>

{"type":"connect","board name":"yaoxuetao's stm32f103","client name":"anonymous 2023-04-11T23:10:13.263"}

<\request>
in line 1343<request>

{"type":"connect","board name":"CA3 IOT NODE","client name":"anonymous 2023-04-11T23:10:13.263"}

<\request>
in line 1343<request>

{"type":"connect","board name":"CA3 IOT NODE","client name":"anonymous 2023-04-11T23:54:15.155"}

<\request>
in line 1343<request>

{"type":"month data","board name":"CA3 IOT NODE"}

<\request>
in line 1343<request>

{"type":"connect","board name":"yaoxuetao's stm32f103","client name":"anonymous 2023-04-11T23:54:15.155"}

<\request>
in line 1343<request>

{"type":"month data","board name":"yaoxuetao's stm32f103"}

<\request>
in line 1343<request>

{"type":"connect","board name":"CA3 IOT NODE","client name":"anonymous 2023-04-11T23:54:15.155"}

<\request>
in line 1343<request>

{"type":"month data","board name":"CA3 IOT NODE"}

<\request>
in line 1343<request>

{"type":"connect","board name":"CA3 IOT NODE","client name":"anonymous 2023-04-11T23:54:15.155"}

<\request>
in line 1343<request>

{"type":"month data","board name":"CA3 IOT NODE"}

<\request>
in line 1343<request>

{"type":"month data","board name":"CA3 IOT NODE"}

<\request>
in line 1343<request>

{"type":"connect","board name":"CA3 IOT NODE","client name":"anonymous 2023-04-12T00:53:14.923"}

<\request>
in line 1343<request>

{"type":"month data","board name":"CA3 IOT NODE"}

<\request>
in line 1343<request>

{"type":"connect","board name":"yaoxuetao's stm32f103","client name":"anonymous 2023-04-12T00:53:14.923"}

<\request>
in line 1343<request>

{"type":"month data","board name":"yaoxuetao's stm32f103"}

<\request>
in line 1343<request>

{"type":"connect","board name":"CA3 IOT NODE","client name":"anonymous 2023-04-12T00:53:14.923"}

<\request>
in line 1343<request>

{"type":"month data","board name":"CA3 IOT NODE"}

<\request>
in line 1343<request>

{"type":"connect","board name":"yaoxuetao's stm32f103","client name":"anonymous 2023-04-12T00:53:14.923"}

<\request>
in line 1343<request>

{"type":"month data","board name":"yaoxuetao's stm32f103"}

<\request>
in line 1343<request>

{"type":"connect","board name":"yaoxuetao's stm32f103","client name":"anonymous 2023-04-12T01:26:39.101"}

<\request>
in line 1343<request>

{"type":"connect","board name":"yaoxuetao's stm32f103","client name":"anonymous 2023-04-12T01:26:39.101"}

<\request>
in line 1343<request>

{"type":"connect","board name":"CA3 IOT NODE","client name":"anonymous 2023-04-12T01:26:39.101"}

<\request>
in line 1343<request>

{"type":"month data","board name":"CA3 IOT NODE"}

<\request>
in line 1343<request>

{"type":"connect","board name":"yaoxuetao's stm32f103","client name":"anonymous 2023-04-12T01:28:09.854"}

<\request>
in line 1343<request>

{"type":"month data","board name":"yaoxuetao's stm32f103"}

<\request>
in line 1343<request>

{"type":"connect","board name":"yaoxuetao's stm32f103","client name":"anonymous 2023-04-12T02:27:35.718"}

<\request>
in line 1343<request>

{"type":"connect","board name":"yaoxuetao's stm32f103","client name":"anonymous 2023-04-12T02:27:35.718"}

<\request>
in line 1343<request>

{"type":"connect","board name":"CA3 IOT NODE","client name":"anonymous 2023-04-12T02:27:35.718"}

<\request>
in line 1343<request>

{"type":"month data","board name":"CA3 IOT NODE"}

<\request>
in line 1343<request>

{"type":"month data","board name":"CA3 IOT NODE"}

<\request>
in line 1343<request>

{"type":"all faces"}

<\request>
in line 1343<request>

{"type":"all faces"}

<\request>
in line 1343<request>

{"type":"connect","board name":"CA3 IOT NODE","client name":"anonymous 2023-04-12T04:00:19.368"}

<\request>
in line 1343<request>

{"type":"connect","board name":"yaoxuetao's stm32f103","client name":"anonymous 2023-04-12T04:00:19.368"}

<\request>
in line 1343<request>

{"type":"month data","board name":"yaoxuetao's stm32f103"}

<\request>
in line 1343<request>

{"type":"connect","board name":"CA3 IOT NODE","client name":"anonymous 2023-04-12T04:00:19.368"}

<\request>
in line 1343<request>

{"type":"month data","board name":"CA3 IOT NODE"}

<\request>
in line 1343<request>

{"type":"connect","board name":"CA3 IOT NODE","client name":"anonymous 2023-04-12T04:05:12.594"}

<\request>
in line 1343<request>

{"type":"month data","board name":"CA3 IOT NODE"}

<\request>
in line 1343<request>

{"type":"connect","board name":"CA3 IOT NODE","client name":"anonymous 2023-04-12T04:07:01.808"}

<\request>
in line 1343<request>

{"type":"connect","board name":"yaoxuetao's stm32f103","client name":"anonymous 2023-04-12T04:07:21.835"}

<\request>
in line 1343<request>

{"type":"connect","board name":"CA3 IOT NODE","client name":"anonymous 2023-04-12T04:07:21.835"}

<\request>
in line 1343<request>

{"type":"connect","board name":"CA3 IOT NODE","client name":"anonymous 2023-04-12T04:07:21.835"}

<\request>
in line 1343<request>

{"type":"connect","board name":"CA3 IOT NODE","client name":"anonymous 2023-04-12T04:07:21.835"}

<\request>
in line 1343<request>

{"type":"connect","board name":"CA3 IOT NODE","client name":"anonymous 2023-04-12T04:07:21.835"}

<\request>
in line 1343<request>

{"type":"connect","board name":"CA3 IOT NODE","client name":"anonymous 2023-04-12T04:17:23.104"}

<\request>
in line 1343<request>

{"type":"month data","board name":"CA3 IOT NODE"}

<\request>
in line 1343<request>

{"type":"all faces"}

<\request>
in line 1343<request>

{"type":"all faces"}

<\request>
in line 1343<request>

{"type":"connect","board name":"yaoxuetao's stm32f103","client name":"anonymous 2023-04-12T04:17:23.104"}

<\request>
in line 1343<request>

{"type":"connect","board name":"CA3 IOT NODE","client name":"anonymous 2023-04-12T04:17:23.104"}

<\request>
in line 1343<request>

{"type":"connect","board name":"CA3 IOT NODE","client name":"anonymous 2023-04-12T04:24:53.707"}

<\request>
in line 1343<request>

{"type":"month data","board name":"CA3 IOT NODE"}

<\request>
in line 1343<request>

{"type":"connect","board name":"yaoxuetao's stm32f103","client name":"anonymous 2023-04-12T04:24:53.707"}

<\request>
in line 1343<request>

{"type":"connect","board name":"yaoxuetao's stm32f103","client name":"anonymous 2023-04-12T04:34:39.670"}

<\request>
in line 1343<request>

{"type":"month data","board name":"yaoxuetao's stm32f103"}

<\request>
in line 1343<request>

{"type":"connect","board name":"yaoxuetao's stm32f103","client name":"anonymous 2023-04-12T04:59:02.730"}

<\request>
in line 1343<request>

{"type":"connect","board name":"yaoxuetao's stm32f103","client name":"anonymous 2023-04-12T05:17:00.574"}

<\request>
in line 1343<request>

{"type":"connect","board name":"CA3 IOT NODE","client name":"anonymous 2023-04-12T05:56:15.677"}

<\request>
in line 1343<request>

{"type":"connect","board name":"yaoxuetao's stm32f103","client name":"anonymous 2023-04-12T06:02:50.859"}

<\request>
in line 1343<request>

{"type":"connect","board name":"yaoxuetao's stm32f103","client name":"anonymous 2023-04-12T06:15:53.222"}

<\request>
in line 1343<request>

{"type":"connect","board name":"yaoxuetao's stm32f103","client name":"anonymous 2023-04-12T06:15:53.222"}

<\request>
in line 1343<request>

{"type":"connect","board name":"CA3 IOT NODE","client name":"anonymous 2023-04-12T06:34:55.028"}

<\request>
in line 1343<request>

{"type":"month data","board name":"CA3 IOT NODE"}

<\request>
in line 1343<request>

{"type":"connect","board name":"CA3 IOT NODE","client name":"anonymous 2023-04-12T06:34:55.028"}

<\request>
in line 1343<request>

{"type":"connect","board name":"CA3 IOT NODE","client name":"anonymous 2023-04-12T13:28:17.968"}

<\request>
in line 1343<request>

{"type":"connect","board name":"CA3 IOT NODE","client name":"anonymous 2023-04-12T15:06:13.938"}

<\request>
in line 1343<request>

{"type":"connect","board name":"CA3 IOT NODE","client name":"anonymous 2023-04-12T21:33:12.296"}

<\request>
in line 1343<request>

{"type":"connect","board name":"CA3 IOT NODE","client name":"anonymous 2023-04-12T22:54:24.623"}

<\request>
in line 1343<request>

{"type":"connect","board name":"yaoxuetao's stm32f103","client name":"anonymous 2023-04-12T22:54:24.623"}

<\request>
in line 1343<request>

{"type":"connect","board name":"yaoxuetao's stm32f103","client name":"anonymous 2023-04-12T23:21:03.041"}

<\request>
in line 1343<request>

{"type":"connect","board name":"CA3 IOT NODE","client name":"anonymous 2023-04-12T23:21:03.041"}

<\request>
in line 1343<request>

{"type":"connect","board name":"CA3 IOT NODE","client name":"anonymous 2023-04-12T23:21:03.041"}

<\request>
in line 1343<request>

{"type":"connect","board name":"yaoxuetao's stm32f103","client name":"anonymous 2023-04-12T23:21:03.041"}

<\request>
in line 1343<request>

{"type":"connect","board name":"CA3 IOT NODE","client name":"anonymous 2023-04-12T23:57:29.170"}

<\request>
in line 1343<request>

{"type":"connect","board name":"yaoxuetao's stm32f103","client name":"anonymous 2023-04-12T23:57:29.170"}

<\request>
in line 1343<request>

{"type":"connect","board name":"yaoxuetao's stm32f103","client name":"anonymous 2023-04-13T00:12:21.423"}

<\request>
in line 1343<request>

{"type":"connect","board name":"CA3 IOT NODE","client name":"anonymous 2023-04-13T00:12:21.423"}

<\request>
in line 1343<request>

{"type":"connect","board name":"CA3 IOT NODE","client name":"anonymous 2023-04-13T01:13:22.946"}

<\request>
in line 1343<request>

{"type":"connect","board name":"CA3 IOT NODE","client name":"anonymous 2023-04-13T02:51:22.169"}

<\request>
in line 1343<request>

{"type":"month data","board name":"CA3 IOT NODE"}

<\request>
in line 1343<request>

{"type":"connect","board name":"CA3 IOT NODE","client name":"anonymous 2023-04-13T02:51:22.169"}

<\request>
in line 1343<request>

{"type":"connect","board name":"CA3 IOT NODE","client name":"anonymous 2023-04-13T02:51:22.169"}

<\request>
in line 1343<request>

{"type":"connect","board name":"CA3 IOT NODE","client name":"anonymous 2023-04-13T03:27:47.490"}

<\request>
in line 1343<request>

{"type":"connect","board name":"CA3 IOT NODE","client name":"anonymous 2023-04-13T05:41:29.884"}

<\request>
in line 1343<request>

{"type":"month data","board name":"CA3 IOT NODE"}

<\request>
in line 1343<request>

{"type":"connect","board name":"CA3 IOT NODE","client name":"anonymous 2023-04-13T09:58:04.210"}

<\request>
in line 1343<request>

{"type":"month data","board name":"CA3 IOT NODE"}

<\request>
in line 1343<request>

{"type":"connect","board name":"yaoxuetao's stm32f103","client name":"anonymous 2023-04-13T10:06:15.470"}

<\request>
in line 1343<request>

{"type":"connect","board name":"CA3 IOT NODE","client name":"anonymous 2023-04-13T10:06:15.470"}

<\request>
in line 1343<request>

{"type":"connect","board name":"yaoxuetao's stm32f103","client name":"anonymous 2023-04-13T10:06:15.470"}

<\request>
in line 1343<request>

{"type":"month data","board name":"yaoxuetao's stm32f103"}

<\request>
in line 1343<request>

{"type":"connect","board name":"CA3 IOT NODE","client name":"anonymous 2023-04-13T10:06:15.470"}

<\request>
in line 1343<request>

{"type":"month data","board name":"CA3 IOT NODE"}

<\request>
in line 1343<request>

{"type":"connect","board name":"yaoxuetao's stm32f103","client name":"anonymous 2023-04-13T10:06:15.470"}

<\request>
in line 1343<request>

{"type":"connect","board name":"CA3 IOT NODE","client name":"anonymous 2023-04-13T10:06:15.470"}

<\request>
in line 1343<request>

{"type":"month data","board name":"CA3 IOT NODE"}

<\request>
in line 1343<request>

{"type":"connect","board name":"yaoxuetao's stm32f103","client name":"anonymous 2023-04-13T10:06:15.470"}

<\request>
in line 1343<request>

{"type":"connect","board name":"CA3 IOT NODE","client name":"anonymous 2023-04-13T10:43:44.020"}

<\request>
in line 1343<request>

{"type":"connect","board name":"CA3 IOT NODE","client name":"anonymous 2023-04-13T11:49:00.704"}

<\request>
in line 1343<request>

{"type":"connect","board name":"CA3 IOT NODE","client name":"anonymous 2023-04-13T17:34:45.033"}

<\request>
in line 1343<request>

{"type":"month data","board name":"CA3 IOT NODE"}

<\request>
in line 1343<request>

{"type":"month data","board name":"CA3 IOT NODE"}

<\request>
in line 1343<request>

{"type":"connect","board name":"CA3 IOT NODE","client name":"anonymous 2023-04-13T17:34:45.033"}

<\request>
in line 1343<request>

{"type":"connect","board name":"CA3 IOT NODE","client name":"anonymous 2023-04-13T17:34:45.033"}

<\request>
in line 1343<request>

{"type":"connect","board name":"CA3 IOT NODE","client name":"anonymous 2023-04-13T18:03:41.361"}

<\request>
in line 1343<request>

{"type":"connect","board name":"CA3 IOT NODE","client name":"anonymous 2023-04-13T18:03:41.361"}

<\request>
in line 1343<request>

{"type":"connect","board name":"yaoxuetao's stm32f103","client name":"anonymous 2023-04-13T18:19:26.211"}

<\request>
in line 1343<request>

{"type":"connect","board name":"CA3 IOT NODE","client name":"anonymous 2023-04-13T18:19:26.211"}

<\request>
in line 1343<request>

{"type":"connect","board name":"CA3 IOT NODE","client name":"anonymous 2023-04-13T18:28:54.046"}

<\request>
in line 1343<request>

{"type":"connect","board name":"CA3 IOT NODE","client name":"anonymous 2023-04-13T18:28:54.046"}

<\request>
in line 1343<request>

{"type":"connect","board name":"CA3 IOT NODE","client name":"anonymous 2023-04-13T18:28:54.046"}

<\request>
in line 1343<request>

{"type":"connect","board name":"yaoxuetao's stm32f103","client name":"anonymous 2023-04-13T18:28:54.046"}

<\request>
in line 1343<request>

{"type":"connect","board name":"CA3 IOT NODE","client name":"anonymous 2023-04-13T18:28:54.046"}

<\request>
in line 1343<request>

{"type":"connect","board name":"CA3 IOT NODE","client name":"anonymous 2023-04-13T18:41:08.394"}

<\request>
in line 1343<request>

{"type":"month data","board name":"CA3 IOT NODE"}

<\request>
in line 1343<request>

{"type":"connect","board name":"CA3 IOT NODE","client name":"anonymous 2023-04-13T18:41:08.394"}

<\request>
in line 1343<request>

{"type":"month data","board name":"CA3 IOT NODE"}

<\request>
in line 1343<request>

{"type":"connect","board name":"CA3 IOT NODE","client name":"anonymous 2023-04-13T21:29:57.881"}

<\request>
in line 1343<request>

{"type":"month data","board name":"CA3 IOT NODE"}

<\request>
in line 1343<request>

{"type":"connect","board name":"yaoxuetao's stm32f103","client name":"anonymous 2023-04-13T21:29:57.881"}

<\request>
in line 1343<request>

{"type":"month data","board name":"yaoxuetao's stm32f103"}

<\request>
in line 1343<request>

{"type":"connect","board name":"yaoxuetao's stm32f103","client name":"anonymous 2023-04-13T21:29:57.881"}

<\request>
in line 1343<request>

{"type":"connect","board name":"CA3 IOT NODE(main node)","client name":"anonymous 2023-04-13T21:37:08.843"}

<\request>
in line 1343<request>

{"type":"connect","board name":"yaoxuetao's stm32f103","client name":"anonymous 2023-04-13T21:37:08.843"}

<\request>
in line 1343<request>

{"type":"connect","board name":"CA3 IOT NODE(main node)","client name":"anonymous 2023-04-13T21:37:08.843"}

<\request>
in line 1343<request>

{"type":"month data","board name":"CA3 IOT NODE(main node)"}

<\request>
in line 1343<request>

{"type":"month data","board name":"CA3 IOT NODE(main node)"}

<\request>
in line 1343<request>

{"type":"month data","board name":"CA3 IOT NODE(main node)"}

<\request>
in line 1343<request>

{"type":"connect","board name":"CA3 IOT NODE(main node)","client name":"anonymous 2023-04-13T21:40:05.015"}

<\request>
in line 1343<request>

{"type":"month data","board name":"CA3 IOT NODE(main node)"}

<\request>
in line 1343<request>

{"type":"connect","board name":"CA3 IOT NODE(main node)","client name":"anonymous 2023-04-13T21:40:05.015"}

<\request>
in line 1343<request>

{"type":"month data","board name":"CA3 IOT NODE(main node)"}

<\request>
in line 1343<request>

{"type":"connect","board name":"CA3 IOT NODE(main node)","client name":"anonymous 2023-04-13T21:40:05.015"}

<\request>
in line 1343<request>

{"type":"connect","board name":"CA3 IOT NODE(main node)","client name":"anonymous 2023-04-13T21:40:05.015"}

<\request>
in line 1343<request>

{"type":"connect","board name":"CA3 IOT NODE(main node)","client name":"anonymous 2023-04-13T21:43:03.923"}

<\request>
in line 1343<request>

{"type":"month data","board name":"CA3 IOT NODE(main node)"}

<\request>
in line 1343<request>

{"type":"connect","board name":"CA3 IOT NODE(main node)","client name":"anonymous 2023-04-13T21:44:23.875"}

<\request>
in line 1343<request>

{"type":"month data","board name":"CA3 IOT NODE(main node)"}

<\request>
in line 1343<request>

{"type":"connect","board name":"CA3 IOT NODE(main node)","client name":"anonymous 2023-04-13T21:45:50.337"}

<\request>
in line 1343<request>

{"type":"month data","board name":"CA3 IOT NODE(main node)"}

<\request>
in line 1343<request>

{"type":"connect","board name":"CA3 IOT NODE(main node)","client name":"anonymous 2023-04-13T21:47:49.674"}

<\request>
in line 1343<request>

{"type":"month data","board name":"CA3 IOT NODE(main node)"}

<\request>
in line 1343<request>

{"type":"connect","board name":"CA3 IOT NODE(main node)","client name":"anonymous 2023-04-13T21:49:40.206"}

<\request>
in line 1343<request>

{"type":"connect","board name":"CA3 IOT NODE(main node)","client name":"anonymous 2023-04-13T21:50:05.481"}

<\request>
in line 1343<request>

{"type":"month data","board name":"CA3 IOT NODE(main node)"}

<\request>
in line 1343<request>

{"type":"connect","board name":"CA3 IOT NODE(main node)","client name":"anonymous 2023-04-13T21:51:34.775"}

<\request>
in line 1343<request>

{"type":"month data","board name":"CA3 IOT NODE(main node)"}

<\request>
in line 1343<request>

{"type":"connect","board name":"yaoxuetao's stm32f103","client name":"anonymous 2023-04-13T21:51:34.775"}

<\request>
in line 1343<request>

{"type":"month data","board name":"yaoxuetao's stm32f103"}

<\request>
in line 1343<request>

{"type":"connect","board name":"CA3 IOT NODE(main node)","client name":"anonymous 2023-04-13T21:51:34.775"}

<\request>
in line 1343<request>

{"type":"month data","board name":"CA3 IOT NODE(main node)"}

<\request>
in line 1343<request>

{"type":"connect","board name":"CA3 IOT NODE(main node)","client name":"anonymous 2023-04-13T22:22:45.453"}

<\request>
in line 1343<request>

{"type":"month data","board name":"CA3 IOT NODE(main node)"}

<\request>
in line 1343<request>

{"type":"connect","board name":"CA3 IOT NODE(main node)","client name":"anonymous 2023-04-13T22:24:11.815"}

<\request>
in line 1343<request>

{"type":"month data","board name":"CA3 IOT NODE(main node)"}

<\request>
in line 1343<request>

{"type":"connect","board name":"yaoxuetao's stm32f103","client name":"anonymous 2023-04-13T22:24:11.815"}

<\request>
in line 1343<request>

{"type":"month data","board name":"yaoxuetao's stm32f103"}

<\request>
in line 1343<request>

{"type":"connect","board name":"CA3 IOT NODE(main node)","client name":"anonymous 2023-04-13T22:24:11.815"}

<\request>
in line 1343<request>

{"type":"month data","board name":"CA3 IOT NODE(main node)"}

<\request>
in line 1343<request>

{"type":"connect","board name":"CA3 IOT NODE(main node)","client name":"anonymous 2023-04-14T00:15:02.308"}

<\request>
in line 1343<request>

{"type":"month data","board name":"CA3 IOT NODE(main node)"}

<\request>
in line 1343<request>

{"type":"connect","board name":"CA3 IOT NODE(main node)","client name":"anonymous 2023-04-14T00:15:02.308"}

<\request>
in line 1343<request>

{"type":"month data","board name":"CA3 IOT NODE(main node)"}

<\request>
in line 1343<request>

{"type":"connect","board name":"yaoxuetao's stm32f103","client name":"anonymous 2023-04-14T00:15:02.308"}

<\request>
in line 1343<request>

{"type":"month data","board name":"yaoxuetao's stm32f103"}

<\request>
in line 1343<request>

{"type":"connect","board name":"CA3 IOT NODE(main node)","client name":"anonymous 2023-04-14T00:15:02.308"}

<\request>
in line 1343<request>

{"type":"connect","board name":"CA3 IOT NODE(main node)","client name":"anonymous 2023-04-14T01:07:08.743"}

<\request>
in line 1343<request>

{"type":"month data","board name":"CA3 IOT NODE(main node)"}

<\request>
in line 1343<request>

{"type":"connect","board name":"CA3 IOT NODE(main node)","client name":"anonymous 2023-04-14T03:22:48.276"}

<\request>
in line 1343<request>

{"type":"connect","board name":"yaoxuetao's stm32f103","client name":"anonymous 2023-04-14T03:25:39.941"}

<\request>
in line 1343<request>

{"type":"month data","board name":"yaoxuetao's stm32f103"}

<\request>
in line 1343<request>

{"type":"connect","board name":"yaoxuetao's stm32f103","client name":"anonymous 2023-04-14T03:25:39.941"}

<\request>
in line 1343<request>

{"type":"month data","board name":"yaoxuetao's stm32f103"}

<\request>
in line 1343<request>

{"type":"connect","board name":"CA3 IOT NODE(main node)","client name":"anonymous 2023-04-14T03:25:39.941"}

<\request>
in line 1345<request>

{"type":"connect","board name":"CA3 IOT NODE(main node)","client name":"anonymous 2023-04-14T03:44:55.260"}

<\request>
in line 1345<request>

{"type":"connect","board name":"yaoxuetao's stm32f103","client name":"anonymous 2023-04-14T03:44:55.260"}

<\request>
in line 1345<request>

{"type":"connect","board name":"yaoxuetao's stm32f103","client name":"anonymous 2023-04-14T04:56:48.041"}

<\request>
in line 1345<request>

{"type":"month data","board name":"yaoxuetao's stm32f103"}

<\request>
in line 1345<request>

{"type":"connect","board name":"CA3 IOT NODE(main node)","client name":"anonymous 2023-04-14T05:35:27.205"}

<\request>
in line 1345<request>

{"type":"month data","board name":"CA3 IOT NODE(main node)"}

<\request>
in line 1345<request>

{"type":"connect","board name":"CA3 IOT NODE(main node)","client name":"anonymous 2023-04-14T05:35:27.205"}

<\request>
in line 1345<request>

{"type":"month data","board name":"CA3 IOT NODE(main node)"}

<\request>
in line 1345<request>

{"type":"connect","board name":"CA3 IOT NODE(main node)","client name":"anonymous 2023-04-14T07:15:11.780"}

<\request>
in line 1345<request>

{"type":"connect","board name":"CA3 IOT NODE(main node)","client name":"anonymous 2023-04-14T08:49:27.253"}

<\request>
in line 1345<request>

{"type":"connect","board name":"CA3 IOT NODE(main node)","client name":"anonymous 2023-04-14T08:49:27.253"}

<\request>
in line 1345<request>

{"type":"month data","board name":"CA3 IOT NODE(main node)"}

<\request>
in line 1345<request>

{"type":"connect","board name":"CA3 IOT NODE(main node)","client name":"anonymous 2023-04-14T08:49:27.253"}

<\request>
in line 1345<request>

{"type":"month data","board name":"CA3 IOT NODE(main node)"}

<\request>
in line 1345<request>

{"type":"connect","board name":"CA3 IOT NODE(main node)","client name":"anonymous 2023-04-14T12:39:19.250"}

<\request>
in line 1345<request>

{"type":"connect","board name":"CA3 IOT NODE(main node)","client name":"anonymous 2023-04-14T12:39:19.250"}

<\request>
in line 1345<request>

{"type":"connect","board name":"CA3 IOT NODE(main node)","client name":"anonymous 2023-04-14T12:39:19.250"}

<\request>
in line 1345<request>

{"type":"month data","board name":"CA3 IOT NODE(main node)"}

<\request>
in line 1345<request>

{"type":"connect","board name":"CA3 IOT NODE(main node)","client name":"anonymous 2023-04-14T15:18:44.545"}

<\request>
in line 1345<request>

{"type":"month data","board name":"CA3 IOT NODE(main node)"}

<\request>
in line 1373<request>

{"type":"connect","board name":"CA3 IOT NODE(main node)","client name":"anonymous 2023-04-14T15:59:01.632"}

<\request>
in line 1373<request>

{"type":"month data","board name":"CA3 IOT NODE(main node)"}

<\request>
in line 1373<request>

{"type":"connect","board name":"CA3 IOT NODE(main node)","client name":"anonymous 2023-04-14T16:21:03.057"}

<\request>
in line 1373<request>

{"type":"month data","board name":"CA3 IOT NODE(main node)"}

<\request>
in line 1373<request>

{"type":"connect","board name":"CA3 IOT NODE(main node)","client name":"anonymous 2023-04-14T17:45:48.717"}

<\request>
in line 1373<request>

{"type":"month data","board name":"CA3 IOT NODE(main node)"}

<\request>
in line 1373<request>

{"type":"connect","board name":"CA3 IOT NODE(main node)","client name":"anonymous 2023-04-14T18:13:24.808"}

<\request>
in line 1373<request>

{"type":"month data","board name":"CA3 IOT NODE(main node)"}

<\request>
in line 1373<request>

{"type":"connect","board name":"CA3 IOT NODE(main node)","client name":"anonymous 2023-04-14T18:13:24.808"}

<\request>
in line 1373<request>

{"type":"connect","board name":"CA3 IOT NODE(main node)","client name":"anonymous 2023-04-14T18:16:17.019"}

<\request>
in line 1373<request>

{"type":"month data","board name":"CA3 IOT NODE(main node)"}

<\request>
in line 1373<request>

{"type":"month data","board name":"CA3 IOT NODE(main node)"}

<\request>
in line 1373<request>

{"type":"connect","board name":"CA3 IOT NODE(main node)","client name":"anonymous 2023-04-14T18:16:17.019"}

<\request>
in line 1373<request>

{"type":"month data","board name":"CA3 IOT NODE(main node)"}

<\request>
in line 1373<request>

{"type":"connect","board name":"CA3 IOT NODE(main node)","client name":"anonymous 2023-04-14T18:16:17.019"}

<\request>
in line 1373<request>

{"type":"month data","board name":"CA3 IOT NODE(main node)"}

<\request>
in line 1373<request>

{"type":"connect","board name":"CA3 IOT NODE(main node)","client name":"anonymous 2023-04-14T18:16:17.019"}

<\request>
in line 1373<request>

{"type":"connect","board name":"CA3 IOT NODE(main node)","client name":"anonymous 2023-04-14T22:10:26.472"}

<\request>
in line 1373<request>

{"type":"connect","board name":"CA3 IOT NODE(main node)","client name":"anonymous 2023-04-15T04:36:34.175"}

<\request>
in line 1373<request>

{"type":"connect","board name":"CA3 IOT NODE(main node)","client name":"anonymous 2023-04-15T04:36:34.175"}

<\request>
in line 1373<request>

{"type":"month data","board name":"CA3 IOT NODE(main node)"}

<\request>
in line 1373<request>

{"type":"connect","board name":"CA3 IOT NODE(main node)","client name":"anonymous 2023-04-15T05:21:34.397"}

<\request>
in line 1373<request>

{"type":"month data","board name":"CA3 IOT NODE(main node)"}

<\request>
in line 1373<request>

{"type":"connect","board name":"CA3 IOT NODE(main node)","client name":"anonymous 2023-04-15T05:22:16.833"}

<\request>
in line 1373<request>

{"type":"month data","board name":"CA3 IOT NODE(main node)"}

<\request>
in line 1373<request>

{"type":"connect","board name":"CA3 IOT NODE(main node)","client name":"anonymous 2023-04-15T05:36:08.122"}

<\request>
in line 1373<request>

{"type":"month data","board name":"CA3 IOT NODE(main node)"}

<\request>
in line 1373<request>

{"type":"connect","board name":"yaoxuetao's stm32f103","client name":"anonymous 2023-04-15T05:46:03.086"}

<\request>
in line 1373<request>

{"type":"month data","board name":"yaoxuetao's stm32f103"}

<\request>
in line 1373<request>

{"type":"connect","board name":"CA3 IOT NODE(main node)","client name":"anonymous 2023-04-15T05:50:08.958"}

<\request>
in line 1373<request>

{"type":"month data","board name":"CA3 IOT NODE(main node)"}

<\request>
in line 1373<request>

{"type":"connect","board name":"CA3 IOT NODE(main node)","client name":"anonymous 2023-04-15T05:51:48.593"}

<\request>
in line 1373<request>

{"type":"month data","board name":"CA3 IOT NODE(main node)"}

<\request>
in line 1373<request>

{"type":"connect","board name":"CA3 IOT NODE(main node)","client name":"anonymous 2023-04-15T05:52:09.749"}

<\request>
in line 1373<request>

{"type":"month data","board name":"CA3 IOT NODE(main node)"}

<\request>
in line 1373<request>

{"type":"connect","board name":"CA3 IOT NODE(main node)","client name":"anonymous 2023-04-15T05:52:58.194"}

<\request>
in line 1373<request>

{"type":"month data","board name":"CA3 IOT NODE(main node)"}

<\request>
in line 1373<request>

{"type":"connect","board name":"CA3 IOT NODE(main node)","client name":"anonymous 2023-04-15T05:53:36.773"}

<\request>
in line 1373<request>

{"type":"month data","board name":"CA3 IOT NODE(main node)"}

<\request>
in line 1373<request>

{"type":"connect","board name":"CA3 IOT NODE(main node)","client name":"anonymous 2023-04-15T05:54:32.661"}

<\request>
in line 1373<request>

{"type":"month data","board name":"CA3 IOT NODE(main node)"}

<\request>
in line 1373<request>

{"type":"connect","board name":"CA3 IOT NODE(main node)","client name":"anonymous 2023-04-15T05:55:07.960"}

<\request>
in line 1373<request>

{"type":"month data","board name":"CA3 IOT NODE(main node)"}

<\request>
in line 1373<request>

{"type":"connect","board name":"CA3 IOT NODE(main node)","client name":"anonymous 2023-04-15T05:56:22.477"}

<\request>
in line 1373<request>

{"type":"month data","board name":"CA3 IOT NODE(main node)"}

<\request>
in line 1373<request>

{"type":"connect","board name":"CA3 IOT NODE(main node)","client name":"anonymous 2023-04-15T05:59:07.061"}

<\request>
in line 1373<request>

{"type":"month data","board name":"CA3 IOT NODE(main node)"}

<\request>
in line 1373<request>

{"type":"connect","board name":"CA3 IOT NODE(main node)","client name":"anonymous 2023-04-15T05:59:42.737"}

<\request>
in line 1373<request>

{"type":"month data","board name":"CA3 IOT NODE(main node)"}

<\request>
in line 1373<request>

{"type":"connect","board name":"yaoxuetao's stm32f103","client name":"anonymous 2023-04-15T06:00:51.945"}

<\request>
in line 1373<request>

{"type":"month data","board name":"yaoxuetao's stm32f103"}

<\request>
in line 1373<request>

{"type":"connect","board name":"CA3 IOT NODE(main node)","client name":"anonymous 2023-04-15T06:00:51.945"}

<\request>
in line 1373<request>

{"type":"month data","board name":"CA3 IOT NODE(main node)"}

<\request>
in line 1373<request>

{"type":"connect","board name":"CA3 IOT NODE(main node)","client name":"anonymous 2023-04-15T06:09:35.137"}

<\request>
in line 1373<request>

{"type":"month data","board name":"CA3 IOT NODE(main node)"}

<\request>
in line 1373<request>

{"type":"connect","board name":"CA3 IOT NODE(main node)","client name":"anonymous 2023-04-15T06:14:42.494"}

<\request>
in line 1373<request>

{"type":"month data","board name":"CA3 IOT NODE(main node)"}

<\request>
in line 1373<request>

{"type":"connect","board name":"yaoxuetao's stm32f103","client name":"anonymous 2023-04-15T06:14:42.494"}

<\request>
in line 1373<request>

{"type":"month data","board name":"yaoxuetao's stm32f103"}

<\request>
in line 1373<request>

{"type":"connect","board name":"CA3 IOT NODE(main node)","client name":"anonymous 2023-04-15T06:17:12.541"}

<\request>
in line 1373<request>

{"type":"month data","board name":"CA3 IOT NODE(main node)"}

<\request>
in line 1373<request>

{"type":"connect","board name":"yaoxuetao's stm32f103","client name":"anonymous 2023-04-15T06:17:12.541"}

<\request>
in line 1373<request>

{"type":"month data","board name":"yaoxuetao's stm32f103"}

<\request>
in line 1373<request>

{"type":"connect","board name":"yaoxuetao's stm32f103","client name":"anonymous 2023-04-15T06:17:46.147"}

<\request>
in line 1373<request>

{"type":"month data","board name":"yaoxuetao's stm32f103"}

<\request>
in line 1373<request>

{"type":"connect","board name":"CA3 IOT NODE(main node)","client name":"anonymous 2023-04-15T06:17:46.147"}

<\request>
in line 1373<request>

{"type":"month data","board name":"CA3 IOT NODE(main node)"}

<\request>
in line 1373<request>

{"type":"connect","board name":"CA3 IOT NODE(main node)","client name":"anonymous 2023-04-15T06:35:36.265"}

<\request>
in line 1373<request>

{"type":"month data","board name":"CA3 IOT NODE(main node)"}

<\request>
in line 1373<request>

{"type":"connect","board name":"yaoxuetao's stm32f103","client name":"anonymous 2023-04-15T06:35:36.265"}

<\request>
in line 1373<request>

{"type":"month data","board name":"yaoxuetao's stm32f103"}

<\request>
in line 1373<request>

{"type":"connect","board name":"CA3 IOT NODE(main node)","client name":"anonymous 2023-04-15T06:39:12.606"}

<\request>
in line 1373<request>

{"type":"month data","board name":"CA3 IOT NODE(main node)"}

<\request>
in line 1373<request>

{"type":"connect","board name":"CA3 IOT NODE(main node)","client name":"anonymous 2023-04-15T06:57:05.130"}

<\request>
in line 1373<request>

{"type":"month data","board name":"CA3 IOT NODE(main node)"}

<\request>
in line 1373<request>

{"type":"month data","board name":"CA3 IOT NODE(main node)"}

<\request>
in line 1373<request>

{"type":"month data","board name":"CA3 IOT NODE(main node)"}

<\request>
in line 1373<request>

{"type":"month data","board name":"CA3 IOT NODE(main node)"}

<\request>
in line 1373<request>

{"type":"connect","board name":"CA3 IOT NODE(main node)","client name":"anonymous 2023-04-15T07:16:15.304"}

<\request>
in line 1373<request>

{"type":"month data","board name":"CA3 IOT NODE(main node)"}

<\request>
in line 1373<request>

{"type":"connect","board name":"CA3 IOT NODE(main node)","client name":"anonymous 2023-04-15T07:49:48.043"}

<\request>
in line 1373<request>

{"type":"connect","board name":"CA3 IOT NODE(main node)","client name":"anonymous 2023-04-15T22:07:39.127"}

<\request>
in line 1373<request>

{"type":"connect","board name":"CA3 IOT NODE(main node)","client name":"anonymous 2023-04-16T02:25:32.802"}

<\request>
in line 1373<request>

{"type":"connect","board name":"CA3 IOT NODE(main node)","client name":"anonymous 2023-04-16T02:25:32.802"}

<\request>
in line 1373<request>

{"type":"month data","board name":"CA3 IOT NODE(main node)"}

<\request>
in line 1373<request>

{"type":"connect","board name":"CA3 IOT NODE(main node)","client name":"anonymous 2023-04-16T03:11:55.138"}

<\request>
in line 1367<request>

{"type":"connect","board name":"CA3 IOT NODE(main node)","client name":"anonymous 2023-04-16T13:33:54.124"}

<\request>
in line 1367<request>

{"type":"month data","board name":"CA3 IOT NODE(main node)"}

<\request>
in line 1367<request>

{"type":"month data","board name":"CA3 IOT NODE(main node)"}

<\request>
in line 1367<request>

{"type":"connect","board name":"CA3 IOT NODE(main node)","client name":"anonymous 2023-04-16T14:26:53.980"}

<\request>
in line 1367<request>

{"type":"connect","board name":"CA3 IOT NODE(main node)","client name":"anonymous 2023-04-16T14:28:21.688"}

<\request>
in line 1367<request>

{"type":"connect","board name":"yaoxuetao's stm32f103","client name":"anonymous 2023-04-16T14:28:21.688"}

<\request>
in line 1367<request>

{"type":"month data","board name":"yaoxuetao's stm32f103"}

<\request>
in line 1367<request>

{"type":"all faces"}

<\request>
in line 1367<request>

{"type":"all faces"}

<\request>
in line 1367<request>

{"type":"month data","board name":"yaoxuetao's stm32f103"}

<\request>
in line 1367<request>

{"type":"connect","board name":"yaoxuetao's stm32f103","client name":"anonymous 2023-04-16T14:28:21.688"}

<\request>
in line 1367<request>

{"type":"connect","board name":"CA3 IOT NODE(main node)","client name":"anonymous 2023-04-16T14:28:21.688"}

<\request>
in line 1367<request>

{"type":"connect","board name":"yaoxuetao's stm32f103","client name":"anonymous 2023-04-16T14:28:21.688"}

<\request>
in line 1367<request>

{"type":"connect","board name":"CA3 IOT NODE(main node)","client name":"anonymous 2023-04-16T14:28:21.688"}

<\request>
in line 1367<request>

{"type":"connect","board name":"CA3 IOT NODE(main node)","client name":"anonymous 2023-04-16T17:45:23.242"}

<\request>
in line 1367<request>

{"type":"connect","board name":"CA3 IOT NODE(main node)","client name":"anonymous 2023-04-16T17:54:10.844"}

<\request>
in line 1367<request>

{"type":"connect","board name":"CA3 IOT NODE(main node)","client name":"anonymous 2023-04-18T13:55:47.901"}

<\request>
in line 1367<request>

{"type":"connect","board name":"CA3 IOT NODE(main node)","client name":"anonymous 2023-04-18T14:19:30.435"}

<\request>
in line 1367<request>

{"type":"month data","board name":"CA3 IOT NODE(main node)"}

<\request>
in line 1367<request>

{"type":"connect","board name":"CA3 IOT NODE(main node)","client name":"anonymous 2023-04-18T14:19:39.417"}

<\request>
in line 1367<request>

{"type":"month data","board name":"CA3 IOT NODE(main node)"}

<\request>
in line 1367<request>

{"type":"connect","board name":"CA3 IOT NODE(main node)","client name":"anonymous 2023-04-18T14:19:48.966"}

<\request>
in line 1367<request>

{"type":"month data","board name":"CA3 IOT NODE(main node)"}

<\request>
in line 1367<request>

{"type":"month data","board name":"CA3 IOT NODE(main node)"}

<\request>
in line 1367<request>

{"type":"connect","board name":"CA3 IOT NODE(main node)","client name":"anonymous 2023-04-18T14:21:51.474"}

<\request>
in line 1367<request>

{"type":"month data","board name":"CA3 IOT NODE(main node)"}

<\request>
in line 1367<request>

{"type":"connect","board name":"CA3 IOT NODE(main node)","client name":"anonymous 2023-04-18T14:25:16.930"}

<\request>
in line 1367<request>

{"type":"month data","board name":"CA3 IOT NODE(main node)"}

<\request>
in line 1368<request>

{"type":"connect","board name":"CA3 IOT NODE(main node)","client name":"anonymous 2023-04-18T14:40:10.732"}

<\request>
in line 1368<request>

{"type":"month data","board name":"CA3 IOT NODE(main node)"}

<\request>
in line 1368<request>

{"type":"month data","board name":"CA3 IOT NODE(main node)"}

<\request>
in line 1368<request>

{"type":"connect","board name":"CA3 IOT NODE(main node)","client name":"anonymous 2023-04-18T18:26:09.274"}

<\request>
in line 1368<request>

{"type":"connect","board name":"CA3 IOT NODE(main node)","client name":"anonymous 2023-04-18T20:16:57.803"}

<\request>
in line 1368<request>

{"type":"month data","board name":"CA3 IOT NODE(main node)"}

<\request>
in line 1368<request>

{"type":"connect","board name":"CA3 IOT NODE(main node)","client name":"anonymous 2023-04-18T20:58:55.939"}

<\request>
in line 1368<request>

{"type":"month data","board name":"CA3 IOT NODE(main node)"}

<\request>
in line 1371<request>

{"type":"connect","board name":"CA3 IOT NODE(self node)","client name":"anonymous 2023-04-19T20:24:15.931"}

<\request>
in line 1371<request>

{"type":"connect","board name":"CA3 IOT NODE(self node)","client name":"anonymous 2023-04-19T20:24:15.931"}

<\request>
in line 1371<request>

{"type":"month data","board name":"CA3 IOT NODE(self node)"}

<\request>
in line 1371<request>

{"type":"month data","board name":"CA3 IOT NODE(self node)"}

<\request>
in line 1371<request>

{"type":"connect","board name":"CA3 IOT NODE(main node)","client name":"anonymous 2023-04-19T20:24:15.931"}

<\request>
in line 1371<request>

{"type":"connect","board name":"yaoxuetao's stm32f103","client name":"anonymous 2023-04-19T20:24:15.931"}

<\request>
in line 1371<request>

{"type":"month data","board name":"yaoxuetao's stm32f103"}

<\request>
in line 1371<request>

{"type":"month data","board name":"yaoxuetao's stm32f103"}

<\request>
in line 1371<request>

{"type":"connect","board name":"CA3 IOT NODE(self node)","client name":"anonymous 2023-04-19T20:24:15.931"}

<\request>
in line 1371<request>

{"type":"month data","board name":"CA3 IOT NODE(self node)"}

<\request>
in line 1371<request>

{"type":"month data","board name":"CA3 IOT NODE(self node)"}

<\request>
in line 1371<request>

{"type":"month data","board name":"CA3 IOT NODE(self node)"}

<\request>
in line 1371<request>

{"type":"month data","board name":"CA3 IOT NODE(self node)"}

<\request>
in line 1371<request>

{"type":"month data","board name":"CA3 IOT NODE(self node)"}

<\request>
in line 1371<request>

{"type":"connect","board name":"CA3 IOT NODE(main node)","client name":"anonymous 2023-04-19T20:24:15.931"}

<\request>
in line 1371<request>

{"type":"month data","board name":"CA3 IOT NODE(main node)"}

<\request>
in line 1371<request>

{"type":"connect","board name":"CA3 IOT NODE(self node)","client name":"anonymous 2023-04-19T20:24:15.931"}

<\request>
in line 1371<request>

{"type":"month data","board name":"CA3 IOT NODE(self node)"}

<\request>
in line 1371<request>

{"type":"connect","board name":"CA3 IOT NODE(main node)","client name":"anonymous 2023-04-19T20:24:15.931"}

<\request>
in line 1371<request>

{"type":"connect","board name":"CA3 IOT NODE(self node)","client name":"anonymous 2023-04-19T20:24:15.931"}

<\request>
in line 1371<request>

{"type":"month data","board name":"CA3 IOT NODE(self node)"}

<\request>
in line 1371<request>

{"type":"connect","board name":"CA3 IOT NODE(main node)","client name":"anonymous 2023-04-19T20:24:15.931"}

<\request>
in line 1371<request>

{"type":"month data","board name":"CA3 IOT NODE(main node)"}

<\request>
in line 1371<request>

{"type":"connect","board name":"CA3 IOT NODE(main node)","client name":"anonymous 2023-04-19T20:24:15.931"}

<\request>
in line 1371<request>

{"type":"connect","board name":"CA3 IOT NODE(main node)","client name":"anonymous 2023-04-19T22:35:01.458"}

<\request>
in line 1371<request>

{"type":"month data","board name":"CA3 IOT NODE(main node)"}

<\request>
in line 1371<request>

{"type":"connect","board name":"CA3 IOT NODE(main node)","client name":"anonymous 2023-04-19T22:35:01.458"}

<\request>
in line 1371<request>

{"type":"connect","board name":"CA3 IOT NODE(main node)","client name":"anonymous 2023-04-19T23:38:47.334"}

<\request>
in line 1371<request>

{"type":"connect","board name":"yaoxuetao's stm32f103","client name":"anonymous 2023-04-19T23:59:11.366"}

<\request>
in line 1371<request>

{"type":"month data","board name":"yaoxuetao's stm32f103"}

<\request>
in line 1371<request>

{"type":"month data","board name":"yaoxuetao's stm32f103"}

<\request>
in line 1371<request>

{"type":"connect","board name":"CA3 IOT NODE(main node)","client name":"anonymous 2023-04-20T00:08:20.859"}

<\request>
in line 1371<request>

{"type":"month data","board name":"CA3 IOT NODE(main node)"}

<\request>
in line 1371<request>

{"type":"connect","board name":"yaoxuetao's stm32f103","client name":"anonymous 2023-04-20T00:08:20.859"}

<\request>
in line 1371<request>

{"type":"month data","board name":"yaoxuetao's stm32f103"}

<\request>
in line 1371<request>

{"type":"connect","board name":"CA3 IOT NODE(main node)","client name":"anonymous 2023-04-20T00:36:04.144"}

<\request>
in line 1371<request>

{"type":"month data","board name":"CA3 IOT NODE(main node)"}

<\request>
in line 1371<request>

{"type":"connect","board name":"CA3 IOT NODE(self node)","client name":"anonymous 2023-04-20T01:10:44.115"}

<\request>
in line 1371<request>

{"type":"month data","board name":"CA3 IOT NODE(self node)"}

<\request>
in line 1371<request>

{"type":"month data","board name":"CA3 IOT NODE(self node)"}

<\request>
in line 1371<request>

{"type":"connect","board name":"CA3 IOT NODE(main node)","client name":"anonymous 2023-04-20T01:59:19.908"}

<\request>
in line 1371<request>

{"type":"month data","board name":"CA3 IOT NODE(main node)"}

<\request>
in line 1371<request>

{"type":"connect","board name":"CA3 IOT NODE(main node)","client name":"anonymous 2023-04-20T01:59:19.908"}

<\request>
in line 1371<request>

{"type":"connect","board name":"CA3 IOT NODE(self node)","client name":"anonymous 2023-04-20T01:59:19.908"}

<\request>
in line 1371<request>

{"type":"connect","board name":"CA3 IOT NODE(self node)","client name":"anonymous 2023-04-20T06:18:53.424"}

<\request>
in line 1371<request>

{"type":"connect","board name":"CA3 IOT NODE(main node)","client name":"anonymous 2023-04-20T06:18:53.424"}

<\request>
in line 1371<request>

{"type":"month data","board name":"CA3 IOT NODE(main node)"}

<\request>
in line 1371<request>

{"type":"connect","board name":"CA3 IOT NODE(main node)","client name":"anonymous 2023-04-20T08:06:13.675"}

<\request>
in line 1371<request>

{"type":"month data","board name":"CA3 IOT NODE(main node)"}

<\request>
in line 1371<request>

{"type":"month data","board name":"CA3 IOT NODE(main node)"}

<\request>
in line 1371<request>

{"type":"connect","board name":"CA3 IOT NODE(main node)","client name":"anonymous 2023-04-20T10:49:34.079"}

<\request>
in line 1371<request>

{"type":"month data","board name":"CA3 IOT NODE(main node)"}

<\request>
in line 1371<request>

{"type":"connect","board name":"CA3 IOT NODE(main node)","client name":"anonymous 2023-04-20T10:52:59.954"}

<\request>
in line 1371<request>

{"type":"month data","board name":"CA3 IOT NODE(main node)"}

<\request>
in line 1371<request>

{"type":"connect","board name":"CA3 IOT NODE(self node)","client name":"anonymous 2023-04-20T10:52:59.954"}

<\request>
in line 1371<request>

{"type":"month data","board name":"CA3 IOT NODE(self node)"}

<\request>
in line 1371<request>

{"type":"connect","board name":"CA3 IOT NODE(main node)","client name":"anonymous 2023-04-20T10:52:59.954"}

<\request>
in line 1371<request>

{"type":"month data","board name":"CA3 IOT NODE(main node)"}

<\request>
in line 1371<request>

{"type":"connect","board name":"CA3 IOT NODE(main node)","client name":"anonymous 2023-04-21T01:30:47.182"}

<\request>
in line 1371<request>

{"type":"month data","board name":"CA3 IOT NODE(main node)"}

<\request>
in line 1371<request>

{"type":"month data","board name":"CA3 IOT NODE(main node)"}

<\request>
in line 1371<request>

{"type":"connect","board name":"CA3 IOT NODE(self node)","client name":"anonymous 2023-04-21T01:40:54.883"}

<\request>
in line 1371<request>

{"type":"connect","board name":"CA3 IOT NODE(main node)","client name":"anonymous 2023-04-21T01:46:59.725"}

<\request>
in line 1371<request>

{"type":"month data","board name":"CA3 IOT NODE(main node)"}

<\request>
in line 1371<request>

{"type":"connect","board name":"CA3 IOT NODE(main node)","client name":"anonymous 2023-04-21T01:51:12.472"}

<\request>
in line 1371<request>

{"type":"connect","board name":"yaoxuetao's stm32f103","client name":"anonymous 2023-04-21T15:42:57.300"}

<\request>
in line 1371<request>

{"type":"connect","board name":"CA3 IOT NODE(main node)","client name":"anonymous 2023-04-21T15:47:14.581"}

<\request>
in line 1371<request>

{"type":"connect","board name":"CA3 IOT NODE(self node)","client name":"anonymous 2023-04-21T15:56:04.065"}

<\request>
in line 1371<request>

{"type":"connect","board name":"CA3 IOT NODE(self node)","client name":"anonymous 2023-04-22T01:20:58.313"}

<\request>
in line 1371<request>

{"type":"month data","board name":"CA3 IOT NODE(self node)"}

<\request>
in line 1371<request>

{"type":"connect","board name":"CA3 IOT NODE(main node)","client name":"anonymous 2023-04-22T01:24:57.612"}

<\request>
in line 1371<request>

{"type":"month data","board name":"CA3 IOT NODE(main node)"}

<\request>
in line 1371<request>

{"type":"connect","board name":"CA3 IOT NODE(self node)","client name":"anonymous 2023-04-22T01:24:57.612"}

<\request>
in line 1371<request>

{"type":"month data","board name":"CA3 IOT NODE(self node)"}

<\request>
in line 1371<request>

{"type":"connect","board name":"CA3 IOT NODE(self node)","client name":"anonymous 2023-04-22T01:30:57.641"}

<\request>
in line 1371<request>

{"type":"month data","board name":"CA3 IOT NODE(self node)"}

<\request>
in line 1371<request>

{"type":"connect","board name":"CA3 IOT NODE(self node)","client name":"anonymous 2023-04-22T01:33:12.335"}

<\request>
in line 1371<request>

{"type":"month data","board name":"CA3 IOT NODE(self node)"}

<\request>
in line 1371<request>

{"type":"connect","board name":"CA3 IOT NODE(main node)","client name":"anonymous 2023-04-22T01:44:39.725"}

<\request>
in line 1371<request>

{"type":"month data","board name":"CA3 IOT NODE(main node)"}

<\request>
in line 1370<request>

{"type":"connect","board name":"CA3 IOT NODE(self node)","client name":"anonymous 2023-04-22T01:57:01.840"}

<\request>
in line 1370<request>

{"type":"month data","board name":"CA3 IOT NODE(self node)"}

<\request>
in line 1370<request>

{"type":"connect","board name":"CA3 IOT NODE(main node)","client name":"anonymous 2023-04-22T01:57:01.840"}

<\request>
in line 1370<request>

{"type":"month data","board name":"CA3 IOT NODE(main node)"}

<\request>
in line 1370<request>

{"type":"connect","board name":"CA3 IOT NODE(main node)","client name":"anonymous 2023-04-22T09:46:27.606"}

<\request>
in line 1370<request>

{"type":"month data","board name":"CA3 IOT NODE(main node)"}

<\request>
in line 1370<request>

{"type":"connect","board name":"CA3 IOT NODE(main node)","client name":"anonymous 2023-04-22T10:31:40.740"}

<\request>
in line 1370<request>

{"type":"month data","board name":"CA3 IOT NODE(main node)"}

<\request>
in line 1370<request>

{"type":"connect","board name":"CA3 IOT NODE(self node)","client name":"anonymous 2023-04-22T10:31:40.740"}

<\request>
in line 1370<request>

{"type":"month data","board name":"CA3 IOT NODE(self node)"}

<\request>
in line 1370<request>

{"type":"month data","board name":"CA3 IOT NODE(self node)"}

<\request>
in line 1370<request>

{"type":"connect","board name":"CA3 IOT NODE(main node)","client name":"anonymous 2023-04-22T11:11:27.963"}

<\request>
in line 1370<request>

{"type":"connect","board name":"CA3 IOT NODE(main node)","client name":"anonymous 2023-04-22T11:21:06.002"}

<\request>
in line 1370<request>

{"type":"month data","board name":"CA3 IOT NODE(main node)"}

<\request>
in line 1370<request>

{"type":"connect","board name":"CA3 IOT NODE(main node)","client name":"anonymous 2023-04-22T11:25:08.192"}

<\request>
in line 1370<request>

{"type":"connect","board name":"CA3 IOT NODE(self node)","client name":"anonymous 2023-04-22T13:40:23.851"}

<\request>
in line 1370<request>

{"type":"connect","board name":"CA3 IOT NODE(self node)","client name":"anonymous 2023-04-22T13:44:56.427"}

<\request>
in line 1370<request>

{"type":"month data","board name":"CA3 IOT NODE(self node)"}

<\request>
in line 1370<request>

{"type":"month data","board name":"CA3 IOT NODE(self node)"}

<\request>
in line 1370<request>

{"type":"month data","board name":"CA3 IOT NODE(self node)"}

<\request>
in line 1370<request>

{"type":"connect","board name":"CA3 IOT NODE(main node)","client name":"anonymous 2023-04-22T15:10:47.729"}

<\request>
in line 1370<request>

{"type":"month data","board name":"CA3 IOT NODE(main node)"}

<\request>
in line 1370<request>

{"type":"month data","board name":"CA3 IOT NODE(main node)"}

<\request>
in line 1370<request>

{"type":"connect","board name":"CA3 IOT NODE(main node)","client name":"anonymous 2023-04-22T17:31:17.907"}

<\request>
in line 1370<request>

{"type":"month data","board name":"CA3 IOT NODE(main node)"}

<\request>
in line 1370<request>

{"type":"connect","board name":"CA3 IOT NODE(self node)","client name":"anonymous 2023-04-22T17:31:17.907"}

<\request>
in line 1370<request>

{"type":"month data","board name":"CA3 IOT NODE(self node)"}

<\request>
in line 1370<request>

{"type":"connect","board name":"CA3 IOT NODE(self node)","client name":"anonymous 2023-04-22T18:03:34.930"}

<\request>
in line 1370<request>

{"type":"month data","board name":"CA3 IOT NODE(self node)"}

<\request>
in line 1370<request>

{"type":"connect","board name":"CA3 IOT NODE(self node)","client name":"anonymous 2023-04-22T18:26:29.396"}

<\request>
in line 1370<request>

{"type":"month data","board name":"CA3 IOT NODE(self node)"}

<\request>
in line 1370<request>

{"type":"connect","board name":"CA3 IOT NODE(main node)","client name":"anonymous 2023-04-22T18:26:29.396"}

<\request>
in line 1370<request>

{"type":"month data","board name":"CA3 IOT NODE(main node)"}

<\request>
in line 1370<request>

{"type":"connect","board name":"CA3 IOT NODE(self node)","client name":"anonymous 2023-04-22T21:12:20.897"}

<\request>
in line 1370<request>

{"type":"connect","board name":"CA3 IOT NODE(main node)","client name":"anonymous 2023-04-22T21:44:36.183"}

<\request>
in line 1370<request>

{"type":"month data","board name":"CA3 IOT NODE(main node)"}

<\request>
in line 1370<request>

{"type":"connect","board name":"CA3 IOT NODE(self node)","client name":"anonymous 2023-04-23T08:01:19.253"}

<\request>
in line 1370<request>

{"type":"month data","board name":"CA3 IOT NODE(self node)"}

<\request>
in line 1370<request>

{"type":"connect","board name":"CA3 IOT NODE(main node)","client name":"anonymous 2023-04-23T09:45:20.279"}

<\request>
in line 1370<request>

{"type":"connect","board name":"CA3 IOT NODE(main node)","client name":"anonymous 2023-04-23T16:56:10.979"}

<\request>
in line 1370<request>

{"type":"month data","board name":"CA3 IOT NODE(main node)"}

<\request>
in line 1370<request>

{"type":"connect","board name":"CA3 IOT NODE(main node)","client name":"anonymous 2023-04-23T16:56:10.979"}

<\request>
in line 1370<request>

{"type":"connect","board name":"CA3 IOT NODE(self node)","client name":"anonymous 2023-04-23T16:56:10.979"}

<\request>
in line 1370<request>

{"type":"connect","board name":"CA3 IOT NODE(self node)","client name":"anonymous 2023-04-23T18:28:31.134"}

<\request>
in line 1370<request>

{"type":"connect","board name":"CA3 IOT NODE(self node)","client name":"anonymous 2023-04-23T18:28:31.134"}

<\request>
in line 1378<request>

{"type":"connect","board name":"CA3 IOT NODE(self node)","client name":"anonymous 2023-04-23T18:28:31.134"}

<\request>
in line 1378<request>

{"type":"month data","board name":"CA3 IOT NODE(self node)"}

<\request>
in line 1378<request>

{"type":"connect","board name":"yaoxuetao's stm32f103","client name":"anonymous 2023-04-23T18:28:31.134"}

<\request>
in line 1378<request>

{"type":"month data","board name":"yaoxuetao's stm32f103"}

<\request>
in line 1378<request>

{"type":"connect","board name":"CA3 IOT NODE(main node)","client name":"anonymous 2023-04-23T18:28:31.134"}

<\request>
in line 1378<request>

{"type":"connect","board name":"CA3 IOT NODE(self node)","client name":"anonymous 2023-04-23T18:28:31.134"}

<\request>
in line 1378<request>

{"type":"month data","board name":"CA3 IOT NODE(self node)"}

<\request>
in line 1378<request>

{"type":"connect","board name":"CA3 IOT NODE(self node)","client name":"anonymous 2023-04-24T03:01:43.565"}

<\request>
in line 1378<request>

{"type":"connect","board name":"CA3 IOT NODE(self node)","client name":"anonymous 2023-04-24T03:01:43.565"}

<\request>
in line 1378<request>

{"type":"connect","board name":"CA3 IOT NODE(self node)","client name":"anonymous 2023-04-24T03:01:43.565"}

<\request>
in line 1378<request>

{"type":"connect","board name":"CA3 IOT NODE(self node)","client name":"anonymous 2023-04-24T06:31:11.051"}

<\request>
in line 1378<request>

{"type":"connect","board name":"CA3 IOT NODE(self node)","client name":"anonymous 2023-04-24T06:31:11.051"}

<\request>
in line 1378<request>

{"type":"connect","board name":"CA3 IOT NODE(self node)","client name":"anonymous 2023-04-24T06:31:11.051"}

<\request>
in line 1378<request>

{"type":"connect","board name":"CA3 IOT NODE(self node)","client name":"anonymous 2023-04-24T15:16:47.602"}

<\request>
in line 1378<request>

{"type":"connect","board name":"CA3 IOT NODE(self node)","client name":"anonymous 2023-04-24T15:16:47.602"}

<\request>
in line 1378<request>

{"type":"connect","board name":"CA3 IOT NODE(self node)","client name":"anonymous 2023-04-24T15:16:47.602"}

<\request>
in line 1378<request>

{"type":"connect","board name":"CA3 IOT NODE(self node)","client name":"anonymous 2023-04-24T15:16:47.602"}

<\request>
in line 1378<request>

{"type":"connect","board name":"CA3 IOT NODE(self node)","client name":"anonymous 2023-04-24T17:45:34.590"}

<\request>
in line 1378<request>

{"type":"connect","board name":"CA3 IOT NODE(self node)","client name":"anonymous 2023-04-24T20:54:47.802"}

<\request>
in line 1378<request>

{"type":"month data","board name":"CA3 IOT NODE(self node)"}

<\request>
in line 1378<request>

{"type":"connect","board name":"CA3 IOT NODE(self node)","client name":"anonymous 2023-04-24T23:57:46.780"}

<\request>
in line 1378<request>

{"type":"month data","board name":"CA3 IOT NODE(self node)"}

<\request>
in line 1378<request>

{"type":"connect","board name":"CA3 IOT NODE(self node)","client name":"anonymous 2023-04-25T00:12:10.391"}

<\request>
in line 1378<request>

{"type":"connect","board name":"CA3 IOT NODE(self node)","client name":"anonymous 2023-04-25T18:17:36.845"}

<\request>
in line 1378<request>



<\request>


(on Wed Apr 26 18:36:37 2023
)<request>

in line 1378

{"type":"connect","board name":"CA3 IOT NODE(self node)","client name":"anonymous 2023-04-26T18:36:35.420"}



<\request>



(on Wed Apr 26 18:37:15 2023
)<request>

in line 1378

{"type":"month data","board name":"CA3 IOT NODE(self node)"}



<\request>



(on Wed Apr 26 21:01:57 2023
)<request>

in line 1378

{"type":"connect","board name":"CA3 IOT NODE(self node)","client name":"anonymous 2023-04-26T18:36:35.420"}



<\request>



(on Wed Apr 26 21:07:25 2023
)<request>

in line 1378

{"type":"connect","board name":"CA3 IOT NODE(self node)","client name":"anonymous 2023-04-26T21:07:23.239"}



<\request>



(on Wed Apr 26 21:52:17 2023
)<request>

in line 1378

{"type":"connect","board name":"yaoxuetao's stm32f103","client name":"anonymous 2023-04-26T21:52:12.094"}



<\request>



(on Wed Apr 26 21:52:20 2023
)<request>

in line 1378

{"type":"month data","board name":"yaoxuetao's stm32f103"}



<\request>



(on Wed Apr 26 21:53:29 2023
)<request>

in line 1378

{"type":"connect","board name":"CA3 IOT NODE(self node)","client name":"anonymous 2023-04-26T21:52:12.094"}



<\request>



(on Wed Apr 26 21:53:31 2023
)<request>

in line 1378

{"type":"month data","board name":"CA3 IOT NODE(self node)"}



<\request>



(on Wed Apr 26 21:53:40 2023
)<request>

in line 1378

{"type":"connect","board name":"yaoxuetao's stm32f103","client name":"anonymous 2023-04-26T21:52:12.094"}



<\request>



(on Wed Apr 26 21:56:32 2023
)<request>

in line 1378

{"type":"connect","board name":"yaoxuetao's stm32f103","client name":"anonymous 2023-04-26T21:56:29.141"}



<\request>



(on Wed Apr 26 22:11:30 2023
)<request>

in line 1378

{"type":"connect","board name":"CA3 IOT NODE(self node)","client name":"anonymous 2023-04-26T21:56:29.141"}



<\request>



(on Wed Apr 26 22:22:37 2023
)<request>

in line 1378

{"type":"connect","board name":"CA3 IOT NODE(self node)","client name":"anonymous 2023-04-26T21:56:29.141"}



<\request>



(on Wed Apr 26 22:38:36 2023
)<request>

in line 1378

{"type":"connect","board name":"CA3 IOT NODE(self node)","client name":"anonymous 2023-04-26T22:38:28.909"}



<\request>



(on Wed Apr 26 22:47:50 2023
)<request>

in line 1378

{"type":"connect","board name":"yaoxuetao's stm32f103","client name":"anonymous 2023-04-26T22:47:45.622"}



<\request>



(on Wed Apr 26 22:47:53 2023
)<request>

in line 1378

{"type":"month data","board name":"yaoxuetao's stm32f103"}



<\request>



(on Wed Apr 26 23:06:57 2023
)<request>

in line 1378

{"type":"connect","board name":"yaoxuetao's stm32f103","client name":"anonymous 2023-04-26T22:47:45.622"}



<\request>



(on Thu Apr 27 07:22:08 2023
)<request>

in line 1378

{"type":"connect","board name":"CA3 IOT NODE(self node)","client name":"anonymous 2023-04-27T07:22:04.225"}



<\request>



(on Fri Apr 28 02:29:49 2023
)<request>

in line 1378

{"type":"connect","board name":"CA3 IOT NODE(self node)","client name":"anonymous 2023-04-28T02:29:45.776"}



<\request>



(on Fri Apr 28 02:30:31 2023
)<request>

in line 1378

{"type":"connect","board name":"CA3 IOT NODE(self node)","client name":"anonymous 2023-04-28T02:29:45.776"}



<\request>



(on Fri Apr 28 02:36:46 2023
)<request>

in line 1378

{"type":"connect","board name":"CA3 IOT NODE(self node)","client name":"anonymous 2023-04-28T02:29:45.776"}



<\request>



(on Fri Apr 28 02:36:48 2023
)<request>

in line 1378

{"type":"month data","board name":"CA3 IOT NODE(self node)"}



<\request>



(on Fri Apr 28 02:53:50 2023
)<request>

in line 1378

{"type":"connect","board name":"yaoxuetao's stm32f103","client name":"anonymous 2023-04-28T02:29:45.776"}



<\request>



(on Fri Apr 28 03:00:16 2023
)<request>

in line 1378

{"type":"connect","board name":"CA3 IOT NODE(self node)","client name":"anonymous 2023-04-28T02:29:45.776"}



<\request>



(on Fri Apr 28 03:00:21 2023
)<request>

in line 1378

{"type":"connect","board name":"yaoxuetao's stm32f103","client name":"anonymous 2023-04-28T02:29:45.776"}



<\request>



(on Fri Apr 28 03:01:36 2023
)<request>

in line 1378

{"type":"connect","board name":"CA3 IOT NODE(self node)","client name":"anonymous 2023-04-28T02:29:45.776"}



<\request>



(on Fri Apr 28 04:12:22 2023
)<request>

in line 1378

{"type":"connect","board name":"yaoxuetao's stm32f103","client name":"anonymous 2023-04-28T03:40:42.219"}



<\request>



(on Fri Apr 28 04:12:30 2023
)<request>

in line 1378

{"type":"connect","board name":"CA3 IOT NODE(self node)","client name":"anonymous 2023-04-28T03:40:42.219"}



<\request>



(on Fri Apr 28 09:18:04 2023
)<request>

in line 1378

{"type":"connect","board name":"CA3 IOT NODE(self node)","client name":"anonymous 2023-04-28T04:50:55.967"}



<\request>



(on Fri Apr 28 09:19:49 2023
)<request>

in line 1378

{"type":"connect","board name":"CA3 IOT NODE(self node)","client name":"anonymous 2023-04-28T04:50:55.967"}



<\request>



(on Fri Apr 28 09:56:00 2023
)<request>

in line 1378

{"type":"connect","board name":"yaoxuetao's stm32f103","client name":"anonymous 2023-04-28T04:50:55.967"}



<\request>



(on Fri Apr 28 11:31:32 2023
)<request>

in line 1378

{"type":"connect","board name":"CA3 IOT NODE(self node)","client name":"anonymous 2023-04-28T11:31:27.594151"}



<\request>



(on Fri Apr 28 14:20:00 2023
)<request>

in line 1378

{"type":"connect","board name":"CA3 IOT NODE(self node)","client name":"anonymous 2023-04-28T04:50:55.967"}



<\request>



(on Fri Apr 28 14:22:26 2023
)<request>

in line 1378

{"type":"connect","board name":"yaoxuetao's stm32f103","client name":"anonymous 2023-04-28T14:22:24.692"}



<\request>



(on Fri Apr 28 14:22:30 2023
)<request>

in line 1378

{"type":"month data","board name":"yaoxuetao's stm32f103"}



<\request>



(on Fri Apr 28 14:29:42 2023
)<request>

in line 1378

{"type":"connect","board name":"CA3 IOT NODE(self node)","client name":"anonymous 2023-04-28T14:29:32.038"}



<\request>



(on Fri Apr 28 15:47:56 2023
)<request>

in line 1378





<\request>



(on Fri Apr 28 21:41:50 2023
)<request>

in line 1378

{"type":"connect","board name":"CA3 IOT NODE(self node)","client name":"anonymous 2023-04-28T20:59:56.417"}



<\request>



(on Sat Apr 29 03:05:46 2023
)<request>

in line 1378

{"type":"connect","board name":"CA3 IOT NODE(self node)","client name":"anonymous 2023-04-29T01:27:21.632"}



<\request>



(on Sat Apr 29 03:11:12 2023
)<request>

in line 1378

{"type":"connect","board name":"CA3 IOT NODE(self node)","client name":"anonymous 2023-04-29T03:11:08.649"}



<\request>



(on Sat Apr 29 03:37:14 2023
)<request>

in line 1378

{"type":"connect","board name":"CA3 IOT NODE(self node)","client name":"anonymous 2023-04-29T03:37:10.178"}



<\request>



(on Sat Apr 29 05:23:53 2023
)<request>

in line 1378

{"type":"connect","board name":"CA3 IOT NODE(self node)","client name":"anonymous 2023-04-29T05:23:50.339"}



<\request>



(on Sat Apr 29 11:14:45 2023
)<request>

in line 1378

{"type":"connect","board name":"CA3 IOT NODE(self node)","client name":"anonymous 2023-04-29T10:14:19.067"}



<\request>



(on Sat Apr 29 15:22:09 2023
)<request>

in line 1378

{"type":"connect","board name":"CA3 IOT NODE(self node)","client name":"anonymous 2023-04-29T15:22:04.091"}



<\request>



(on Sat Apr 29 17:20:47 2023
)<request>

in line 1378

{"type":"connect","board name":"CA3 IOT NODE(self node)","client name":"anonymous 2023-04-29T17:20:44.723"}



<\request>



(on Sun Apr 30 07:14:14 2023
)<request>

in line 1378

{"type":"connect","board name":"CA3 IOT NODE(self node)","client name":"anonymous 2023-04-30T07:14:13.309"}



<\request>



(on Sun Apr 30 07:14:21 2023
)<request>

in line 1378

{"type":"month data","board name":"CA3 IOT NODE(self node)"}



<\request>



(on Sun Apr 30 11:51:04 2023
)<request>

in line 1378

{"type":"connect","board name":"CA3 IOT NODE(self node)","client name":"anonymous 2023-04-30T11:51:00.106"}



<\request>



(on Sun Apr 30 12:51:32 2023
)<request>

in line 1378

{"type":"connect","board name":"CA3 IOT NODE(self node)","client name":"anonymous 2023-04-30T12:51:27.134"}



<\request>



(on Sun Apr 30 16:16:35 2023
)<request>

in line 1378

{"type":"connect","board name":"CA3 IOT NODE(self node)","client name":"anonymous 2023-04-30T16:16:33.764"}



<\request>



(on Mon May  1 16:44:08 2023
)<request>

in line 1378

{"type":"connect","board name":"CA3 IOT NODE(self node)","client name":"anonymous 2023-05-01T15:43:01.142"}



<\request>



(on Mon May  1 16:44:28 2023
)<request>

in line 1378

{"type":"connect","board name":"CA3 IOT NODE(self node)","client name":"anonymous 2023-05-01T15:43:01.142"}



<\request>



(on Mon May  1 16:58:02 2023
)<request>

in line 1378

{"type":"connect","board name":"CA3 IOT NODE(self node)","client name":"anonymous 2023-05-01T16:55:00.955"}



<\request>



(on Mon May  1 16:58:38 2023
)<request>

in line 1378

{"type":"connect","board name":"CA3 IOT NODE(self node)","client name":"anonymous 2023-05-01T16:58:31.888"}



<\request>



(on Mon May  1 17:12:50 2023
)<request>

in line 1378

{"type":"connect","board name":"CA3 IOT NODE(self node)","client name":"anonymous 2023-05-01T17:12:48.585"}



<\request>



(on Mon May  1 19:57:46 2023
)<request>

in line 1378

{"type":"connect","board name":"CA3 IOT NODE(self node)","client name":"anonymous 2023-05-01T19:57:44.513"}



<\request>



(on Mon May  1 19:57:53 2023
)<request>

in line 1378

{"type":"month data","board name":"CA3 IOT NODE(self node)"}



<\request>



(on Mon May  1 19:58:00 2023
)<request>

in line 1378

{"type":"month data","board name":"CA3 IOT NODE(self node)"}



<\request>



(on Mon May  1 19:58:19 2023
)<request>

in line 1378

{"type":"month data","board name":"CA3 IOT NODE(self node)"}



<\request>



(on Mon May  1 19:59:50 2023
)<request>

in line 1378

{"type":"connect","board name":"CA3 IOT NODE(self node)","client name":"anonymous 2023-05-01T19:59:46.630"}



<\request>



(on Mon May  1 19:59:53 2023
)<request>

in line 1378

{"type":"month data","board name":"CA3 IOT NODE(self node)"}



<\request>



(on Mon May  1 20:04:40 2023
)<request>

in line 1378

{"type":"connect","board name":"CA3 IOT NODE(self node)","client name":"anonymous 2023-05-01T19:59:46.630"}



<\request>



(on Mon May  1 20:45:38 2023
)<request>

in line 1378

{"type":"connect","board name":"CA3 IOT NODE(self node)","client name":"anonymous 2023-05-01T20:45:36.009"}



<\request>



(on Tue May  2 07:21:01 2023
)<request>

in line 1378

{"type":"connect","board name":"CA3 IOT NODE(self node)","client name":"anonymous 2023-05-02T07:09:33.541"}



<\request>



(on Tue May  2 07:47:15 2023
)<request>

in line 1378

{"type":"connect","board name":"CA3 IOT NODE(self node)","client name":"anonymous 2023-05-02T07:47:12.830"}



<\request>



(on Tue May  2 11:26:11 2023
)<request>

in line 1378

{"type":"connect","board name":"CA3 IOT NODE(self node)","client name":"anonymous 2023-05-02T11:25:14.112"}



<\request>



(on Tue May  2 13:45:38 2023
)<request>

in line 1378

{"type":"connect","board name":"CA3 IOT NODE(self node)","client name":"anonymous 2023-05-02T13:45:36.423"}



<\request>



(on Tue May  2 13:49:27 2023
)<request>

in line 1378

{"type":"connect","board name":"CA3 IOT NODE(self node)","client name":"anonymous 2023-05-02T13:49:25.195"}



<\request>



(on Tue May  2 13:51:06 2023
)<request>

in line 1378

{"type":"connect","board name":"CA3 IOT NODE(self node)","client name":"anonymous 2023-05-02T13:50:58.587"}



<\request>



(on Tue May  2 13:51:19 2023
)<request>

in line 1378

{"type":"month data","board name":"CA3 IOT NODE(self node)"}



<\request>



(on Tue May  2 13:51:28 2023
)<request>

in line 1378

{"type":"month data","board name":"CA3 IOT NODE(self node)"}



<\request>



(on Tue May  2 13:51:34 2023
)<request>

in line 1378

{"type":"month data","board name":"CA3 IOT NODE(self node)"}



<\request>



(on Tue May  2 14:30:59 2023
)<request>

in line 1378

{"type":"connect","board name":"CA3 IOT NODE(self node)","client name":"anonymous 2023-05-02T14:30:57.293"}



<\request>



(on Tue May  2 14:40:21 2023
)<request>

in line 1378

{"type":"connect","board name":"CA3 IOT NODE(self node)","client name":"anonymous 2023-05-02T14:40:19.051"}



<\request>



(on Tue May  2 17:39:29 2023
)<request>

in line 1378

{"type":"connect","board name":"CA3 IOT NODE(self node)","client name":"anonymous 2023-05-02T17:39:28.563"}



<\request>



(on Tue May  2 19:02:47 2023
)<request>

in line 1378

{"type":"connect","board name":"CA3 IOT NODE(self node)","client name":"anonymous 2023-05-02T19:02:45.280"}



<\request>



(on Wed May  3 06:31:27 2023
)<request>

in line 1378

{"type":"connect","board name":"CA3 IOT NODE(self node)","client name":"anonymous 2023-05-03T06:31:24.597"}



<\request>



(on Wed May  3 13:43:01 2023
)<request>

in line 1378





<\request>



(on Wed May  3 15:22:20 2023
)<request>

in line 1378

{"type":"connect","board name":"CA3 IOT NODE(self node)","client name":"anonymous 2023-05-03T15:22:19.037"}



<\request>



(on Wed May  3 17:14:27 2023
)<request>

in line 1378

{"type":"connect","board name":"CA3 IOT NODE(self node)","client name":"anonymous 2023-05-03T17:14:25.718"}



<\request>



(on Wed May  3 18:34:33 2023
)<request>

in line 1378





<\request>



(on Thu May  4 10:16:42 2023
)<request>

in line 1378

{"type":"connect","board name":"CA3 IOT NODE(self node)","client name":"anonymous 2023-05-04T10:16:39.284"}



<\request>



(on Thu May  4 10:23:12 2023
)<request>

in line 1378

{"type":"connect","board name":"CA3 IOT NODE(self node)","client name":"anonymous 2023-05-04T10:16:39.284"}



<\request>



(on Thu May  4 10:57:05 2023
)<request>

in line 1378

{"type":"connect","board name":"CA3 IOT NODE(self node)","client name":"anonymous 2023-05-04T10:57:03.407"}



<\request>



(on Sun May  7 21:00:43 2023
)<request>

in line 1378

{"type":"connect","board name":"yaoxuetao's stm32f103","client name":"anonymous 2023-05-07T21:00:41.084"}



<\request>



(on Sun May  7 21:00:48 2023
)<request>

in line 1378

{"type":"connect","board name":"CA3 IOT NODE(self node)","client name":"anonymous 2023-05-07T21:00:41.084"}



<\request>



(on Sun May  7 21:00:58 2023
)<request>

in line 1378

{"type":"month data","board name":"CA3 IOT NODE(self node)"}



<\request>



(on Sun May  7 21:43:04 2023
)<request>

in line 1378

{"type":"connect","board name":"yaoxuetao's stm32f103","client name":"anonymous 2023-05-07T21:42:59.824"}



<\request>



(on Mon May  8 02:02:50 2023
)<request>

in line 1378

{"type":"connect","board name":"CA3 IOT NODE(self node)","client name":"anonymous 2023-05-07T22:20:27.562"}



<\request>



(on Mon May  8 02:06:51 2023
)<request>

in line 1378

{"type":"connect","board name":"CA3 IOT NODE(self node)","client name":"anonymous 2023-05-07T22:20:27.562"}



<\request>



(on Mon May  8 02:07:37 2023
)<request>

in line 1378

{"type":"connect","board name":"yaoxuetao's stm32f103","client name":"anonymous 2023-05-07T22:20:27.562"}



<\request>



(on Mon May  8 02:07:45 2023
)<request>

in line 1378

{"type":"connect","board name":"yaoxuetao's stm32f103","client name":"anonymous 2023-05-07T22:20:27.562"}



<\request>



(on Mon May  8 02:07:50 2023
)<request>

in line 1378

{"type":"month data","board name":"yaoxuetao's stm32f103"}



<\request>



(on Mon May  8 02:07:59 2023
)<request>

in line 1378

{"type":"connect","board name":"CA3 IOT NODE(self node)","client name":"anonymous 2023-05-07T22:20:27.562"}



<\request>



(on Mon May  8 02:49:33 2023
)<request>

in line 1378

{"type":"connect","board name":"yaoxuetao's stm32f103","client name":"anonymous 2023-05-07T22:20:27.562"}



<\request>



(on Mon May  8 12:45:30 2023
)<request>

in line 1378

{"type":"connect","board name":"CA3 IOT NODE(self node)","client name":"anonymous 2023-05-08T12:45:27.047"}



<\request>



(on Thu Jun 29 11:37:26 2023
)<request>

in line 1378

{"type":"connect","board name":"yaoxuetao's stm32f103","client name":"anonymous 2023-06-29T11:37:17.240"}



<\request>



(on Thu Jun 29 11:37:26 2023
)<record epoll_ctl_del>

in line 1426epoll(n=-1,fd=8,errno=9,Bad file descriptor)

<\record epoll_ctl_del>



(on Thu Jun 29 11:39:08 2023
)<request>

in line 1378

{"type":"connect","board name":"yaoxuetao's stm32f103","client name":"anonymous 2023-06-29T11:39:06.420"}



<\request>



(on Thu Jun 29 11:40:33 2023
)<request>

in line 1378

{"type":"month data","board name":"yaoxuetao's stm32f103"}



<\request>



(on Thu Jun 29 11:40:44 2023
)<request>

in line 1378

{"type":"connect","board name":"yaoxuetao's stm32f103","client name":"anonymous 2023-06-29T11:39:06.420"}



<\request>



(on Thu Jun 29 11:53:01 2023
)<request>

in line 1378

{"type":"connect","board name":"yaoxuetao's stm32f103","client name":"anonymous 2023-06-29T11:52:35.951"}



<\request>



(on Sat Jul  1 12:40:03 2023
)<request>

in line 1378

{"type":"connect","board name":"hello esp8266","client name":"anonymous 2023-07-01T12:37:34.907"}



<\request>



(on Sat Jul  1 12:40:08 2023
)<request>

in line 1378

{"type":"month data","board name":"hello esp8266"}



<\request>



(on Sat Jul  1 12:40:12 2023
)<request>

in line 1378

{"type":"month data","board name":"hello esp8266"}



<\request>



(on Sat Jul  1 12:43:42 2023
)<request>

in line 1378

{"type":"connect","board name":"hello esp8266","client name":"anonymous 2023-07-01T12:43:39.135"}



<\request>



(on Sat Jul  1 12:55:56 2023
)<request>

in line 1378

{"type":"connect","board name":"hello esp8266","client name":"anonymous 2023-07-01T12:44:55.148"}



<\request>



(on Sat Jul  1 13:05:07 2023
)<request>

in line 1378

{"type":"connect","board name":"hello esp8266","client name":"anonymous 2023-07-01T13:05:04.236"}



<\request>



(on Sat Jul  1 15:45:55 2023
)<request>

in line 1378

{"type":"connect","board name":"hello esp8266","client name":"anonymous 2023-07-01T15:38:19.498"}



<\request>



(on Sat Jul  1 16:02:27 2023
)<request>

in line 1378

{"type":"connect","board name":"hello esp8266","client name":"anonymous 2023-07-01T16:02:23.302"}



<\request>



(on Sat Jul  1 16:04:35 2023
)<request>

in line 1378

{"type":"connect","board name":"hello esp8266","client name":"anonymous 2023-07-01T16:04:31.613"}



<\request>



(on Sat Jul  1 16:04:52 2023
)<request>

in line 1378

{"type":"month data","board name":"hello esp8266"}



<\request>



(on Sat Jul  1 16:11:55 2023
)<request>

in line 1378

{"type":"connect","board name":"hello esp8266","client name":"anonymous 2023-07-01T16:11:50.789"}



<\request>



(on Sat Jul  1 16:25:40 2023
)<request>

in line 1378

{"type":"connect","board name":"hello esp8266","client name":"anonymous 2023-07-01T16:25:35.006"}



<\request>



(on Sat Jul  1 16:35:26 2023
)<request>

in line 1378

{"type":"connect","board name":"hello esp8266","client name":"anonymous 2023-07-01T16:35:17.161"}



<\request>



(on Sat Jul  1 17:28:48 2023
)<request>

in line 1378

{"type":"connect","board name":"hello esp8266","client name":"anonymous 2023-07-01T17:28:36.198"}



<\request>



(on Sat Jul  1 17:51:03 2023
)<request>

in line 1378

{"type":"connect","board name":"hello esp8266","client name":"anonymous 2023-07-01T17:50:59.499"}



<\request>



(on Sun Jul  2 11:22:56 2023
)<request>

in line 1378

{"type":"connect","board name":"hello esp8266","client name":"anonymous 2023-07-02T11:22:52.872"}



<\request>



(on Sun Jul  2 12:38:08 2023
)<request>

in line 1378

{"type":"connect","board name":"hello esp8266","client name":"anonymous 2023-07-02T12:38:05.569"}



<\request>



(on Sun Jul  2 16:54:52 2023
)<request>

in line 1378

{"type":"connect","board name":"hello esp8266","client name":"anonymous 2023-07-02T16:54:48.873"}



<\request>



(on Sun Jul  2 16:55:27 2023
)<request>

in line 1378

{"type":"connect","board name":"hello esp8266","client name":"anonymous 2023-07-02T16:55:13.799"}



<\request>



(on Sun Jul  2 16:55:41 2023
)<request>

in line 1378

{"type":"month data","board name":"hello esp8266"}



<\request>



(on Sun Jul  2 16:55:48 2023
)<request>

in line 1378

{"type":"month data","board name":"hello esp8266"}



<\request>



(on Sun Jul  2 23:17:29 2023
)<request>

in line 1378

{"type":"connect","board name":"hello esp8266","client name":"anonymous 2023-07-02T23:17:25.916"}



<\request>



(on Mon Jul  3 00:06:36 2023
)<request>

in line 1378

{"type":"connect","board name":"hello esp8266","client name":"anonymous 2023-07-02T23:32:54.549"}



<\request>



(on Mon Jul  3 00:56:43 2023
)<request>

in line 1378

{"type":"connect","board name":"hello esp8266","client name":"anonymous 2023-07-03T00:56:37.124"}



<\request>



(on Mon Jul  3 17:36:57 2023
)<request>

in line 1378

{"type":"connect","board name":"hello esp8266","client name":"anonymous 2023-07-03T17:36:53.797"}



<\request>



(on Mon Jul  3 17:37:02 2023
)<request>

in line 1378

{"type":"connect","board name":"hello esp8266","client name":"anonymous 2023-07-03T17:37:00.244"}



<\request>



(on Mon Jul  3 21:01:03 2023
)<request>

in line 1378

{"type":"connect","board name":"hello esp8266","client name":"anonymous 2023-07-03T21:00:59.418"}



<\request>



(on Thu Jul  6 21:37:07 2023
)<request>

in line 1378

{"type":"connect","board name":"yaoxuetao's stm32f103","client name":"anonymous 2023-07-06T21:37:03.493"}



<\request>



(on Thu Jul  6 21:38:35 2023
)<request>

in line 1378

{"type":"connect","board name":"yaoxuetao's stm32f103","client name":"anonymous 2023-07-06T21:38:31.574"}



<\request>



(on Thu Jul  6 21:43:06 2023
)<request>

in line 1378

{"type":"connect","board name":"yaoxuetao's stm32f103","client name":"anonymous 2023-07-06T21:38:31.574"}



<\request>



(on Thu Jul  6 21:43:31 2023
)<request>

in line 1378

{"type":"month data","board name":"yaoxuetao's stm32f103"}



<\request>



(on Thu Jul  6 21:57:17 2023
)<request>

in line 1378

{"type":"connect","board name":"yaoxuetao's stm32f103","client name":"anonymous 2023-07-06T21:57:14.613"}



<\request>



(on Thu Jul  6 22:14:44 2023
)<request>

in line 1378

{"type":"connect","board name":"CA3 IOT NODE(self node)","client name":"anonymous 2023-07-06T22:14:41.621"}



<\request>



(on Thu Jul  6 22:14:52 2023
)<request>

in line 1378

{"type":"connect","board name":"yaoxuetao's stm32f103","client name":"anonymous 2023-07-06T22:14:41.621"}



<\request>



(on Thu Jul  6 22:18:30 2023
)<request>

in line 1378

{"type":"connect","board name":"CA3 IOT NODE(self node)","client name":"anonymous 2023-07-06T22:14:41.621"}



<\request>



(on Thu Jul  6 22:28:30 2023
)<request>

in line 1378

{"type":"connect","board name":"yaoxuetao's stm32f103","client name":"anonymous 2023-07-06T22:14:41.621"}



<\request>



(on Thu Jul  6 22:28:38 2023
)<request>

in line 1378

{"type":"connect","board name":"CA3 IOT NODE(self node)","client name":"anonymous 2023-07-06T22:14:41.621"}



<\request>



(on Thu Jul  6 22:28:49 2023
)<request>

in line 1378

{"type":"connect","board name":"yaoxuetao's stm32f103","client name":"anonymous 2023-07-06T22:14:41.621"}



<\request>



(on Thu Jul  6 22:28:57 2023
)<request>

in line 1378

{"type":"connect","board name":"CA3 IOT NODE(self node)","client name":"anonymous 2023-07-06T22:14:41.621"}



<\request>



(on Thu Jul  6 22:45:08 2023
)<request>

in line 1378

{"type":"connect","board name":"yaoxuetao's stm32f103","client name":"anonymous 2023-07-06T22:14:41.621"}



<\request>



(on Thu Jul  6 22:45:22 2023
)<request>

in line 1378

{"type":"connect","board name":"CA3 IOT NODE(self node)","client name":"anonymous 2023-07-06T22:14:41.621"}



<\request>



(on Thu Jul  6 22:45:30 2023
)<request>

in line 1378

{"type":"connect","board name":"yaoxuetao's stm32f103","client name":"anonymous 2023-07-06T22:14:41.621"}



<\request>



(on Thu Jul  6 23:02:45 2023
)<request>

in line 1378

{"type":"connect","board name":"CA3 IOT NODE(self node)","client name":"anonymous 2023-07-06T23:02:41.457"}



<\request>



(on Thu Jul  6 23:46:44 2023
)<request>

in line 1378

{"type":"connect","board name":"CA3 IOT NODE(self node)","client name":"anonymous 2023-07-06T23:46:40.502"}



<\request>



(on Fri Jul  7 00:48:13 2023
)<request>

in line 1378

{"type":"connect","board name":"yaoxuetao's stm32f103","client name":"anonymous 2023-07-07T00:48:11.344"}



<\request>



(on Fri Jul  7 00:48:21 2023
)<request>

in line 1378

{"type":"connect","board name":"CA3 IOT NODE(self node)","client name":"anonymous 2023-07-07T00:48:11.344"}



<\request>



(on Fri Jul  7 01:14:56 2023
)<request>

in line 1378

{"type":"connect","board name":"yaoxuetao's stm32f103","client name":"anonymous 2023-07-07T01:14:54.519"}



<\request>



(on Fri Jul  7 01:15:07 2023
)<request>

in line 1378

{"type":"connect","board name":"CA3 IOT NODE(self node)","client name":"anonymous 2023-07-07T01:14:54.519"}



<\request>



(on Fri Jul  7 01:15:12 2023
)<request>

in line 1378

{"type":"connect","board name":"yaoxuetao's stm32f103","client name":"anonymous 2023-07-07T01:14:54.519"}



<\request>



(on Fri Jul  7 02:05:53 2023
)<request>

in line 1378

{"type":"connect","board name":"yaoxuetao's stm32f103","client name":"anonymous 2023-07-07T02:05:50.932"}



<\request>



(on Fri Jul  7 03:57:17 2023
)<request>

in line 1378

{"type":"connect","board name":"yaoxuetao's stm32f103","client name":"anonymous 2023-07-07T02:07:05.445"}



<\request>



(on Fri Jul  7 04:10:03 2023
)<request>

in line 1378

{"type":"connect","board name":"yaoxuetao's stm32f103","client name":"anonymous 2023-07-07T02:07:05.445"}



<\request>



(on Fri Jul  7 10:19:44 2023
)<request>

in line 1378

{"type":"connect","board name":"yaoxuetao's stm32f103","client name":"anonymous 2023-07-07T10:19:43.062"}



<\request>



(on Fri Jul  7 10:19:59 2023
)<request>

in line 1378

{"type":"month data","board name":"yaoxuetao's stm32f103"}



<\request>



(on Fri Jul  7 10:20:04 2023
)<request>

in line 1378

{"type":"all faces"}



<\request>



(on Fri Jul  7 10:20:05 2023
)<request>

in line 1378

{"type":"all faces"}



<\request>



(on Fri Jul  7 10:20:07 2023
)<request>

in line 1378

{"type":"month data","board name":"yaoxuetao's stm32f103"}



<\request>



(on Fri Jul  7 10:38:45 2023
)<request>

in line 1378

{"type":"connect","board name":"CA3 IOT NODE(self node)","client name":"anonymous 2023-07-07T10:19:43.062"}



<\request>



(on Fri Jul  7 10:38:51 2023
)<request>

in line 1378

{"type":"month data","board name":"CA3 IOT NODE(self node)"}



<\request>

