

(on Fri Jul  7 23:21:48 2023
)<record epoll_ctl_del>

in line 1311epoll(n=0,fd=11,errno=0,Success)

<\record epoll_ctl_del>



(on Fri Jul  7 23:24:09 2023
)<record epoll_ctl_del>

in line 1311epoll(n=0,fd=16,errno=0,Success)

<\record epoll_ctl_del>



(on Fri Jul  7 23:24:29 2023
)<record epoll_ctl_del>

in line 1311epoll(n=0,fd=5,errno=104,Connection reset by peer)

<\record epoll_ctl_del>



(on Fri Jul  7 23:51:56 2023
)<record epoll_ctl_del>

in line 1311epoll(n=0,fd=16,errno=104,Connection reset by peer)

<\record epoll_ctl_del>



(on Sat Jul  8 00:33:09 2023
)<record epoll_ctl_del>

in line 1311epoll(n=0,fd=11,errno=104,Connection reset by peer)

<\record epoll_ctl_del>



(on Sat Jul  8 00:33:42 2023
)<record epoll_ctl_del>

in line 1311epoll(n=0,fd=5,errno=104,Connection reset by peer)

<\record epoll_ctl_del>



(on Sat Jul  8 02:03:44 2023
)<record epoll_ctl_del>

in line 1311epoll(n=0,fd=11,errno=104,Connection reset by peer)

<\record epoll_ctl_del>



(on Sat Jul  8 11:38:38 2023
)<record epoll_ctl_del>

in line 1311epoll(n=0,fd=0,errno=104,Connection reset by peer)

<\record epoll_ctl_del>



(on Sat Jul  8 12:20:39 2023
)<record epoll_ctl_del>

in line 1311epoll(n=0,fd=14,errno=104,Connection reset by peer)

<\record epoll_ctl_del>



(on Sat Jul  8 14:10:59 2023
)<record epoll_ctl_del>

in line 1311epoll(n=0,fd=11,errno=104,Connection reset by peer)

<\record epoll_ctl_del>



(on Sat Jul  8 15:49:13 2023
)<record epoll_ctl_del>

in line 1311epoll(n=0,fd=12,errno=104,Connection reset by peer)

<\record epoll_ctl_del>



(on Sat Jul  8 16:13:06 2023
)<record epoll_ctl_del>

in line 1311epoll(n=0,fd=15,errno=104,Connection reset by peer)

<\record epoll_ctl_del>



(on Sat Jul  8 16:21:12 2023
)<record epoll_ctl_del>

in line 1311epoll(n=0,fd=12,errno=104,Connection reset by peer)

<\record epoll_ctl_del>



(on Sat Jul  8 16:21:16 2023
)<record epoll_ctl_del>

in line 1311epoll(n=0,fd=11,errno=104,Connection reset by peer)

<\record epoll_ctl_del>



(on Sat Jul  8 16:21:30 2023
)<record epoll_ctl_del>

in line 1311epoll(n=0,fd=12,errno=104,Connection reset by peer)

<\record epoll_ctl_del>



(on Sat Jul  8 16:23:52 2023
)<record epoll_ctl_del>

in line 1311epoll(n=0,fd=11,errno=104,Connection reset by peer)

<\record epoll_ctl_del>



(on Sat Jul  8 16:23:57 2023
)<record epoll_ctl_del>

in line 1311epoll(n=0,fd=12,errno=104,Connection reset by peer)

<\record epoll_ctl_del>



(on Sat Jul  8 16:24:10 2023
)<record epoll_ctl_del>

in line 1311epoll(n=0,fd=11,errno=104,Connection reset by peer)

<\record epoll_ctl_del>



(on Sat Jul  8 16:41:35 2023
)<record epoll_ctl_del>

in line 1311epoll(n=0,fd=12,errno=104,Connection reset by peer)

<\record epoll_ctl_del>



(on Sat Jul  8 16:41:53 2023
)<record epoll_ctl_del>

in line 1311epoll(n=0,fd=11,errno=104,Connection reset by peer)

<\record epoll_ctl_del>



(on Sat Jul  8 16:42:18 2023
)<record epoll_ctl_del>

in line 1311epoll(n=0,fd=12,errno=104,Connection reset by peer)

<\record epoll_ctl_del>



(on Sat Jul  8 16:46:03 2023
)<record epoll_ctl_del>

in line 1311epoll(n=0,fd=11,errno=104,Connection reset by peer)

<\record epoll_ctl_del>



(on Sat Jul  8 16:53:36 2023
)<record epoll_ctl_del>

in line 1311epoll(n=0,fd=12,errno=104,Connection reset by peer)

<\record epoll_ctl_del>



(on Sat Jul  8 16:58:07 2023
)<record epoll_ctl_del>

in line 1311epoll(n=0,fd=11,errno=104,Connection reset by peer)

<\record epoll_ctl_del>



(on Sat Jul  8 17:59:06 2023
)<record epoll_ctl_del>

in line 1311epoll(n=0,fd=12,errno=104,Connection reset by peer)

<\record epoll_ctl_del>



(on Sat Jul  8 18:53:43 2023
)<record epoll_ctl_del>

in line 1311epoll(n=0,fd=16,errno=104,Connection reset by peer)

<\record epoll_ctl_del>



(on Sat Jul  8 18:54:03 2023
)<record epoll_ctl_del>

in line 1311epoll(n=0,fd=13,errno=104,Connection reset by peer)

<\record epoll_ctl_del>



(on Sat Jul  8 19:39:07 2023
)<record epoll_ctl_del>

in line 1311epoll(n=0,fd=0,errno=104,Connection reset by peer)

<\record epoll_ctl_del>



(on Sun Jul  9 00:46:38 2023
)<record epoll_ctl_del>

in line 1311epoll(n=0,fd=12,errno=104,Connection reset by peer)

<\record epoll_ctl_del>



(on Sun Jul  9 00:47:24 2023
)<record epoll_ctl_del>

in line 1311epoll(n=0,fd=15,errno=104,Connection reset by peer)

<\record epoll_ctl_del>



(on Sun Jul  9 00:47:59 2023
)<record epoll_ctl_del>

in line 1311epoll(n=0,fd=11,errno=104,Connection reset by peer)

<\record epoll_ctl_del>



(on Sun Jul  9 00:51:31 2023
)<record epoll_ctl_del>

in line 1311epoll(n=0,fd=15,errno=104,Connection reset by peer)

<\record epoll_ctl_del>



(on Sun Jul  9 01:25:28 2023
)<record epoll_ctl_del>

in line 1311epoll(n=0,fd=12,errno=104,Connection reset by peer)

<\record epoll_ctl_del>



(on Sun Jul  9 03:27:08 2023
)<record epoll_ctl_del>

in line 1311epoll(n=0,fd=11,errno=104,Connection reset by peer)

<\record epoll_ctl_del>



(on Sun Jul  9 09:44:50 2023
)<record epoll_ctl_del>

in line 1311epoll(n=0,fd=0,errno=104,Connection reset by peer)

<\record epoll_ctl_del>



(on Sun Jul  9 11:42:42 2023
)<record epoll_ctl_del>

in line 1311epoll(n=0,fd=15,errno=104,Connection reset by peer)

<\record epoll_ctl_del>



(on Sun Jul  9 13:07:42 2023
)<record epoll_ctl_del>

in line 1311epoll(n=0,fd=13,errno=104,Connection reset by peer)

<\record epoll_ctl_del>



(on Sun Jul  9 13:08:00 2023
)<record epoll_ctl_del>

in line 1311epoll(n=0,fd=15,errno=104,Connection reset by peer)

<\record epoll_ctl_del>



(on Sun Jul  9 13:23:16 2023
)<record epoll_ctl_del>

in line 1311epoll(n=0,fd=0,errno=104,Connection reset by peer)

<\record epoll_ctl_del>



(on Sun Jul  9 13:23:29 2023
)<record epoll_ctl_del>

in line 1311epoll(n=0,fd=16,errno=104,Connection reset by peer)

<\record epoll_ctl_del>



(on Sun Jul  9 16:30:20 2023
)<record epoll_ctl_del>

in line 1311epoll(n=0,fd=0,errno=104,Connection reset by peer)

<\record epoll_ctl_del>



(on Sun Jul  9 16:30:33 2023
)<record epoll_ctl_del>

in line 1311epoll(n=0,fd=16,errno=104,Connection reset by peer)

<\record epoll_ctl_del>



(on Sun Jul  9 22:21:27 2023
)<record epoll_ctl_del>

in line 1311epoll(n=0,fd=0,errno=104,Connection reset by peer)

<\record epoll_ctl_del>



(on Mon Jul 10 07:37:08 2023
)<record epoll_ctl_del>

in line 1311epoll(n=0,fd=20,errno=104,Connection reset by peer)

<\record epoll_ctl_del>



(on Mon Jul 10 15:51:02 2023
)<record epoll_ctl_del>

in line 1311epoll(n=0,fd=22,errno=104,Connection reset by peer)

<\record epoll_ctl_del>



(on Mon Jul 10 15:51:16 2023
)<record epoll_ctl_del>

in line 1311epoll(n=0,fd=23,errno=104,Connection reset by peer)

<\record epoll_ctl_del>



(on Mon Jul 10 21:14:07 2023
)<record epoll_ctl_del>

in line 1311epoll(n=0,fd=0,errno=104,Connection reset by peer)

<\record epoll_ctl_del>



(on Mon Jul 10 21:14:14 2023
)<record epoll_ctl_del>

in line 1311epoll(n=0,fd=28,errno=104,Connection reset by peer)

<\record epoll_ctl_del>



(on Mon Jul 10 21:16:32 2023
)<record epoll_ctl_del>

in line 1311epoll(n=0,fd=0,errno=104,Connection reset by peer)

<\record epoll_ctl_del>



(on Mon Jul 10 21:17:15 2023
)<record epoll_ctl_del>

in line 1311epoll(n=0,fd=0,errno=104,Connection reset by peer)

<\record epoll_ctl_del>



(on Mon Jul 10 22:35:59 2023
)<record epoll_ctl_del>

in line 1311epoll(n=0,fd=0,errno=104,Connection reset by peer)

<\record epoll_ctl_del>



(on Mon Jul 10 22:36:45 2023
)<record epoll_ctl_del>

in line 1311epoll(n=0,fd=36,errno=104,Connection reset by peer)

<\record epoll_ctl_del>



(on Mon Jul 10 23:56:32 2023
)<record epoll_ctl_del>

in line 1311epoll(n=0,fd=9,errno=0,Success)

<\record epoll_ctl_del>



(on Mon Jul 10 23:56:39 2023
)<record epoll_ctl_del>

in line 1311epoll(n=0,fd=13,errno=0,Success)

<\record epoll_ctl_del>



(on Mon Jul 10 23:57:44 2023
)<record epoll_ctl_del>

in line 1311epoll(n=0,fd=9,errno=104,Connection reset by peer)

<\record epoll_ctl_del>



(on Tue Jul 11 00:22:29 2023
)<record epoll_ctl_del>

in line 1311epoll(n=0,fd=13,errno=104,Connection reset by peer)

<\record epoll_ctl_del>

