

(on Sat Jul  8 04:35:19 2023
)<len overflow>

in line 2068len=1195725856

<\len overflow>



(on Sat Jul  8 05:42:06 2023
)<n<=0>

in line 2055n=-1,errno=104,Connection reset by peer

<\n<=0>



(on Sat Jul  8 06:07:48 2023
)<len overflow>

in line 2068len=302055518

<\len overflow>



(on Sat Jul  8 06:43:49 2023
)<len overflow>

in line 2068len=302055518

<\len overflow>



(on Sat Jul  8 07:28:44 2023
)<len overflow>

in line 2068len=369296129

<\len overflow>



(on Sat Jul  8 08:14:01 2023
)<len overflow>

in line 2068len=1195725856

<\len overflow>



(on Sat Jul  8 08:14:02 2023
)<len overflow>

in line 2068len=369295616

<\len overflow>



(on Sat Jul  8 08:14:02 2023
)<len overflow>

in line 2068len=1195725856

<\len overflow>



(on Sat Jul  8 08:14:02 2023
)<len overflow>

in line 2068len=369295616

<\len overflow>



(on Sat Jul  8 08:14:02 2023
)<len overflow>

in line 2068len=1195725856

<\len overflow>



(on Sat Jul  8 08:14:03 2023
)<len overflow>

in line 2068len=369295616

<\len overflow>



(on Sat Jul  8 08:41:34 2023
)<len overflow>

in line 2068len=1195725856

<\len overflow>



(on Sat Jul  8 08:41:49 2023
)<len overflow>

in line 2068len=369296129

<\len overflow>



(on Sat Jul  8 09:59:26 2023
)<len overflow>

in line 2068len=369295616

<\len overflow>



(on Sat Jul  8 10:32:34 2023
)<len overflow>

in line 2068len=50331695

<\len overflow>



(on Sat Jul  8 12:53:52 2023
)<len overflow>

in line 2068len=50331695

<\len overflow>



(on Sat Jul  8 15:02:20 2023
)<len overflow>

in line 2068len=1195725856

<\len overflow>



(on Sat Jul  8 16:06:07 2023
)<len overflow>

in line 2068len=50331695

<\len overflow>



(on Sat Jul  8 17:28:42 2023
)<len overflow>

in line 2068len=302055518

<\len overflow>



(on Sat Jul  8 18:08:49 2023
)<len overflow>

in line 2068len=50331695

<\len overflow>



(on Sat Jul  8 19:35:26 2023
)<len overflow>

in line 2068len=369295616

<\len overflow>



(on Sat Jul  8 20:29:05 2023
)<len overflow>

in line 2068len=1195725856

<\len overflow>



(on Sat Jul  8 21:17:09 2023
)<len overflow>

in line 2068len=541414432

<\len overflow>



(on Sat Jul  8 21:17:13 2023
)<len overflow>

in line 2068len=1195986768

<\len overflow>



(on Sat Jul  8 21:17:21 2023
)<len overflow>

in line 2068len=218762506

<\len overflow>



(on Sat Jul  8 21:17:25 2023
)<len overflow>

in line 2068len=1195725856

<\len overflow>



(on Sat Jul  8 21:17:32 2023
)<n<=0>

in line 2055n=0,errno=0,Success

<\n<=0>



(on Sat Jul  8 22:33:04 2023
)<n<=0>

in line 2055n=0,errno=0,Success

<\n<=0>



(on Sun Jul  9 00:48:40 2023
)<len overflow>

in line 2068len=50331695

<\len overflow>



(on Sun Jul  9 02:21:00 2023
)<len overflow>

in line 2068len=1195725856

<\len overflow>



(on Sun Jul  9 03:52:36 2023
)<len overflow>

in line 2068len=50331695

<\len overflow>



(on Sun Jul  9 07:04:30 2023
)<len overflow>

in line 2068len=2122187008

<\len overflow>



(on Sun Jul  9 07:09:49 2023
)<len overflow>

in line 2068len=858993463

<\len overflow>



(on Sun Jul  9 07:34:13 2023
)<len overflow>

in line 2068len=1296518222

<\len overflow>



(on Sun Jul  9 07:40:18 2023
)<len overflow>

in line 2068len=369295616

<\len overflow>



(on Sun Jul  9 07:56:26 2023
)<len overflow>

in line 2068len=1195725856

<\len overflow>



(on Sun Jul  9 08:12:19 2023
)<len overflow>

in line 2068len=1195725856

<\len overflow>



(on Sun Jul  9 08:13:37 2023
)<len overflow>

in line 2068len=369295616

<\len overflow>



(on Sun Jul  9 08:22:59 2023
)<len overflow>

in line 2068len=1195725856

<\len overflow>



(on Sun Jul  9 11:33:00 2023
)<len overflow>

in line 2068len=50331695

<\len overflow>



(on Sun Jul  9 13:15:56 2023
)<len overflow>

in line 2068len=117461527

<\len overflow>



(on Sun Jul  9 13:15:58 2023
)<n<=0>

in line 2055n=-1,errno=104,Connection reset by peer

<\n<=0>



(on Sun Jul  9 13:15:58 2023
)<len overflow>

in line 2068len=369295616

<\len overflow>



(on Sun Jul  9 13:16:00 2023
)<len overflow>

in line 2068len=1195725856

<\len overflow>



(on Sun Jul  9 13:16:00 2023
)<n<=0>

in line 2055n=-1,errno=104,Connection reset by peer

<\n<=0>



(on Sun Jul  9 13:55:10 2023
)<len overflow>

in line 2068len=369295616

<\len overflow>



(on Sun Jul  9 16:49:23 2023
)<len overflow>

in line 2068len=1195725856

<\len overflow>



(on Sun Jul  9 20:22:55 2023
)<len overflow>

in line 2068len=50331695

<\len overflow>



(on Sun Jul  9 22:38:33 2023
)<len overflow>

in line 2068len=50331667

<\len overflow>



(on Mon Jul 10 00:49:51 2023
)<len overflow>

in line 2068len=50331695

<\len overflow>



(on Mon Jul 10 01:38:21 2023
)<len overflow>

in line 2068len=1195725856

<\len overflow>



(on Mon Jul 10 01:38:37 2023
)<len overflow>

in line 2068len=-1025120795

<\len overflow>



(on Mon Jul 10 01:56:48 2023
)<len overflow>

in line 2068len=369295616

<\len overflow>



(on Mon Jul 10 04:27:11 2023
)<len overflow>

in line 2068len=50331695

<\len overflow>



(on Mon Jul 10 04:48:25 2023
)<len overflow>

in line 2068len=1195725856

<\len overflow>



(on Mon Jul 10 05:29:31 2023
)<n<=0>

in line 2055n=-1,errno=104,Connection reset by peer

<\n<=0>



(on Mon Jul 10 05:35:35 2023
)<len overflow>

in line 2068len=1195725856

<\len overflow>



(on Mon Jul 10 06:31:00 2023
)<len overflow>

in line 2068len=50331695

<\len overflow>



(on Mon Jul 10 08:20:17 2023
)<len overflow>

in line 2068len=369296129

<\len overflow>



(on Mon Jul 10 08:23:58 2023
)<len overflow>

in line 2068len=50331667

<\len overflow>



(on Mon Jul 10 08:53:01 2023
)<len overflow>

in line 2068len=369296129

<\len overflow>



(on Mon Jul 10 10:33:36 2023
)<len overflow>

in line 2068len=1195725856

<\len overflow>



(on Mon Jul 10 11:19:50 2023
)<len overflow>

in line 2068len=1195725856

<\len overflow>



(on Mon Jul 10 11:48:57 2023
)<len overflow>

in line 2068len=1097036905

<\len overflow>



(on Mon Jul 10 11:50:28 2023
)<len overflow>

in line 2068len=1195725856

<\len overflow>



(on Mon Jul 10 11:50:28 2023
)<len overflow>

in line 2068len=1195725856

<\len overflow>



(on Mon Jul 10 11:53:38 2023
)<len overflow>

in line 2068len=1195725856

<\len overflow>



(on Mon Jul 10 11:53:38 2023
)<len overflow>

in line 2068len=369295616

<\len overflow>



(on Mon Jul 10 13:36:34 2023
)<len overflow>

in line 2068len=50331695

<\len overflow>



(on Mon Jul 10 14:48:57 2023
)<len overflow>

in line 2068len=1296518222

<\len overflow>



(on Mon Jul 10 16:41:47 2023
)<len overflow>

in line 2068len=302055518

<\len overflow>



(on Mon Jul 10 16:59:42 2023
)<len overflow>

in line 2068len=50331695

<\len overflow>



(on Mon Jul 10 18:14:51 2023
)<len overflow>

in line 2068len=1097036905

<\len overflow>



(on Mon Jul 10 19:04:02 2023
)<len overflow>

in line 2068len=369295616

<\len overflow>



(on Mon Jul 10 19:16:21 2023
)<n<=0>

in line 2055n=-1,errno=104,Connection reset by peer

<\n<=0>



(on Mon Jul 10 19:16:21 2023
)<len overflow>

in line 2068len=1195725856

<\len overflow>



(on Mon Jul 10 19:16:22 2023
)<len overflow>

in line 2068len=369295616

<\len overflow>



(on Mon Jul 10 19:22:23 2023
)<len overflow>

in line 2068len=168427776

<\len overflow>



(on Mon Jul 10 19:22:23 2023
)<len overflow>

in line 2068len=302055471

<\len overflow>



(on Mon Jul 10 19:22:23 2023
)<client name not found>

in line 2098ÿSMBr

<\client name not found>



(on Mon Jul 10 19:22:23 2023
)<len overflow>

in line 2068len=50331686

<\len overflow>



(on Mon Jul 10 19:22:23 2023
)<client name not found>

in line 2098Ò/r

<\client name not found>



(on Mon Jul 10 19:22:23 2023
)<len overflow>

in line 2068len=707857674

<\len overflow>



(on Mon Jul 10 19:22:23 2023
)<len overflow>

in line 2068len=100728583

<\len overflow>



(on Mon Jul 10 19:22:23 2023
)<len overflow>

in line 2068len=7143424

<\len overflow>



(on Mon Jul 10 19:22:23 2023
)<len overflow>

in line 2068len=1937006964

<\len overflow>



(on Mon Jul 10 19:22:23 2023
)<len overflow>

in line 2068len=1330664521

<\len overflow>



(on Mon Jul 10 19:22:23 2023
)<len overflow>

in line 2068len=269418500

<\len overflow>



(on Mon Jul 10 19:22:23 2023
)<len overflow>

in line 2068len=1380

<\len overflow>



(on Mon Jul 10 19:22:23 2023
)<len overflow>

in line 2068len=1718581280

<\len overflow>



(on Mon Jul 10 19:22:23 2023
)<len overflow>

in line 2068len=1514602496

<\len overflow>



(on Mon Jul 10 19:22:23 2023
)<len overflow>

in line 2068len=10223617

<\len overflow>



(on Mon Jul 10 19:22:23 2023
)<len overflow>

in line 2068len=50331670

<\len overflow>



(on Mon Jul 10 19:22:23 2023
)<len overflow>

in line 2068len=973078528

<\len overflow>



(on Mon Jul 10 19:22:23 2023
)<len overflow>

in line 2068len=1811942144

<\len overflow>



(on Mon Jul 10 20:32:53 2023
)<n<=0>

in line 2055n=0,errno=104,Connection reset by peer

<\n<=0>



(on Mon Jul 10 22:08:25 2023
)<len overflow>

in line 2068len=1195725856

<\len overflow>



(on Mon Jul 10 22:43:34 2023
)<len overflow>

in line 2068len=50331695

<\len overflow>



(on Tue Jul 11 01:07:13 2023
)<len overflow>

in line 2068len=1397966893

<\len overflow>

