

(on Mon Apr 10 00:20:34 2023
)<connect>

in line 1793[192.168.3.4:49644]

<\connect>



(on Mon Apr 10 00:20:34 2023
)<client name not found>

in line 1828yaoxuetao's android 2023


<\client name not found>



(on Mon Apr 10 00:20:37 2023
)<connect>

in line 1793[192.168.3.4:49656]

<\connect>



(on Mon Apr 10 00:20:38 2023
)<n<=0>

in line 1798n=0,errno=0,Success

<\n<=0>



(on Mon Apr 10 00:21:07 2023
)<connect>

in line 1793[192.168.3.4:42436]

<\connect>



(on Mon Apr 10 00:21:07 2023
)<client name not found>

in line 1828yaoxuetao's android 2023


<\client name not found>



(on Mon Apr 10 00:21:08 2023
)<connect>

in line 1793[192.168.3.4:42444]

<\connect>



(on Mon Apr 10 00:21:08 2023
)<client name not found>

in line 1828yaoxuetao's android 2023


<\client name not found>



(on Mon Apr 10 00:21:09 2023
)<connect>

in line 1793[192.168.3.4:58928]

<\connect>



(on Mon Apr 10 00:21:09 2023
)<client name not found>

in line 1828yaoxuetao's android 2023


<\client name not found>



(on Mon Apr 10 00:21:11 2023
)<connect>

in line 1793[192.168.3.4:58930]

<\connect>



(on Mon Apr 10 00:21:11 2023
)<n<=0>

in line 1798n=0,errno=0,Success

<\n<=0>



(on Mon Apr 10 00:21:24 2023
)<connect>

in line 1793[192.168.3.4:42726]

<\connect>



(on Mon Apr 10 00:21:24 2023
)<client name not found>

in line 1828yaoxuetao's android 2023


<\client name not found>



(on Mon Apr 10 00:21:25 2023
)<connect>

in line 1793[192.168.3.4:42740]

<\connect>



(on Mon Apr 10 00:21:26 2023
)<n<=0>

in line 1798n=0,errno=0,Success

<\n<=0>



(on Mon Apr 10 00:38:56 2023
)<connect>

in line 1793[192.168.3.4:55580]

<\connect>



(on Mon Apr 10 00:38:56 2023
)<client name not found>

in line 1828yaoxuetao's android 2023


<\client name not found>



(on Mon Apr 10 00:38:59 2023
)<connect>

in line 1793[192.168.3.4:55592]

<\connect>



(on Mon Apr 10 00:38:59 2023
)<client name not found>

in line 1828yaoxuetao's android 2023


<\client name not found>



(on Mon Apr 10 00:40:00 2023
)<connect>

in line 1793[192.168.3.4:60912]

<\connect>



(on Mon Apr 10 00:40:00 2023
)<client name not found>

in line 1828yaoxuetao's android 2023


<\client name not found>



(on Mon Apr 10 00:40:02 2023
)<connect>

in line 1793[192.168.3.4:60914]

<\connect>



(on Mon Apr 10 00:40:03 2023
)<client name not found>

in line 1828yaoxuetao's android 2023


<\client name not found>



(on Mon Apr 10 00:41:29 2023
)<connect>

in line 1793[192.168.3.4:39694]

<\connect>



(on Mon Apr 10 00:41:29 2023
)<client name not found>

in line 1828yaoxuetao's android 2023


<\client name not found>



(on Mon Apr 10 00:53:02 2023
)<connect>

in line 1795[192.168.3.4:45374]

<\connect>



(on Mon Apr 10 00:53:02 2023
)<client name not found>

in line 1831yaoxuetao's android

<\client name not found>



(on Mon Apr 10 00:53:04 2023
)<connect>

in line 1795[192.168.3.4:45386]

<\connect>



(on Mon Apr 10 00:53:04 2023
)<client name not found>

in line 1831yaoxuetao's android

<\client name not found>



(on Mon Apr 10 00:57:21 2023
)<connect>

in line 1795[192.168.3.4:58982]

<\connect>



(on Mon Apr 10 00:58:01 2023
)<connect>

in line 1795[192.168.3.4:35980]

<\connect>



(on Mon Apr 10 01:09:26 2023
)<connect>

in line 1795[192.168.3.4:52010]

<\connect>



(on Mon Apr 10 01:09:56 2023
)<connect>

in line 1795[192.168.3.4:59314]

<\connect>



(on Mon Apr 10 01:10:01 2023
)<connect>

in line 1795[192.168.3.4:38326]

<\connect>



(on Mon Apr 10 01:15:24 2023
)<connect>

in line 1795[192.168.3.4:41850]

<\connect>



(on Mon Apr 10 01:18:39 2023
)<connect>

in line 1793[192.168.3.4:47298]

<\connect>



(on Mon Apr 10 01:18:41 2023
)<connect>

in line 1793[192.168.3.4:47306]

<\connect>



(on Mon Apr 10 01:18:41 2023
)<connect>

in line 1793[192.168.3.4:47318]

<\connect>



(on Mon Apr 10 01:18:42 2023
)<connect>

in line 1793[192.168.3.4:47330]

<\connect>



(on Mon Apr 10 01:18:43 2023
)<connect>

in line 1793[192.168.3.4:47338]

<\connect>



(on Mon Apr 10 01:18:43 2023
)<connect>

in line 1793[192.168.3.4:47348]

<\connect>



(on Mon Apr 10 01:18:59 2023
)<connect>

in line 1793[192.168.3.4:43134]

<\connect>



(on Mon Apr 10 01:19:01 2023
)<connect>

in line 1793[192.168.3.4:43146]

<\connect>



(on Mon Apr 10 01:19:43 2023
)<connect>

in line 1793[192.168.3.4:41400]

<\connect>



(on Mon Apr 10 01:19:45 2023
)<connect>

in line 1793[192.168.3.4:41404]

<\connect>



(on Mon Apr 10 01:20:33 2023
)<connect>

in line 1793[192.168.3.4:33696]

<\connect>



(on Mon Apr 10 01:20:35 2023
)<connect>

in line 1793[192.168.3.4:33710]

<\connect>



(on Mon Apr 10 01:20:35 2023
)<connect>

in line 1793[192.168.3.4:33718]

<\connect>



(on Mon Apr 10 01:27:16 2023
)<connect>

in line 1793[192.168.3.4:50568]

<\connect>



(on Mon Apr 10 01:27:17 2023
)<connect>

in line 1793[192.168.3.4:50574]

<\connect>



(on Mon Apr 10 01:42:05 2023
)<connect>

in line 1788[192.168.3.4:56930]

<\connect>



(on Mon Apr 10 01:42:25 2023
)<connect>

in line 1788[192.168.3.4:45982]

<\connect>



(on Mon Apr 10 01:42:34 2023
)<connect>

in line 1788[192.168.3.4:33430]

<\connect>



(on Mon Apr 10 01:42:35 2023
)<connect>

in line 1788[192.168.3.4:33442]

<\connect>



(on Mon Apr 10 01:59:39 2023
)<connect>

in line 1788[192.168.3.4:37000]

<\connect>



(on Mon Apr 10 01:59:40 2023
)<connect>

in line 1788[192.168.3.4:49046]

<\connect>



(on Mon Apr 10 01:59:40 2023
)<connect>

in line 1788[192.168.3.4:49060]

<\connect>



(on Mon Apr 10 01:59:40 2023
)<connect>

in line 1788[192.168.3.4:49066]

<\connect>



(on Mon Apr 10 02:01:37 2023
)<connect>

in line 1788[192.168.3.4:45332]

<\connect>



(on Mon Apr 10 02:01:39 2023
)<connect>

in line 1788[192.168.3.4:46120]

<\connect>



(on Mon Apr 10 02:01:40 2023
)<connect>

in line 1788[192.168.3.4:46134]

<\connect>



(on Mon Apr 10 02:01:54 2023
)<connect>

in line 1788[192.168.3.4:54274]

<\connect>



(on Mon Apr 10 02:01:57 2023
)<connect>

in line 1788[192.168.3.4:54288]

<\connect>



(on Mon Apr 10 02:03:31 2023
)<connect>

in line 1788[192.168.3.4:44806]

<\connect>



(on Mon Apr 10 02:03:37 2023
)<connect>

in line 1788[192.168.3.4:44808]

<\connect>



(on Mon Apr 10 02:07:16 2023
)<connect>

in line 1788[192.168.3.4:60064]

<\connect>



(on Mon Apr 10 02:07:17 2023
)<connect>

in line 1788[192.168.3.4:60070]

<\connect>



(on Mon Apr 10 02:07:22 2023
)<connect>

in line 1788[192.168.3.4:46166]

<\connect>



(on Mon Apr 10 02:07:31 2023
)<connect>

in line 1788[192.168.3.4:33944]

<\connect>



(on Mon Apr 10 02:07:32 2023
)<connect>

in line 1788[192.168.3.4:33946]

<\connect>



(on Mon Apr 10 02:07:32 2023
)<connect>

in line 1788[192.168.3.4:33954]

<\connect>



(on Mon Apr 10 02:07:33 2023
)<connect>

in line 1788[192.168.3.4:33966]

<\connect>



(on Mon Apr 10 02:07:34 2023
)<connect>

in line 1788[192.168.3.4:33972]

<\connect>



(on Mon Apr 10 02:07:48 2023
)<connect>

in line 1788[192.168.3.4:41824]

<\connect>



(on Mon Apr 10 02:22:04 2023
)<connect>

in line 1790[192.168.3.4:40974]

<\connect>



(on Mon Apr 10 02:22:10 2023
)<connect>

in line 1790[192.168.3.4:46696]

<\connect>



(on Mon Apr 10 02:22:16 2023
)<connect>

in line 1790[192.168.3.4:46700]

<\connect>



(on Mon Apr 10 02:22:22 2023
)<connect>

in line 1790[192.168.3.4:36550]

<\connect>



(on Mon Apr 10 02:22:23 2023
)<connect>

in line 1790[192.168.3.4:36566]

<\connect>



(on Mon Apr 10 02:22:23 2023
)<connect>

in line 1790[192.168.3.4:36578]

<\connect>



(on Mon Apr 10 02:22:23 2023
)<connect>

in line 1790[192.168.3.4:36584]

<\connect>



(on Mon Apr 10 02:22:25 2023
)<connect>

in line 1790[192.168.3.4:36596]

<\connect>



(on Mon Apr 10 02:22:25 2023
)<connect>

in line 1790[192.168.3.4:36604]

<\connect>



(on Mon Apr 10 02:22:28 2023
)<connect>

in line 1790[192.168.3.4:36612]

<\connect>



(on Mon Apr 10 02:22:29 2023
)<connect>

in line 1790[192.168.3.4:59378]

<\connect>



(on Mon Apr 10 02:25:31 2023
)<connect>

in line 1790[192.168.3.4:34954]

<\connect>



(on Mon Apr 10 02:32:39 2023
)<connect>

in line 1794[192.168.3.4:34306]

<\connect>



(on Mon Apr 10 02:32:44 2023
)<connect>

in line 1794[192.168.3.4:34318]

<\connect>



(on Mon Apr 10 02:33:15 2023
)<connect>

in line 1794[192.168.3.4:59154]

<\connect>



(on Mon Apr 10 02:41:06 2023
)<connect>

in line 1794[192.168.3.4:47864]

<\connect>



(on Mon Apr 10 02:41:09 2023
)<connect>

in line 1794[192.168.3.4:47296]

<\connect>



(on Mon Apr 10 02:41:13 2023
)<connect>

in line 1794[192.168.3.4:47300]

<\connect>



(on Mon Apr 10 02:45:01 2023
)<connect>

in line 1796[192.168.3.4:47504]

<\connect>



(on Mon Apr 10 02:45:09 2023
)<connect>

in line 1796[192.168.3.4:52092]

<\connect>



(on Mon Apr 10 02:45:17 2023
)<connect>

in line 1796[192.168.3.4:52102]

<\connect>



(on Mon Apr 10 02:49:41 2023
)<connect>

in line 1798[192.168.3.4:49838]

<\connect>



(on Mon Apr 10 02:49:46 2023
)<connect>

in line 1798[192.168.3.4:49844]

<\connect>



(on Mon Apr 10 02:49:58 2023
)<connect>

in line 1798[192.168.3.4:54966]

<\connect>



(on Mon Apr 10 02:54:48 2023
)<connect>

in line 1795[192.168.3.4:54614]

<\connect>



(on Mon Apr 10 02:55:17 2023
)<connect>

in line 1795[192.168.3.4:56578]

<\connect>



(on Mon Apr 10 02:55:21 2023
)<connect>

in line 1795[192.168.3.4:52342]

<\connect>



(on Mon Apr 10 02:58:51 2023
)<connect>

in line 1795[192.168.3.4:49860]

<\connect>



(on Mon Apr 10 02:58:54 2023
)<connect>

in line 1795[192.168.3.4:49876]

<\connect>



(on Mon Apr 10 03:01:09 2023
)<connect>

in line 1796[192.168.3.4:59790]

<\connect>



(on Mon Apr 10 03:01:24 2023
)<connect>

in line 1796[192.168.3.4:55580]

<\connect>



(on Mon Apr 10 03:13:07 2023
)<connect>

in line 1797[192.168.3.4:50106]

<\connect>



(on Mon Apr 10 03:13:08 2023
)<connect>

in line 1797[192.168.3.4:50114]

<\connect>



(on Mon Apr 10 03:19:48 2023
)<connect>

in line 1793[192.168.3.4:46586]

<\connect>



(on Mon Apr 10 03:19:49 2023
)<connect>

in line 1793[192.168.3.4:57456]

<\connect>



(on Mon Apr 10 03:28:20 2023
)<connect>

in line 1793[192.168.3.4:39244]

<\connect>



(on Mon Apr 10 03:28:21 2023
)<connect>

in line 1793[192.168.3.4:39246]

<\connect>



(on Mon Apr 10 03:40:15 2023
)<connect>

in line 1793[192.168.3.4:36678]

<\connect>



(on Mon Apr 10 03:40:16 2023
)<connect>

in line 1793[192.168.3.4:36682]

<\connect>



(on Mon Apr 10 03:45:57 2023
)<connect>

in line 1794[192.168.3.4:60676]

<\connect>



(on Mon Apr 10 03:45:58 2023
)<connect>

in line 1794[192.168.3.4:60692]

<\connect>



(on Mon Apr 10 03:45:59 2023
)<connect>

in line 1794[192.168.3.4:60706]

<\connect>



(on Mon Apr 10 03:46:11 2023
)<connect>

in line 1794[192.168.3.4:51028]

<\connect>



(on Mon Apr 10 03:48:48 2023
)<connect>

in line 1794[192.168.3.4:41206]

<\connect>



(on Mon Apr 10 03:50:00 2023
)<connect>

in line 1794[192.168.3.4:51668]

<\connect>



(on Mon Apr 10 04:10:37 2023
)<connect>

in line 1794[192.168.3.4:49050]

<\connect>



(on Mon Apr 10 04:10:41 2023
)<connect>

in line 1794[192.168.3.4:58128]

<\connect>



(on Mon Apr 10 04:32:05 2023
)<connect>

in line 1794[192.168.3.4:49654]

<\connect>



(on Mon Apr 10 04:32:07 2023
)<connect>

in line 1794[192.168.3.4:49666]

<\connect>



(on Mon Apr 10 04:32:52 2023
)<connect>

in line 1794[192.168.3.4:44182]

<\connect>



(on Mon Apr 10 04:32:55 2023
)<connect>

in line 1794[192.168.3.4:44192]

<\connect>



(on Mon Apr 10 04:38:30 2023
)<connect>

in line 1795[192.168.3.4:41348]

<\connect>



(on Mon Apr 10 04:38:31 2023
)<connect>

in line 1795[192.168.3.4:41358]

<\connect>



(on Mon Apr 10 04:38:32 2023
)<connect>

in line 1795[192.168.3.4:41374]

<\connect>



(on Mon Apr 10 04:38:34 2023
)<connect>

in line 1795[192.168.3.4:41386]

<\connect>



(on Mon Apr 10 04:38:35 2023
)<connect>

in line 1795[192.168.3.4:41400]

<\connect>



(on Mon Apr 10 04:48:26 2023
)<connect>

in line 1795[192.168.3.4:40198]

<\connect>



(on Mon Apr 10 04:48:27 2023
)<connect>

in line 1795[192.168.3.4:40204]

<\connect>



(on Mon Apr 10 04:49:47 2023
)<connect>

in line 1795[192.168.3.4:53526]

<\connect>



(on Mon Apr 10 04:49:48 2023
)<connect>

in line 1795[192.168.3.4:53540]

<\connect>



(on Mon Apr 10 04:54:22 2023
)<connect>

in line 1795[192.168.3.4:38212]

<\connect>



(on Mon Apr 10 04:54:23 2023
)<connect>

in line 1795[192.168.3.4:38214]

<\connect>



(on Mon Apr 10 04:55:49 2023
)<connect>

in line 1795[192.168.3.4:60802]

<\connect>



(on Mon Apr 10 04:55:51 2023
)<connect>

in line 1795[192.168.3.4:60808]

<\connect>



(on Mon Apr 10 04:59:22 2023
)<connect>

in line 1795[192.168.3.4:54576]

<\connect>



(on Mon Apr 10 04:59:22 2023
)<connect>

in line 1795[192.168.3.4:54588]

<\connect>



(on Mon Apr 10 04:59:23 2023
)<connect>

in line 1795[192.168.3.4:54590]

<\connect>



(on Mon Apr 10 04:59:43 2023
)<connect>

in line 1795[192.168.3.4:59098]

<\connect>



(on Mon Apr 10 04:59:44 2023
)<connect>

in line 1795[192.168.3.4:59112]

<\connect>



(on Mon Apr 10 05:02:04 2023
)<connect>

in line 1795[192.168.3.4:37562]

<\connect>



(on Mon Apr 10 05:02:17 2023
)<connect>

in line 1795[192.168.3.4:59938]

<\connect>



(on Mon Apr 10 05:02:19 2023
)<connect>

in line 1795[192.168.3.4:36878]

<\connect>



(on Mon Apr 10 05:02:20 2023
)<connect>

in line 1795[192.168.3.4:36880]

<\connect>



(on Mon Apr 10 05:03:46 2023
)<connect>

in line 1795[192.168.3.4:52906]

<\connect>



(on Mon Apr 10 05:04:08 2023
)<connect>

in line 1795[192.168.3.4:36570]

<\connect>



(on Mon Apr 10 05:04:12 2023
)<connect>

in line 1795[192.168.3.4:55896]

<\connect>



(on Mon Apr 10 05:04:35 2023
)<connect>

in line 1795[192.168.3.4:34376]

<\connect>



(on Mon Apr 10 05:08:40 2023
)<connect>

in line 1795[192.168.3.4:50728]

<\connect>



(on Mon Apr 10 05:08:50 2023
)<connect>

in line 1795[192.168.3.4:55772]

<\connect>



(on Mon Apr 10 05:08:50 2023
)<connect>

in line 1795[192.168.3.4:55778]

<\connect>



(on Mon Apr 10 05:08:52 2023
)<connect>

in line 1795[192.168.3.4:55790]

<\connect>



(on Mon Apr 10 05:09:25 2023
)<connect>

in line 1795[192.168.3.4:49424]

<\connect>



(on Mon Apr 10 05:15:00 2023
)<connect>

in line 1795[192.168.3.4:56098]

<\connect>



(on Mon Apr 10 05:15:44 2023
)<connect>

in line 1795[192.168.3.4:50418]

<\connect>



(on Mon Apr 10 05:16:16 2023
)<connect>

in line 1795[192.168.3.4:57796]

<\connect>



(on Mon Apr 10 05:16:17 2023
)<connect>

in line 1795[192.168.3.4:57798]

<\connect>



(on Mon Apr 10 05:16:18 2023
)<connect>

in line 1795[192.168.3.4:57806]

<\connect>



(on Mon Apr 10 05:16:37 2023
)<connect>

in line 1795[192.168.3.4:34026]

<\connect>



(on Mon Apr 10 05:16:39 2023
)<connect>

in line 1795[192.168.3.4:58812]

<\connect>



(on Mon Apr 10 05:16:40 2023
)<connect>

in line 1795[192.168.3.4:58820]

<\connect>



(on Mon Apr 10 05:17:09 2023
)<connect>

in line 1795[192.168.3.4:49624]

<\connect>



(on Mon Apr 10 05:17:11 2023
)<connect>

in line 1795[192.168.3.4:48740]

<\connect>



(on Mon Apr 10 05:17:33 2023
)<connect>

in line 1795[192.168.3.4:36446]

<\connect>



(on Mon Apr 10 05:17:43 2023
)<connect>

in line 1795[192.168.3.4:50306]

<\connect>



(on Mon Apr 10 05:18:31 2023
)<connect>

in line 1795[192.168.3.4:57598]

<\connect>



(on Mon Apr 10 05:18:32 2023
)<connect>

in line 1795[192.168.3.4:57612]

<\connect>



(on Mon Apr 10 05:18:51 2023
)<connect>

in line 1795[192.168.3.4:36722]

<\connect>



(on Mon Apr 10 05:18:53 2023
)<connect>

in line 1795[192.168.3.4:36734]

<\connect>



(on Mon Apr 10 05:18:53 2023
)<connect>

in line 1795[192.168.3.4:36736]

<\connect>



(on Mon Apr 10 05:18:54 2023
)<connect>

in line 1795[192.168.3.4:36748]

<\connect>



(on Mon Apr 10 05:18:54 2023
)<connect>

in line 1795[192.168.3.4:36764]

<\connect>



(on Mon Apr 10 06:39:19 2023
)<connect>

in line 1797[192.168.3.4:48534]

<\connect>



(on Mon Apr 10 06:39:22 2023
)<connect>

in line 1797[192.168.3.4:48538]

<\connect>



(on Mon Apr 10 06:39:23 2023
)<connect>

in line 1797[192.168.3.4:48552]

<\connect>



(on Mon Apr 10 06:39:31 2023
)<connect>

in line 1797[192.168.3.4:49002]

<\connect>



(on Mon Apr 10 06:39:32 2023
)<connect>

in line 1797[192.168.3.4:49008]

<\connect>



(on Mon Apr 10 06:42:24 2023
)<connect>

in line 1797[192.168.3.4:43194]

<\connect>



(on Mon Apr 10 06:42:26 2023
)<connect>

in line 1797[192.168.3.4:43198]

<\connect>



(on Mon Apr 10 06:44:15 2023
)<connect>

in line 1797[192.168.3.4:54400]

<\connect>



(on Mon Apr 10 06:49:44 2023
)<connect>

in line 1797[192.168.3.4:50664]

<\connect>



(on Mon Apr 10 06:49:46 2023
)<connect>

in line 1797[192.168.3.4:50670]

<\connect>



(on Mon Apr 10 06:49:59 2023
)<connect>

in line 1797[192.168.3.4:33224]

<\connect>



(on Mon Apr 10 06:50:00 2023
)<connect>

in line 1797[192.168.3.4:33232]

<\connect>



(on Mon Apr 10 06:51:23 2023
)<connect>

in line 1797[192.168.3.4:57682]

<\connect>



(on Mon Apr 10 06:51:23 2023
)<connect>

in line 1797[192.168.3.4:57686]

<\connect>



(on Mon Apr 10 06:56:50 2023
)<connect>

in line 1797[192.168.3.4:56180]

<\connect>



(on Mon Apr 10 06:58:53 2023
)<connect>

in line 1797[192.168.3.4:59414]

<\connect>



(on Mon Apr 10 06:58:54 2023
)<connect>

in line 1797[192.168.3.4:59422]

<\connect>



(on Mon Apr 10 06:59:00 2023
)<connect>

in line 1797[192.168.3.4:44658]

<\connect>

