

(on Sun Apr  9 23:46:41 2023
)<len recved>

in line 2044len=19

<\len recved>



(on Sun Apr  9 23:46:41 2023
)<message>

in line 2058message=yaoxuetao's android 2023


<\message>



(on Sun Apr  9 23:52:54 2023
)<len recved>

in line 2052len=19

<\len recved>



(on Sun Apr  9 23:52:54 2023
)<message>

in line 2066message=yaoxuetao's android 2023


<\message>



(on Sun Apr  9 23:53:25 2023
)<len recved>

in line 2052len=19

<\len recved>



(on Sun Apr  9 23:53:26 2023
)<message>

in line 2066message=yaoxuetao's android 2023


<\message>



(on Mon Apr 10 00:08:04 2023
)<len recved>

in line 2055len=19

<\len recved>



(on Mon Apr 10 00:08:04 2023
)<message>

in line 2069message=yaoxuetao's android 2023


<\message>



(on Mon Apr 10 00:12:42 2023
)<len recved>

in line 2055len=19

<\len recved>



(on Mon Apr 10 00:12:42 2023
)<message>

in line 2069message=yaoxuetao's android 2023


<\message>



(on Mon Apr 10 00:18:34 2023
)<len recved>

in line 2055len=19

<\len recved>



(on Mon Apr 10 00:18:34 2023
)<message>

in line 2069message=yaoxuetao's android 2023


<\message>



(on Mon Apr 10 00:20:34 2023
)<len recved>

in line 2055len=19

<\len recved>



(on Mon Apr 10 00:20:34 2023
)<message>

in line 2069message=yaoxuetao's android 2023


<\message>



(on Mon Apr 10 00:20:38 2023
)<n<=0>

in line 2044n=0,errno=0,Success

<\n<=0>



(on Mon Apr 10 00:21:07 2023
)<len recved>

in line 2055len=19

<\len recved>



(on Mon Apr 10 00:21:07 2023
)<message>

in line 2069message=yaoxuetao's android 2023


<\message>



(on Mon Apr 10 00:21:08 2023
)<len recved>

in line 2055len=19

<\len recved>



(on Mon Apr 10 00:21:08 2023
)<message>

in line 2069message=yaoxuetao's android 2023


<\message>



(on Mon Apr 10 00:21:09 2023
)<len recved>

in line 2055len=19

<\len recved>



(on Mon Apr 10 00:21:09 2023
)<message>

in line 2069message=yaoxuetao's android 2023


<\message>



(on Mon Apr 10 00:21:11 2023
)<n<=0>

in line 2044n=0,errno=0,Success

<\n<=0>



(on Mon Apr 10 00:21:24 2023
)<len recved>

in line 2055len=19

<\len recved>



(on Mon Apr 10 00:21:24 2023
)<message>

in line 2069message=yaoxuetao's android 2023


<\message>



(on Mon Apr 10 00:21:26 2023
)<n<=0>

in line 2044n=0,errno=0,Success

<\n<=0>



(on Mon Apr 10 00:38:56 2023
)<len recved>

in line 2055len=19

<\len recved>



(on Mon Apr 10 00:38:56 2023
)<message>

in line 2069message=yaoxuetao's android 2023


<\message>



(on Mon Apr 10 00:38:58 2023
)<len recved>

in line 2055len=19

<\len recved>



(on Mon Apr 10 00:38:58 2023
)<message>

in line 2069message=yaoxuetao's android 2023


<\message>



(on Mon Apr 10 00:40:00 2023
)<len recved>

in line 2055len=19

<\len recved>



(on Mon Apr 10 00:40:00 2023
)<message>

in line 2069message=yaoxuetao's android 2023


<\message>



(on Mon Apr 10 00:40:02 2023
)<len recved>

in line 2055len=19

<\len recved>



(on Mon Apr 10 00:40:02 2023
)<message>

in line 2069message=yaoxuetao's android 2023


<\message>



(on Mon Apr 10 00:41:29 2023
)<len recved>

in line 2055len=19

<\len recved>



(on Mon Apr 10 00:41:29 2023
)<message>

in line 2069message=yaoxuetao's android 2023


<\message>



(on Mon Apr 10 00:53:02 2023
)<len recved>

in line 2059len=19

<\len recved>



(on Mon Apr 10 00:53:02 2023
)<message>

in line 2074message=yaoxuetao's android

<\message>



(on Mon Apr 10 00:53:04 2023
)<len recved>

in line 2059len=19

<\len recved>



(on Mon Apr 10 00:53:04 2023
)<message>

in line 2074message=yaoxuetao's android

<\message>



(on Mon Apr 10 00:57:21 2023
)<len recved>

in line 2061len=19

<\len recved>



(on Mon Apr 10 00:57:21 2023
)<message>

in line 2076message=yaoxuetao's android

<\message>



(on Mon Apr 10 00:58:01 2023
)<len recved>

in line 2061len=19

<\len recved>



(on Mon Apr 10 00:58:01 2023
)<message>

in line 2076message=yaoxuetao's android

<\message>



(on Mon Apr 10 01:09:26 2023
)<len recved>

in line 2065len=19

<\len recved>



(on Mon Apr 10 01:09:26 2023
)<message>

in line 2080message=yaoxuetao's android

<\message>



(on Mon Apr 10 01:09:56 2023
)<len recved>

in line 2065len=19

<\len recved>



(on Mon Apr 10 01:09:56 2023
)<message>

in line 2080message=yaoxuetao's android

<\message>



(on Mon Apr 10 01:10:01 2023
)<len recved>

in line 2065len=19

<\len recved>



(on Mon Apr 10 01:10:01 2023
)<message>

in line 2080message=yaoxuetao's android

<\message>



(on Mon Apr 10 01:15:23 2023
)<len recved>

in line 2069len=19

<\len recved>



(on Mon Apr 10 01:15:23 2023
)<message>

in line 2084message=yaoxuetao's android

<\message>



(on Mon Apr 10 01:18:39 2023
)<len recved>

in line 2067len=19

<\len recved>



(on Mon Apr 10 01:18:39 2023
)<message>

in line 2082message=yaoxuetao's android

<\message>



(on Mon Apr 10 01:18:40 2023
)<len recved>

in line 2067len=19

<\len recved>



(on Mon Apr 10 01:18:40 2023
)<message>

in line 2082message=yaoxuetao's android

<\message>



(on Mon Apr 10 01:18:41 2023
)<len recved>

in line 2067len=19

<\len recved>



(on Mon Apr 10 01:18:41 2023
)<message>

in line 2082message=yaoxuetao's android

<\message>



(on Mon Apr 10 01:18:42 2023
)<len recved>

in line 2067len=19

<\len recved>



(on Mon Apr 10 01:18:42 2023
)<message>

in line 2082message=yaoxuetao's android

<\message>



(on Mon Apr 10 01:18:42 2023
)<len recved>

in line 2067len=19

<\len recved>



(on Mon Apr 10 01:18:42 2023
)<message>

in line 2082message=yaoxuetao's android

<\message>



(on Mon Apr 10 01:18:43 2023
)<len recved>

in line 2067len=19

<\len recved>



(on Mon Apr 10 01:18:43 2023
)<message>

in line 2082message=yaoxuetao's android

<\message>



(on Mon Apr 10 01:18:59 2023
)<len recved>

in line 2067len=19

<\len recved>



(on Mon Apr 10 01:18:59 2023
)<message>

in line 2082message=yaoxuetao's android

<\message>



(on Mon Apr 10 01:19:01 2023
)<len recved>

in line 2067len=19

<\len recved>



(on Mon Apr 10 01:19:01 2023
)<message>

in line 2082message=yaoxuetao's android

<\message>



(on Mon Apr 10 01:19:43 2023
)<len recved>

in line 2067len=19

<\len recved>



(on Mon Apr 10 01:19:43 2023
)<message>

in line 2082message=yaoxuetao's android

<\message>



(on Mon Apr 10 01:19:44 2023
)<len recved>

in line 2067len=19

<\len recved>



(on Mon Apr 10 01:19:45 2023
)<message>

in line 2082message=yaoxuetao's android

<\message>



(on Mon Apr 10 01:20:33 2023
)<len recved>

in line 2067len=19

<\len recved>



(on Mon Apr 10 01:20:33 2023
)<message>

in line 2082message=yaoxuetao's android

<\message>



(on Mon Apr 10 01:20:35 2023
)<len recved>

in line 2067len=19

<\len recved>



(on Mon Apr 10 01:20:35 2023
)<message>

in line 2082message=yaoxuetao's android

<\message>



(on Mon Apr 10 01:20:35 2023
)<len recved>

in line 2067len=19

<\len recved>



(on Mon Apr 10 01:20:35 2023
)<message>

in line 2082message=yaoxuetao's android

<\message>



(on Mon Apr 10 01:27:16 2023
)<len recved>

in line 2067len=19

<\len recved>



(on Mon Apr 10 01:27:16 2023
)<message>

in line 2082message=yaoxuetao's android

<\message>



(on Mon Apr 10 01:27:17 2023
)<len recved>

in line 2067len=19

<\len recved>



(on Mon Apr 10 01:27:17 2023
)<message>

in line 2082message=yaoxuetao's android

<\message>



(on Mon Apr 10 01:42:05 2023
)<len recved>

in line 2060len=19

<\len recved>



(on Mon Apr 10 01:42:05 2023
)<message>

in line 2075message=yaoxuetao's android

<\message>



(on Mon Apr 10 01:42:25 2023
)<len recved>

in line 2060len=19

<\len recved>



(on Mon Apr 10 01:42:25 2023
)<message>

in line 2075message=yaoxuetao's android

<\message>



(on Mon Apr 10 01:42:34 2023
)<len recved>

in line 2060len=19

<\len recved>



(on Mon Apr 10 01:42:34 2023
)<message>

in line 2075message=yaoxuetao's android

<\message>



(on Mon Apr 10 01:42:35 2023
)<len recved>

in line 2060len=19

<\len recved>



(on Mon Apr 10 01:42:35 2023
)<message>

in line 2075message=yaoxuetao's android

<\message>



(on Mon Apr 10 01:59:38 2023
)<len recved>

in line 2060len=19

<\len recved>



(on Mon Apr 10 01:59:38 2023
)<message>

in line 2075message=yaoxuetao's android

<\message>



(on Mon Apr 10 01:59:39 2023
)<len recved>

in line 2060len=19

<\len recved>



(on Mon Apr 10 01:59:39 2023
)<message>

in line 2075message=yaoxuetao's android

<\message>



(on Mon Apr 10 01:59:40 2023
)<len recved>

in line 2060len=19

<\len recved>



(on Mon Apr 10 01:59:40 2023
)<message>

in line 2075message=yaoxuetao's android

<\message>



(on Mon Apr 10 01:59:40 2023
)<len recved>

in line 2060len=19

<\len recved>



(on Mon Apr 10 01:59:40 2023
)<message>

in line 2075message=yaoxuetao's android

<\message>



(on Mon Apr 10 02:01:37 2023
)<len recved>

in line 2060len=19

<\len recved>



(on Mon Apr 10 02:01:37 2023
)<message>

in line 2075message=yaoxuetao's android

<\message>



(on Mon Apr 10 02:01:39 2023
)<len recved>

in line 2060len=19

<\len recved>



(on Mon Apr 10 02:01:39 2023
)<message>

in line 2075message=yaoxuetao's android

<\message>



(on Mon Apr 10 02:01:40 2023
)<len recved>

in line 2060len=19

<\len recved>



(on Mon Apr 10 02:01:40 2023
)<message>

in line 2075message=yaoxuetao's android

<\message>



(on Mon Apr 10 02:01:54 2023
)<len recved>

in line 2060len=19

<\len recved>



(on Mon Apr 10 02:01:54 2023
)<message>

in line 2075message=yaoxuetao's android

<\message>



(on Mon Apr 10 02:01:57 2023
)<len recved>

in line 2060len=19

<\len recved>



(on Mon Apr 10 02:01:57 2023
)<message>

in line 2075message=yaoxuetao's android

<\message>



(on Mon Apr 10 02:03:31 2023
)<len recved>

in line 2060len=19

<\len recved>



(on Mon Apr 10 02:03:31 2023
)<message>

in line 2075message=yaoxuetao's android

<\message>



(on Mon Apr 10 02:03:37 2023
)<len recved>

in line 2060len=19

<\len recved>



(on Mon Apr 10 02:03:37 2023
)<message>

in line 2075message=yaoxuetao's android

<\message>



(on Mon Apr 10 02:07:16 2023
)<len recved>

in line 2060len=19

<\len recved>



(on Mon Apr 10 02:07:16 2023
)<message>

in line 2075message=yaoxuetao's android

<\message>



(on Mon Apr 10 02:07:16 2023
)<len recved>

in line 2060len=19

<\len recved>



(on Mon Apr 10 02:07:16 2023
)<message>

in line 2075message=yaoxuetao's android

<\message>



(on Mon Apr 10 02:07:22 2023
)<len recved>

in line 2060len=19

<\len recved>



(on Mon Apr 10 02:07:22 2023
)<message>

in line 2075message=yaoxuetao's android

<\message>



(on Mon Apr 10 02:07:31 2023
)<len recved>

in line 2060len=19

<\len recved>



(on Mon Apr 10 02:07:31 2023
)<message>

in line 2075message=yaoxuetao's android

<\message>



(on Mon Apr 10 02:07:32 2023
)<len recved>

in line 2060len=19

<\len recved>



(on Mon Apr 10 02:07:32 2023
)<message>

in line 2075message=yaoxuetao's android

<\message>



(on Mon Apr 10 02:07:32 2023
)<len recved>

in line 2060len=19

<\len recved>



(on Mon Apr 10 02:07:32 2023
)<message>

in line 2075message=yaoxuetao's android

<\message>



(on Mon Apr 10 02:07:33 2023
)<len recved>

in line 2060len=19

<\len recved>



(on Mon Apr 10 02:07:33 2023
)<message>

in line 2075message=yaoxuetao's android

<\message>



(on Mon Apr 10 02:07:34 2023
)<len recved>

in line 2060len=19

<\len recved>



(on Mon Apr 10 02:07:34 2023
)<message>

in line 2075message=yaoxuetao's android

<\message>



(on Mon Apr 10 02:07:48 2023
)<len recved>

in line 2060len=19

<\len recved>



(on Mon Apr 10 02:07:48 2023
)<message>

in line 2075message=yaoxuetao's android

<\message>



(on Mon Apr 10 02:22:04 2023
)<len recved>

in line 2062len=19

<\len recved>



(on Mon Apr 10 02:22:04 2023
)<message>

in line 2077message=yaoxuetao's android

<\message>



(on Mon Apr 10 02:22:10 2023
)<len recved>

in line 2062len=19

<\len recved>



(on Mon Apr 10 02:22:10 2023
)<message>

in line 2077message=yaoxuetao's android

<\message>



(on Mon Apr 10 02:22:16 2023
)<len recved>

in line 2062len=19

<\len recved>



(on Mon Apr 10 02:22:16 2023
)<message>

in line 2077message=yaoxuetao's android

<\message>



(on Mon Apr 10 02:22:22 2023
)<len recved>

in line 2062len=19

<\len recved>



(on Mon Apr 10 02:22:22 2023
)<message>

in line 2077message=yaoxuetao's android

<\message>



(on Mon Apr 10 02:22:23 2023
)<len recved>

in line 2062len=19

<\len recved>



(on Mon Apr 10 02:22:23 2023
)<message>

in line 2077message=yaoxuetao's android

<\message>



(on Mon Apr 10 02:22:23 2023
)<len recved>

in line 2062len=19

<\len recved>



(on Mon Apr 10 02:22:23 2023
)<message>

in line 2077message=yaoxuetao's android

<\message>



(on Mon Apr 10 02:22:23 2023
)<len recved>

in line 2062len=19

<\len recved>



(on Mon Apr 10 02:22:23 2023
)<message>

in line 2077message=yaoxuetao's android

<\message>



(on Mon Apr 10 02:22:25 2023
)<len recved>

in line 2062len=19

<\len recved>



(on Mon Apr 10 02:22:25 2023
)<message>

in line 2077message=yaoxuetao's android

<\message>



(on Mon Apr 10 02:22:25 2023
)<len recved>

in line 2062len=19

<\len recved>



(on Mon Apr 10 02:22:25 2023
)<message>

in line 2077message=yaoxuetao's android

<\message>



(on Mon Apr 10 02:22:28 2023
)<len recved>

in line 2062len=19

<\len recved>



(on Mon Apr 10 02:22:28 2023
)<message>

in line 2077message=yaoxuetao's android

<\message>



(on Mon Apr 10 02:22:29 2023
)<len recved>

in line 2062len=19

<\len recved>



(on Mon Apr 10 02:22:29 2023
)<message>

in line 2077message=yaoxuetao's android

<\message>



(on Mon Apr 10 02:25:31 2023
)<len recved>

in line 2062len=19

<\len recved>



(on Mon Apr 10 02:25:31 2023
)<message>

in line 2077message=yaoxuetao's android

<\message>



(on Mon Apr 10 02:32:39 2023
)<len recved>

in line 2068len=19

<\len recved>



(on Mon Apr 10 02:32:39 2023
)<message>

in line 2083message=yaoxuetao's android

<\message>



(on Mon Apr 10 02:32:44 2023
)<len recved>

in line 2068len=19

<\len recved>



(on Mon Apr 10 02:32:44 2023
)<message>

in line 2083message=yaoxuetao's android

<\message>



(on Mon Apr 10 02:33:15 2023
)<len recved>

in line 2068len=19

<\len recved>



(on Mon Apr 10 02:33:15 2023
)<message>

in line 2083message=yaoxuetao's android

<\message>



(on Mon Apr 10 02:41:06 2023
)<len recved>

in line 2068len=19

<\len recved>



(on Mon Apr 10 02:41:06 2023
)<message>

in line 2083message=yaoxuetao's android

<\message>



(on Mon Apr 10 02:41:09 2023
)<len recved>

in line 2068len=19

<\len recved>



(on Mon Apr 10 02:41:09 2023
)<message>

in line 2083message=yaoxuetao's android

<\message>



(on Mon Apr 10 02:41:13 2023
)<len recved>

in line 2068len=19

<\len recved>



(on Mon Apr 10 02:41:13 2023
)<message>

in line 2083message=yaoxuetao's android

<\message>



(on Mon Apr 10 02:45:01 2023
)<len recved>

in line 2070len=19

<\len recved>



(on Mon Apr 10 02:45:01 2023
)<message>

in line 2085message=yaoxuetao's android

<\message>



(on Mon Apr 10 02:45:09 2023
)<len recved>

in line 2070len=19

<\len recved>



(on Mon Apr 10 02:45:09 2023
)<message>

in line 2085message=yaoxuetao's android

<\message>



(on Mon Apr 10 02:45:17 2023
)<len recved>

in line 2070len=19

<\len recved>



(on Mon Apr 10 02:45:17 2023
)<message>

in line 2085message=yaoxuetao's android

<\message>



(on Mon Apr 10 02:49:41 2023
)<len recved>

in line 2072len=19

<\len recved>



(on Mon Apr 10 02:49:41 2023
)<message>

in line 2087message=yaoxuetao's android

<\message>



(on Mon Apr 10 02:49:46 2023
)<len recved>

in line 2072len=19

<\len recved>



(on Mon Apr 10 02:49:46 2023
)<message>

in line 2087message=yaoxuetao's android

<\message>



(on Mon Apr 10 02:49:58 2023
)<len recved>

in line 2072len=19

<\len recved>



(on Mon Apr 10 02:49:58 2023
)<message>

in line 2087message=yaoxuetao's android

<\message>



(on Mon Apr 10 02:54:48 2023
)<len recved>

in line 2069len=19

<\len recved>



(on Mon Apr 10 02:54:48 2023
)<message>

in line 2084message=yaoxuetao's android

<\message>



(on Mon Apr 10 02:55:17 2023
)<len recved>

in line 2069len=19

<\len recved>



(on Mon Apr 10 02:55:17 2023
)<message>

in line 2084message=yaoxuetao's android

<\message>



(on Mon Apr 10 02:55:21 2023
)<len recved>

in line 2069len=19

<\len recved>



(on Mon Apr 10 02:55:21 2023
)<message>

in line 2084message=yaoxuetao's android

<\message>



(on Mon Apr 10 02:58:51 2023
)<len recved>

in line 2067len=19

<\len recved>



(on Mon Apr 10 02:58:51 2023
)<message>

in line 2082message=yaoxuetao's android

<\message>



(on Mon Apr 10 02:58:53 2023
)<len recved>

in line 2067len=19

<\len recved>



(on Mon Apr 10 02:58:53 2023
)<message>

in line 2082message=yaoxuetao's android

<\message>



(on Mon Apr 10 03:01:09 2023
)<len recved>

in line 2068len=19

<\len recved>



(on Mon Apr 10 03:01:09 2023
)<message>

in line 2083message=yaoxuetao's android

<\message>



(on Mon Apr 10 03:01:24 2023
)<len recved>

in line 2068len=19

<\len recved>



(on Mon Apr 10 03:01:24 2023
)<message>

in line 2083message=yaoxuetao's android

<\message>



(on Mon Apr 10 03:13:07 2023
)<len recved>

in line 2069len=19

<\len recved>



(on Mon Apr 10 03:13:07 2023
)<message>

in line 2084message=yaoxuetao's android

<\message>



(on Mon Apr 10 03:13:08 2023
)<len recved>

in line 2069len=19

<\len recved>



(on Mon Apr 10 03:13:08 2023
)<message>

in line 2084message=yaoxuetao's android

<\message>



(on Mon Apr 10 03:19:48 2023
)<len recved>

in line 2065len=19

<\len recved>



(on Mon Apr 10 03:19:48 2023
)<message>

in line 2080message=yaoxuetao's android

<\message>



(on Mon Apr 10 03:19:49 2023
)<len recved>

in line 2065len=19

<\len recved>



(on Mon Apr 10 03:19:49 2023
)<message>

in line 2080message=yaoxuetao's android

<\message>



(on Mon Apr 10 03:28:20 2023
)<len recved>

in line 2065len=19

<\len recved>



(on Mon Apr 10 03:28:20 2023
)<message>

in line 2080message=yaoxuetao's android

<\message>



(on Mon Apr 10 03:28:21 2023
)<len recved>

in line 2065len=19

<\len recved>



(on Mon Apr 10 03:28:21 2023
)<message>

in line 2080message=yaoxuetao's android

<\message>



(on Mon Apr 10 03:40:15 2023
)<len recved>

in line 2065len=19

<\len recved>



(on Mon Apr 10 03:40:15 2023
)<message>

in line 2080message=yaoxuetao's android

<\message>



(on Mon Apr 10 03:40:16 2023
)<len recved>

in line 2065len=19

<\len recved>



(on Mon Apr 10 03:40:16 2023
)<message>

in line 2080message=yaoxuetao's android

<\message>



(on Mon Apr 10 03:45:57 2023
)<len recved>

in line 2066len=19

<\len recved>



(on Mon Apr 10 03:45:57 2023
)<message>

in line 2081message=yaoxuetao's android

<\message>



(on Mon Apr 10 03:45:58 2023
)<len recved>

in line 2066len=19

<\len recved>



(on Mon Apr 10 03:45:58 2023
)<message>

in line 2081message=yaoxuetao's android

<\message>



(on Mon Apr 10 03:45:59 2023
)<len recved>

in line 2066len=19

<\len recved>



(on Mon Apr 10 03:45:59 2023
)<message>

in line 2081message=yaoxuetao's android

<\message>



(on Mon Apr 10 03:46:10 2023
)<len recved>

in line 2066len=19

<\len recved>



(on Mon Apr 10 03:46:10 2023
)<message>

in line 2081message=yaoxuetao's android

<\message>



(on Mon Apr 10 03:48:48 2023
)<len recved>

in line 2066len=19

<\len recved>



(on Mon Apr 10 03:48:48 2023
)<message>

in line 2081message=yaoxuetao's android

<\message>



(on Mon Apr 10 03:49:59 2023
)<len recved>

in line 2066len=19

<\len recved>



(on Mon Apr 10 03:49:59 2023
)<message>

in line 2081message=yaoxuetao's android

<\message>



(on Mon Apr 10 04:10:36 2023
)<len recved>

in line 2066len=19

<\len recved>



(on Mon Apr 10 04:10:37 2023
)<message>

in line 2081message=yaoxuetao's android

<\message>



(on Mon Apr 10 04:10:41 2023
)<len recved>

in line 2066len=19

<\len recved>



(on Mon Apr 10 04:10:41 2023
)<message>

in line 2081message=yaoxuetao's android

<\message>



(on Mon Apr 10 04:32:05 2023
)<len recved>

in line 2066len=19

<\len recved>



(on Mon Apr 10 04:32:05 2023
)<message>

in line 2081message=yaoxuetao's android

<\message>



(on Mon Apr 10 04:32:07 2023
)<len recved>

in line 2066len=19

<\len recved>



(on Mon Apr 10 04:32:07 2023
)<message>

in line 2081message=yaoxuetao's android

<\message>



(on Mon Apr 10 04:32:52 2023
)<len recved>

in line 2066len=19

<\len recved>



(on Mon Apr 10 04:32:52 2023
)<message>

in line 2081message=yaoxuetao's android

<\message>



(on Mon Apr 10 04:32:54 2023
)<len recved>

in line 2066len=19

<\len recved>



(on Mon Apr 10 04:32:54 2023
)<message>

in line 2081message=yaoxuetao's android

<\message>



(on Mon Apr 10 04:38:30 2023
)<len recved>

in line 2067len=19

<\len recved>



(on Mon Apr 10 04:38:30 2023
)<message>

in line 2082message=yaoxuetao's android

<\message>



(on Mon Apr 10 04:38:31 2023
)<len recved>

in line 2067len=19

<\len recved>



(on Mon Apr 10 04:38:31 2023
)<message>

in line 2082message=yaoxuetao's android

<\message>



(on Mon Apr 10 04:38:32 2023
)<len recved>

in line 2067len=19

<\len recved>



(on Mon Apr 10 04:38:32 2023
)<message>

in line 2082message=yaoxuetao's android

<\message>



(on Mon Apr 10 04:38:34 2023
)<len recved>

in line 2067len=19

<\len recved>



(on Mon Apr 10 04:38:34 2023
)<message>

in line 2082message=yaoxuetao's android

<\message>



(on Mon Apr 10 04:38:35 2023
)<len recved>

in line 2067len=19

<\len recved>



(on Mon Apr 10 04:38:35 2023
)<message>

in line 2082message=yaoxuetao's android

<\message>



(on Mon Apr 10 04:48:26 2023
)<len recved>

in line 2067len=19

<\len recved>



(on Mon Apr 10 04:48:26 2023
)<message>

in line 2082message=yaoxuetao's android

<\message>



(on Mon Apr 10 04:48:27 2023
)<len recved>

in line 2067len=19

<\len recved>



(on Mon Apr 10 04:48:27 2023
)<message>

in line 2082message=yaoxuetao's android

<\message>



(on Mon Apr 10 04:49:47 2023
)<len recved>

in line 2067len=19

<\len recved>



(on Mon Apr 10 04:49:47 2023
)<message>

in line 2082message=yaoxuetao's android

<\message>



(on Mon Apr 10 04:49:48 2023
)<len recved>

in line 2067len=19

<\len recved>



(on Mon Apr 10 04:49:48 2023
)<message>

in line 2082message=yaoxuetao's android

<\message>



(on Mon Apr 10 04:54:22 2023
)<len recved>

in line 2067len=19

<\len recved>



(on Mon Apr 10 04:54:22 2023
)<message>

in line 2082message=yaoxuetao's android

<\message>



(on Mon Apr 10 04:54:23 2023
)<len recved>

in line 2067len=19

<\len recved>



(on Mon Apr 10 04:54:23 2023
)<message>

in line 2082message=yaoxuetao's android

<\message>



(on Mon Apr 10 04:55:49 2023
)<len recved>

in line 2067len=19

<\len recved>



(on Mon Apr 10 04:55:49 2023
)<message>

in line 2082message=yaoxuetao's android

<\message>



(on Mon Apr 10 04:55:50 2023
)<len recved>

in line 2067len=19

<\len recved>



(on Mon Apr 10 04:55:51 2023
)<message>

in line 2082message=yaoxuetao's android

<\message>



(on Mon Apr 10 04:59:22 2023
)<len recved>

in line 2067len=19

<\len recved>



(on Mon Apr 10 04:59:22 2023
)<message>

in line 2082message=yaoxuetao's android

<\message>



(on Mon Apr 10 04:59:22 2023
)<len recved>

in line 2067len=19

<\len recved>



(on Mon Apr 10 04:59:22 2023
)<message>

in line 2082message=yaoxuetao's android

<\message>



(on Mon Apr 10 04:59:23 2023
)<len recved>

in line 2067len=19

<\len recved>



(on Mon Apr 10 04:59:23 2023
)<message>

in line 2082message=yaoxuetao's android

<\message>



(on Mon Apr 10 04:59:43 2023
)<len recved>

in line 2067len=19

<\len recved>



(on Mon Apr 10 04:59:43 2023
)<message>

in line 2082message=yaoxuetao's android

<\message>



(on Mon Apr 10 04:59:43 2023
)<len recved>

in line 2067len=19

<\len recved>



(on Mon Apr 10 04:59:44 2023
)<message>

in line 2082message=yaoxuetao's android

<\message>



(on Mon Apr 10 05:02:04 2023
)<len recved>

in line 2067len=19

<\len recved>



(on Mon Apr 10 05:02:04 2023
)<message>

in line 2082message=yaoxuetao's android

<\message>



(on Mon Apr 10 05:02:17 2023
)<len recved>

in line 2067len=19

<\len recved>



(on Mon Apr 10 05:02:17 2023
)<message>

in line 2082message=yaoxuetao's android

<\message>



(on Mon Apr 10 05:02:19 2023
)<len recved>

in line 2067len=19

<\len recved>



(on Mon Apr 10 05:02:19 2023
)<message>

in line 2082message=yaoxuetao's android

<\message>



(on Mon Apr 10 05:02:20 2023
)<len recved>

in line 2067len=19

<\len recved>



(on Mon Apr 10 05:02:20 2023
)<message>

in line 2082message=yaoxuetao's android

<\message>



(on Mon Apr 10 05:03:46 2023
)<len recved>

in line 2067len=19

<\len recved>



(on Mon Apr 10 05:03:46 2023
)<message>

in line 2082message=yaoxuetao's android

<\message>



(on Mon Apr 10 05:04:08 2023
)<len recved>

in line 2067len=19

<\len recved>



(on Mon Apr 10 05:04:08 2023
)<message>

in line 2082message=yaoxuetao's android

<\message>



(on Mon Apr 10 05:04:12 2023
)<len recved>

in line 2067len=19

<\len recved>



(on Mon Apr 10 05:04:12 2023
)<message>

in line 2082message=yaoxuetao's android

<\message>



(on Mon Apr 10 05:04:34 2023
)<len recved>

in line 2067len=19

<\len recved>



(on Mon Apr 10 05:04:34 2023
)<message>

in line 2082message=yaoxuetao's android

<\message>



(on Mon Apr 10 05:08:40 2023
)<len recved>

in line 2067len=19

<\len recved>



(on Mon Apr 10 05:08:40 2023
)<message>

in line 2082message=yaoxuetao's android

<\message>



(on Mon Apr 10 05:08:50 2023
)<len recved>

in line 2067len=19

<\len recved>



(on Mon Apr 10 05:08:50 2023
)<message>

in line 2082message=yaoxuetao's android

<\message>



(on Mon Apr 10 05:08:50 2023
)<len recved>

in line 2067len=19

<\len recved>



(on Mon Apr 10 05:08:50 2023
)<message>

in line 2082message=yaoxuetao's android

<\message>



(on Mon Apr 10 05:08:51 2023
)<len recved>

in line 2067len=19

<\len recved>



(on Mon Apr 10 05:08:51 2023
)<message>

in line 2082message=yaoxuetao's android

<\message>



(on Mon Apr 10 05:09:25 2023
)<len recved>

in line 2067len=19

<\len recved>



(on Mon Apr 10 05:09:25 2023
)<message>

in line 2082message=yaoxuetao's android

<\message>



(on Mon Apr 10 05:15:00 2023
)<len recved>

in line 2067len=19

<\len recved>



(on Mon Apr 10 05:15:00 2023
)<message>

in line 2082message=yaoxuetao's android

<\message>



(on Mon Apr 10 05:15:44 2023
)<len recved>

in line 2067len=19

<\len recved>



(on Mon Apr 10 05:15:44 2023
)<message>

in line 2082message=yaoxuetao's android

<\message>



(on Mon Apr 10 05:16:16 2023
)<len recved>

in line 2067len=19

<\len recved>



(on Mon Apr 10 05:16:16 2023
)<message>

in line 2082message=yaoxuetao's android

<\message>



(on Mon Apr 10 05:16:17 2023
)<len recved>

in line 2067len=19

<\len recved>



(on Mon Apr 10 05:16:17 2023
)<message>

in line 2082message=yaoxuetao's android

<\message>



(on Mon Apr 10 05:16:18 2023
)<len recved>

in line 2067len=19

<\len recved>



(on Mon Apr 10 05:16:18 2023
)<message>

in line 2082message=yaoxuetao's android

<\message>



(on Mon Apr 10 05:16:37 2023
)<len recved>

in line 2067len=19

<\len recved>



(on Mon Apr 10 05:16:37 2023
)<message>

in line 2082message=yaoxuetao's android

<\message>



(on Mon Apr 10 05:16:39 2023
)<len recved>

in line 2067len=19

<\len recved>



(on Mon Apr 10 05:16:39 2023
)<message>

in line 2082message=yaoxuetao's android

<\message>



(on Mon Apr 10 05:16:39 2023
)<len recved>

in line 2067len=19

<\len recved>



(on Mon Apr 10 05:16:39 2023
)<message>

in line 2082message=yaoxuetao's android

<\message>



(on Mon Apr 10 05:17:09 2023
)<len recved>

in line 2067len=19

<\len recved>



(on Mon Apr 10 05:17:09 2023
)<message>

in line 2082message=yaoxuetao's android

<\message>



(on Mon Apr 10 05:17:11 2023
)<len recved>

in line 2067len=19

<\len recved>



(on Mon Apr 10 05:17:11 2023
)<message>

in line 2082message=yaoxuetao's android

<\message>



(on Mon Apr 10 05:17:33 2023
)<len recved>

in line 2067len=19

<\len recved>



(on Mon Apr 10 05:17:33 2023
)<message>

in line 2082message=yaoxuetao's android

<\message>



(on Mon Apr 10 05:17:43 2023
)<len recved>

in line 2067len=19

<\len recved>



(on Mon Apr 10 05:17:43 2023
)<message>

in line 2082message=yaoxuetao's android

<\message>



(on Mon Apr 10 05:18:31 2023
)<len recved>

in line 2067len=19

<\len recved>



(on Mon Apr 10 05:18:31 2023
)<message>

in line 2082message=yaoxuetao's android

<\message>



(on Mon Apr 10 05:18:32 2023
)<len recved>

in line 2067len=19

<\len recved>



(on Mon Apr 10 05:18:32 2023
)<message>

in line 2082message=yaoxuetao's android

<\message>



(on Mon Apr 10 05:18:51 2023
)<len recved>

in line 2067len=19

<\len recved>



(on Mon Apr 10 05:18:51 2023
)<message>

in line 2082message=yaoxuetao's android

<\message>



(on Mon Apr 10 05:18:52 2023
)<len recved>

in line 2067len=19

<\len recved>



(on Mon Apr 10 05:18:52 2023
)<message>

in line 2082message=yaoxuetao's android

<\message>



(on Mon Apr 10 05:18:53 2023
)<len recved>

in line 2067len=19

<\len recved>



(on Mon Apr 10 05:18:53 2023
)<message>

in line 2082message=yaoxuetao's android

<\message>



(on Mon Apr 10 05:18:54 2023
)<len recved>

in line 2067len=19

<\len recved>



(on Mon Apr 10 05:18:54 2023
)<message>

in line 2082message=yaoxuetao's android

<\message>



(on Mon Apr 10 05:18:54 2023
)<len recved>

in line 2067len=19

<\len recved>



(on Mon Apr 10 05:18:54 2023
)<message>

in line 2082message=yaoxuetao's android

<\message>



(on Mon Apr 10 06:29:50 2023
)<len recved>

in line 2073len=19

<\len recved>



(on Mon Apr 10 06:29:50 2023
)<message>

in line 2088message=yaoxuetao's android

<\message>



(on Mon Apr 10 06:39:19 2023
)<len recved>

in line 2073len=19

<\len recved>



(on Mon Apr 10 06:39:19 2023
)<message>

in line 2088message=yaoxuetao's android

<\message>



(on Mon Apr 10 06:39:22 2023
)<len recved>

in line 2073len=19

<\len recved>



(on Mon Apr 10 06:39:22 2023
)<message>

in line 2088message=yaoxuetao's android

<\message>



(on Mon Apr 10 06:39:23 2023
)<len recved>

in line 2073len=19

<\len recved>



(on Mon Apr 10 06:39:23 2023
)<message>

in line 2088message=yaoxuetao's android

<\message>



(on Mon Apr 10 06:39:31 2023
)<len recved>

in line 2073len=19

<\len recved>



(on Mon Apr 10 06:39:31 2023
)<message>

in line 2088message=yaoxuetao's android

<\message>



(on Mon Apr 10 06:39:32 2023
)<len recved>

in line 2073len=19

<\len recved>



(on Mon Apr 10 06:39:32 2023
)<message>

in line 2088message=yaoxuetao's android

<\message>



(on Mon Apr 10 06:42:24 2023
)<len recved>

in line 2073len=19

<\len recved>



(on Mon Apr 10 06:42:24 2023
)<message>

in line 2088message=yaoxuetao's android

<\message>



(on Mon Apr 10 06:42:26 2023
)<len recved>

in line 2073len=19

<\len recved>



(on Mon Apr 10 06:42:26 2023
)<message>

in line 2088message=yaoxuetao's android

<\message>



(on Mon Apr 10 06:44:15 2023
)<len recved>

in line 2073len=19

<\len recved>



(on Mon Apr 10 06:44:15 2023
)<message>

in line 2088message=yaoxuetao's android

<\message>



(on Mon Apr 10 06:49:44 2023
)<len recved>

in line 2073len=19

<\len recved>



(on Mon Apr 10 06:49:44 2023
)<message>

in line 2088message=yaoxuetao's android

<\message>



(on Mon Apr 10 06:49:46 2023
)<len recved>

in line 2073len=19

<\len recved>



(on Mon Apr 10 06:49:46 2023
)<message>

in line 2088message=yaoxuetao's android

<\message>



(on Mon Apr 10 06:49:59 2023
)<len recved>

in line 2073len=19

<\len recved>



(on Mon Apr 10 06:49:59 2023
)<message>

in line 2088message=yaoxuetao's android

<\message>



(on Mon Apr 10 06:50:00 2023
)<len recved>

in line 2073len=19

<\len recved>



(on Mon Apr 10 06:50:00 2023
)<message>

in line 2088message=yaoxuetao's android

<\message>



(on Mon Apr 10 06:51:23 2023
)<len recved>

in line 2073len=19

<\len recved>



(on Mon Apr 10 06:51:23 2023
)<message>

in line 2088message=yaoxuetao's android

<\message>



(on Mon Apr 10 06:51:23 2023
)<len recved>

in line 2073len=19

<\len recved>



(on Mon Apr 10 06:51:23 2023
)<message>

in line 2088message=yaoxuetao's android

<\message>



(on Mon Apr 10 06:56:50 2023
)<len recved>

in line 2073len=19

<\len recved>



(on Mon Apr 10 06:56:50 2023
)<message>

in line 2088message=yaoxuetao's android

<\message>



(on Mon Apr 10 06:58:53 2023
)<len recved>

in line 2073len=19

<\len recved>



(on Mon Apr 10 06:58:53 2023
)<message>

in line 2088message=yaoxuetao's android

<\message>



(on Mon Apr 10 06:58:54 2023
)<len recved>

in line 2073len=19

<\len recved>



(on Mon Apr 10 06:58:54 2023
)<message>

in line 2088message=yaoxuetao's android

<\message>



(on Mon Apr 10 06:59:00 2023
)<len recved>

in line 2073len=19

<\len recved>



(on Mon Apr 10 06:59:00 2023
)<message>

in line 2088message=yaoxuetao's android

<\message>

