

(on Mon Apr 10 06:50:21 2023
)<delete>

in line 1551in delete all

<\delete>



(on Mon Apr 10 06:50:21 2023
)<rm>

in line 100rm "/home/yaoxuetao/CA3 IOT NODE/faces"/*

<\rm>



(on Mon Apr 10 06:50:25 2023
)<delete>

in line 1551in delete all

<\delete>



(on Mon Apr 10 06:50:25 2023
)<rm>

in line 100rm "/home/yaoxuetao/CA3 IOT NODE/faces"/*

<\rm>



(on Mon Apr 10 06:57:02 2023
)<delete>

in line 1551in delete all

<\delete>



(on Mon Apr 10 06:57:02 2023
)<rm>

in line 100rm "/home/yaoxuetao/CA3 IOT NODE/faces"/*

<\rm>

