

(on Mon Apr 10 21:00:45 2023
)<intilialize>

in line 2208vode=0

<\intilialize>



(on Mon Apr 10 21:00:45 2023
)<intilialize>

in line 2208vode=1

<\intilialize>



(on Mon Apr 10 21:00:45 2023
)<intilialize>

in line 2208vode=2

<\intilialize>



(on Mon Apr 10 21:00:45 2023
)<intilialize>

in line 2208vode=3

<\intilialize>



(on Mon Apr 10 21:00:45 2023
)<intilialize>

in line 2208vode=4

<\intilialize>



(on Mon Apr 10 21:00:45 2023
)<intilialize>

in line 2208vode=5

<\intilialize>



(on Mon Apr 10 21:00:45 2023
)<intilialize>

in line 2208vode=6

<\intilialize>



(on Mon Apr 10 21:00:45 2023
)<intilialize>

in line 2208vode=7

<\intilialize>



(on Mon Apr 10 21:00:45 2023
)<intilialize>

in line 2208vode=8

<\intilialize>



(on Mon Apr 10 21:00:45 2023
)<intilialize>

in line 2208vode=9

<\intilialize>



(on Mon Apr 10 21:00:45 2023
)<intilialize>

in line 2208vode=10

<\intilialize>



(on Mon Apr 10 21:00:45 2023
)<intilialize>

in line 2208vode=11

<\intilialize>



(on Mon Apr 10 21:00:45 2023
)<intilialize>

in line 2208vode=12

<\intilialize>



(on Mon Apr 10 21:00:45 2023
)<intilialize>

in line 2208vode=13

<\intilialize>



(on Mon Apr 10 21:00:45 2023
)<intilialize>

in line 2208vode=14

<\intilialize>



(on Mon Apr 10 21:00:45 2023
)<intilialize>

in line 2208vode=15

<\intilialize>



(on Mon Apr 10 21:00:45 2023
)<intilialize>

in line 2208vode=16

<\intilialize>



(on Mon Apr 10 21:00:45 2023
)<intilialize>

in line 2208vode=17

<\intilialize>



(on Mon Apr 10 21:00:45 2023
)<intilialize>

in line 2208vode=18

<\intilialize>



(on Mon Apr 10 21:00:45 2023
)<intilialize>

in line 2208vode=19

<\intilialize>



(on Mon Apr 10 21:00:45 2023
)<intilialize>

in line 2208vode=20

<\intilialize>



(on Mon Apr 10 21:00:45 2023
)<intilialize>

in line 2208vode=21

<\intilialize>



(on Mon Apr 10 21:00:45 2023
)<intilialize>

in line 2208vode=22

<\intilialize>



(on Mon Apr 10 21:00:45 2023
)<intilialize>

in line 2208vode=23

<\intilialize>



(on Mon Apr 10 21:00:45 2023
)<intilialize>

in line 2208vode=24

<\intilialize>



(on Mon Apr 10 21:00:45 2023
)<intilialize>

in line 2208vode=25

<\intilialize>



(on Mon Apr 10 21:00:45 2023
)<intilialize>

in line 2208vode=26

<\intilialize>



(on Mon Apr 10 21:00:45 2023
)<intilialize>

in line 2208vode=27

<\intilialize>



(on Mon Apr 10 21:00:45 2023
)<intilialize>

in line 2208vode=28

<\intilialize>



(on Mon Apr 10 21:00:45 2023
)<intilialize>

in line 2208vode=29

<\intilialize>



(on Mon Apr 10 21:00:45 2023
)<intilialize>

in line 2208vode=30

<\intilialize>



(on Mon Apr 10 21:00:45 2023
)<intilialize>

in line 2208vode=31

<\intilialize>



(on Mon Apr 10 21:00:45 2023
)<intilialize>

in line 2208vode=32

<\intilialize>



(on Mon Apr 10 21:00:45 2023
)<intilialize>

in line 2208vode=33

<\intilialize>



(on Mon Apr 10 21:00:45 2023
)<intilialize>

in line 2208vode=34

<\intilialize>



(on Mon Apr 10 21:00:45 2023
)<intilialize>

in line 2208vode=35

<\intilialize>



(on Mon Apr 10 21:00:45 2023
)<intilialize>

in line 2208vode=36

<\intilialize>



(on Mon Apr 10 21:00:45 2023
)<intilialize>

in line 2208vode=37

<\intilialize>



(on Mon Apr 10 21:00:45 2023
)<intilialize>

in line 2208vode=38

<\intilialize>



(on Mon Apr 10 21:00:45 2023
)<intilialize>

in line 2208vode=39

<\intilialize>



(on Mon Apr 10 21:00:45 2023
)<intilialize>

in line 2208vode=40

<\intilialize>



(on Mon Apr 10 21:00:45 2023
)<intilialize>

in line 2208vode=41

<\intilialize>



(on Mon Apr 10 21:00:45 2023
)<intilialize>

in line 2208vode=42

<\intilialize>



(on Mon Apr 10 21:00:45 2023
)<intilialize>

in line 2208vode=43

<\intilialize>



(on Mon Apr 10 21:00:45 2023
)<intilialize>

in line 2208vode=44

<\intilialize>



(on Mon Apr 10 21:00:45 2023
)<intilialize>

in line 2208vode=45

<\intilialize>



(on Mon Apr 10 21:00:45 2023
)<intilialize>

in line 2208vode=46

<\intilialize>



(on Mon Apr 10 21:00:45 2023
)<intilialize>

in line 2208vode=47

<\intilialize>



(on Mon Apr 10 21:00:45 2023
)<intilialize>

in line 2208vode=48

<\intilialize>



(on Mon Apr 10 21:00:45 2023
)<intilialize>

in line 2208vode=49

<\intilialize>



(on Mon Apr 10 21:00:45 2023
)<intilialize>

in line 2208vode=50

<\intilialize>



(on Mon Apr 10 21:00:45 2023
)<intilialize>

in line 2208vode=51

<\intilialize>



(on Mon Apr 10 21:00:45 2023
)<intilialize>

in line 2208vode=52

<\intilialize>



(on Mon Apr 10 21:00:45 2023
)<intilialize>

in line 2208vode=53

<\intilialize>



(on Mon Apr 10 21:00:45 2023
)<intilialize>

in line 2208vode=54

<\intilialize>



(on Mon Apr 10 21:00:45 2023
)<intilialize>

in line 2208vode=55

<\intilialize>



(on Mon Apr 10 21:00:45 2023
)<intilialize>

in line 2208vode=56

<\intilialize>



(on Mon Apr 10 21:00:45 2023
)<intilialize>

in line 2208vode=57

<\intilialize>



(on Mon Apr 10 21:00:45 2023
)<intilialize>

in line 2208vode=58

<\intilialize>



(on Mon Apr 10 21:00:45 2023
)<intilialize>

in line 2208vode=59

<\intilialize>



(on Mon Apr 10 21:00:45 2023
)<intilialize>

in line 2208vode=60

<\intilialize>



(on Mon Apr 10 21:00:45 2023
)<intilialize>

in line 2208vode=61

<\intilialize>



(on Mon Apr 10 21:00:45 2023
)<intilialize>

in line 2208vode=62

<\intilialize>



(on Mon Apr 10 21:00:45 2023
)<intilialize>

in line 2208vode=63

<\intilialize>



(on Mon Apr 10 21:00:45 2023
)<intilialize>

in line 2208vode=64

<\intilialize>



(on Mon Apr 10 21:00:45 2023
)<intilialize>

in line 2208vode=65

<\intilialize>



(on Mon Apr 10 21:00:45 2023
)<intilialize>

in line 2208vode=66

<\intilialize>



(on Mon Apr 10 21:00:45 2023
)<intilialize>

in line 2208vode=67

<\intilialize>



(on Mon Apr 10 21:00:45 2023
)<intilialize>

in line 2208vode=68

<\intilialize>



(on Mon Apr 10 21:00:45 2023
)<intilialize>

in line 2208vode=69

<\intilialize>



(on Mon Apr 10 21:00:45 2023
)<intilialize>

in line 2208vode=70

<\intilialize>



(on Mon Apr 10 21:00:45 2023
)<intilialize>

in line 2208vode=71

<\intilialize>



(on Mon Apr 10 21:00:45 2023
)<intilialize>

in line 2208vode=72

<\intilialize>



(on Mon Apr 10 21:00:45 2023
)<intilialize>

in line 2208vode=73

<\intilialize>



(on Mon Apr 10 21:00:45 2023
)<intilialize>

in line 2208vode=74

<\intilialize>



(on Mon Apr 10 21:00:45 2023
)<intilialize>

in line 2208vode=75

<\intilialize>



(on Mon Apr 10 21:00:45 2023
)<intilialize>

in line 2208vode=76

<\intilialize>



(on Mon Apr 10 21:00:45 2023
)<intilialize>

in line 2208vode=77

<\intilialize>



(on Mon Apr 10 21:00:45 2023
)<intilialize>

in line 2208vode=78

<\intilialize>



(on Mon Apr 10 21:00:45 2023
)<intilialize>

in line 2208vode=79

<\intilialize>



(on Mon Apr 10 21:00:45 2023
)<intilialize>

in line 2208vode=80

<\intilialize>



(on Mon Apr 10 21:00:45 2023
)<intilialize>

in line 2208vode=81

<\intilialize>



(on Mon Apr 10 21:00:45 2023
)<intilialize>

in line 2208vode=82

<\intilialize>



(on Mon Apr 10 21:00:45 2023
)<intilialize>

in line 2208vode=83

<\intilialize>



(on Mon Apr 10 21:00:45 2023
)<intilialize>

in line 2208vode=84

<\intilialize>



(on Mon Apr 10 21:00:45 2023
)<intilialize>

in line 2208vode=85

<\intilialize>



(on Mon Apr 10 21:00:45 2023
)<intilialize>

in line 2208vode=86

<\intilialize>



(on Mon Apr 10 21:00:45 2023
)<intilialize>

in line 2208vode=87

<\intilialize>



(on Mon Apr 10 21:00:45 2023
)<intilialize>

in line 2208vode=88

<\intilialize>



(on Mon Apr 10 21:00:45 2023
)<intilialize>

in line 2208vode=89

<\intilialize>



(on Mon Apr 10 21:00:45 2023
)<intilialize>

in line 2208vode=90

<\intilialize>



(on Mon Apr 10 21:00:45 2023
)<intilialize>

in line 2208vode=91

<\intilialize>



(on Mon Apr 10 21:00:45 2023
)<intilialize>

in line 2208vode=92

<\intilialize>



(on Mon Apr 10 21:00:45 2023
)<intilialize>

in line 2208vode=93

<\intilialize>



(on Mon Apr 10 21:00:45 2023
)<intilialize>

in line 2208vode=94

<\intilialize>



(on Mon Apr 10 21:00:45 2023
)<intilialize>

in line 2208vode=95

<\intilialize>



(on Mon Apr 10 21:00:45 2023
)<intilialize>

in line 2208vode=96

<\intilialize>



(on Mon Apr 10 21:00:45 2023
)<intilialize>

in line 2208vode=97

<\intilialize>



(on Mon Apr 10 21:00:45 2023
)<intilialize>

in line 2208vode=98

<\intilialize>



(on Mon Apr 10 21:00:45 2023
)<intilialize>

in line 2208vode=99

<\intilialize>



(on Tue Apr 11 02:40:57 2023
)<intilialize>

in line 2223vode=0

<\intilialize>



(on Tue Apr 11 02:40:57 2023
)<intilialize>

in line 2223vode=1

<\intilialize>



(on Tue Apr 11 02:40:57 2023
)<intilialize>

in line 2223vode=2

<\intilialize>



(on Tue Apr 11 02:40:57 2023
)<intilialize>

in line 2223vode=3

<\intilialize>



(on Tue Apr 11 02:40:57 2023
)<intilialize>

in line 2223vode=4

<\intilialize>



(on Tue Apr 11 02:40:57 2023
)<intilialize>

in line 2223vode=5

<\intilialize>



(on Tue Apr 11 02:40:57 2023
)<intilialize>

in line 2223vode=6

<\intilialize>



(on Tue Apr 11 02:40:57 2023
)<intilialize>

in line 2223vode=7

<\intilialize>



(on Tue Apr 11 02:40:57 2023
)<intilialize>

in line 2223vode=8

<\intilialize>



(on Tue Apr 11 02:40:57 2023
)<intilialize>

in line 2223vode=9

<\intilialize>



(on Tue Apr 11 02:40:57 2023
)<intilialize>

in line 2223vode=10

<\intilialize>



(on Tue Apr 11 02:40:57 2023
)<intilialize>

in line 2223vode=11

<\intilialize>



(on Tue Apr 11 02:40:57 2023
)<intilialize>

in line 2223vode=12

<\intilialize>



(on Tue Apr 11 02:40:57 2023
)<intilialize>

in line 2223vode=13

<\intilialize>



(on Tue Apr 11 02:40:57 2023
)<intilialize>

in line 2223vode=14

<\intilialize>



(on Tue Apr 11 02:40:57 2023
)<intilialize>

in line 2223vode=15

<\intilialize>



(on Tue Apr 11 02:40:57 2023
)<intilialize>

in line 2223vode=16

<\intilialize>



(on Tue Apr 11 02:40:57 2023
)<intilialize>

in line 2223vode=17

<\intilialize>



(on Tue Apr 11 02:40:57 2023
)<intilialize>

in line 2223vode=18

<\intilialize>



(on Tue Apr 11 02:40:57 2023
)<intilialize>

in line 2223vode=19

<\intilialize>



(on Tue Apr 11 02:40:57 2023
)<intilialize>

in line 2223vode=20

<\intilialize>



(on Tue Apr 11 02:40:57 2023
)<intilialize>

in line 2223vode=21

<\intilialize>



(on Tue Apr 11 02:40:57 2023
)<intilialize>

in line 2223vode=22

<\intilialize>



(on Tue Apr 11 02:40:57 2023
)<intilialize>

in line 2223vode=23

<\intilialize>



(on Tue Apr 11 02:40:57 2023
)<intilialize>

in line 2223vode=24

<\intilialize>



(on Tue Apr 11 02:40:57 2023
)<intilialize>

in line 2223vode=25

<\intilialize>



(on Tue Apr 11 02:40:57 2023
)<intilialize>

in line 2223vode=26

<\intilialize>



(on Tue Apr 11 02:40:57 2023
)<intilialize>

in line 2223vode=27

<\intilialize>



(on Tue Apr 11 02:40:57 2023
)<intilialize>

in line 2223vode=28

<\intilialize>



(on Tue Apr 11 02:40:57 2023
)<intilialize>

in line 2223vode=29

<\intilialize>



(on Tue Apr 11 02:40:57 2023
)<intilialize>

in line 2223vode=30

<\intilialize>



(on Tue Apr 11 02:40:57 2023
)<intilialize>

in line 2223vode=31

<\intilialize>



(on Tue Apr 11 02:40:57 2023
)<intilialize>

in line 2223vode=32

<\intilialize>



(on Tue Apr 11 02:40:57 2023
)<intilialize>

in line 2223vode=33

<\intilialize>



(on Tue Apr 11 02:40:57 2023
)<intilialize>

in line 2223vode=34

<\intilialize>



(on Tue Apr 11 02:40:57 2023
)<intilialize>

in line 2223vode=35

<\intilialize>



(on Tue Apr 11 02:40:57 2023
)<intilialize>

in line 2223vode=36

<\intilialize>



(on Tue Apr 11 02:40:57 2023
)<intilialize>

in line 2223vode=37

<\intilialize>



(on Tue Apr 11 02:40:57 2023
)<intilialize>

in line 2223vode=38

<\intilialize>



(on Tue Apr 11 02:40:57 2023
)<intilialize>

in line 2223vode=39

<\intilialize>



(on Tue Apr 11 02:40:57 2023
)<intilialize>

in line 2223vode=40

<\intilialize>



(on Tue Apr 11 02:40:57 2023
)<intilialize>

in line 2223vode=41

<\intilialize>



(on Tue Apr 11 02:40:57 2023
)<intilialize>

in line 2223vode=42

<\intilialize>



(on Tue Apr 11 02:40:57 2023
)<intilialize>

in line 2223vode=43

<\intilialize>



(on Tue Apr 11 02:40:57 2023
)<intilialize>

in line 2223vode=44

<\intilialize>



(on Tue Apr 11 02:40:57 2023
)<intilialize>

in line 2223vode=45

<\intilialize>



(on Tue Apr 11 02:40:57 2023
)<intilialize>

in line 2223vode=46

<\intilialize>



(on Tue Apr 11 02:40:57 2023
)<intilialize>

in line 2223vode=47

<\intilialize>



(on Tue Apr 11 02:40:57 2023
)<intilialize>

in line 2223vode=48

<\intilialize>



(on Tue Apr 11 02:40:57 2023
)<intilialize>

in line 2223vode=49

<\intilialize>



(on Tue Apr 11 02:40:57 2023
)<intilialize>

in line 2223vode=50

<\intilialize>



(on Tue Apr 11 02:40:57 2023
)<intilialize>

in line 2223vode=51

<\intilialize>



(on Tue Apr 11 02:40:57 2023
)<intilialize>

in line 2223vode=52

<\intilialize>



(on Tue Apr 11 02:40:57 2023
)<intilialize>

in line 2223vode=53

<\intilialize>



(on Tue Apr 11 02:40:57 2023
)<intilialize>

in line 2223vode=54

<\intilialize>



(on Tue Apr 11 02:40:57 2023
)<intilialize>

in line 2223vode=55

<\intilialize>



(on Tue Apr 11 02:40:57 2023
)<intilialize>

in line 2223vode=56

<\intilialize>



(on Tue Apr 11 02:40:57 2023
)<intilialize>

in line 2223vode=57

<\intilialize>



(on Tue Apr 11 02:40:57 2023
)<intilialize>

in line 2223vode=58

<\intilialize>



(on Tue Apr 11 02:40:57 2023
)<intilialize>

in line 2223vode=59

<\intilialize>



(on Tue Apr 11 02:40:57 2023
)<intilialize>

in line 2223vode=60

<\intilialize>



(on Tue Apr 11 02:40:57 2023
)<intilialize>

in line 2223vode=61

<\intilialize>



(on Tue Apr 11 02:40:57 2023
)<intilialize>

in line 2223vode=62

<\intilialize>



(on Tue Apr 11 02:40:57 2023
)<intilialize>

in line 2223vode=63

<\intilialize>



(on Tue Apr 11 02:40:57 2023
)<intilialize>

in line 2223vode=64

<\intilialize>



(on Tue Apr 11 02:40:57 2023
)<intilialize>

in line 2223vode=65

<\intilialize>



(on Tue Apr 11 02:40:57 2023
)<intilialize>

in line 2223vode=66

<\intilialize>



(on Tue Apr 11 02:40:57 2023
)<intilialize>

in line 2223vode=67

<\intilialize>



(on Tue Apr 11 02:40:57 2023
)<intilialize>

in line 2223vode=68

<\intilialize>



(on Tue Apr 11 02:40:57 2023
)<intilialize>

in line 2223vode=69

<\intilialize>



(on Tue Apr 11 02:40:57 2023
)<intilialize>

in line 2223vode=70

<\intilialize>



(on Tue Apr 11 02:40:57 2023
)<intilialize>

in line 2223vode=71

<\intilialize>



(on Tue Apr 11 02:40:57 2023
)<intilialize>

in line 2223vode=72

<\intilialize>



(on Tue Apr 11 02:40:57 2023
)<intilialize>

in line 2223vode=73

<\intilialize>



(on Tue Apr 11 02:40:57 2023
)<intilialize>

in line 2223vode=74

<\intilialize>



(on Tue Apr 11 02:40:57 2023
)<intilialize>

in line 2223vode=75

<\intilialize>



(on Tue Apr 11 02:40:57 2023
)<intilialize>

in line 2223vode=76

<\intilialize>



(on Tue Apr 11 02:40:57 2023
)<intilialize>

in line 2223vode=77

<\intilialize>



(on Tue Apr 11 02:40:57 2023
)<intilialize>

in line 2223vode=78

<\intilialize>



(on Tue Apr 11 02:40:57 2023
)<intilialize>

in line 2223vode=79

<\intilialize>



(on Tue Apr 11 02:40:57 2023
)<intilialize>

in line 2223vode=80

<\intilialize>



(on Tue Apr 11 02:40:57 2023
)<intilialize>

in line 2223vode=81

<\intilialize>



(on Tue Apr 11 02:40:57 2023
)<intilialize>

in line 2223vode=82

<\intilialize>



(on Tue Apr 11 02:40:57 2023
)<intilialize>

in line 2223vode=83

<\intilialize>



(on Tue Apr 11 02:40:57 2023
)<intilialize>

in line 2223vode=84

<\intilialize>



(on Tue Apr 11 02:40:57 2023
)<intilialize>

in line 2223vode=85

<\intilialize>



(on Tue Apr 11 02:40:57 2023
)<intilialize>

in line 2223vode=86

<\intilialize>



(on Tue Apr 11 02:40:57 2023
)<intilialize>

in line 2223vode=87

<\intilialize>



(on Tue Apr 11 02:40:57 2023
)<intilialize>

in line 2223vode=88

<\intilialize>



(on Tue Apr 11 02:40:57 2023
)<intilialize>

in line 2223vode=89

<\intilialize>



(on Tue Apr 11 02:40:57 2023
)<intilialize>

in line 2223vode=90

<\intilialize>



(on Tue Apr 11 02:40:57 2023
)<intilialize>

in line 2223vode=91

<\intilialize>



(on Tue Apr 11 02:40:57 2023
)<intilialize>

in line 2223vode=92

<\intilialize>



(on Tue Apr 11 02:40:57 2023
)<intilialize>

in line 2223vode=93

<\intilialize>



(on Tue Apr 11 02:40:57 2023
)<intilialize>

in line 2223vode=94

<\intilialize>



(on Tue Apr 11 02:40:57 2023
)<intilialize>

in line 2223vode=95

<\intilialize>



(on Tue Apr 11 02:40:57 2023
)<intilialize>

in line 2223vode=96

<\intilialize>



(on Tue Apr 11 02:40:57 2023
)<intilialize>

in line 2223vode=97

<\intilialize>



(on Tue Apr 11 02:40:57 2023
)<intilialize>

in line 2223vode=98

<\intilialize>



(on Tue Apr 11 02:40:57 2023
)<intilialize>

in line 2223vode=99

<\intilialize>



(on Tue Apr 11 02:41:06 2023
)<intilialize>

in line 2223vode=0

<\intilialize>



(on Tue Apr 11 02:41:06 2023
)<intilialize>

in line 2223vode=1

<\intilialize>



(on Tue Apr 11 02:41:06 2023
)<intilialize>

in line 2223vode=2

<\intilialize>



(on Tue Apr 11 02:41:06 2023
)<intilialize>

in line 2223vode=3

<\intilialize>



(on Tue Apr 11 02:41:06 2023
)<intilialize>

in line 2223vode=4

<\intilialize>



(on Tue Apr 11 02:41:06 2023
)<intilialize>

in line 2223vode=5

<\intilialize>



(on Tue Apr 11 02:41:06 2023
)<intilialize>

in line 2223vode=6

<\intilialize>



(on Tue Apr 11 02:41:06 2023
)<intilialize>

in line 2223vode=7

<\intilialize>



(on Tue Apr 11 02:41:06 2023
)<intilialize>

in line 2223vode=8

<\intilialize>



(on Tue Apr 11 02:41:06 2023
)<intilialize>

in line 2223vode=9

<\intilialize>



(on Tue Apr 11 02:41:06 2023
)<intilialize>

in line 2223vode=10

<\intilialize>



(on Tue Apr 11 02:41:06 2023
)<intilialize>

in line 2223vode=11

<\intilialize>



(on Tue Apr 11 02:41:06 2023
)<intilialize>

in line 2223vode=12

<\intilialize>



(on Tue Apr 11 02:41:06 2023
)<intilialize>

in line 2223vode=13

<\intilialize>



(on Tue Apr 11 02:41:06 2023
)<intilialize>

in line 2223vode=14

<\intilialize>



(on Tue Apr 11 02:41:06 2023
)<intilialize>

in line 2223vode=15

<\intilialize>



(on Tue Apr 11 02:41:06 2023
)<intilialize>

in line 2223vode=16

<\intilialize>



(on Tue Apr 11 02:41:06 2023
)<intilialize>

in line 2223vode=17

<\intilialize>



(on Tue Apr 11 02:41:06 2023
)<intilialize>

in line 2223vode=18

<\intilialize>



(on Tue Apr 11 02:41:06 2023
)<intilialize>

in line 2223vode=19

<\intilialize>



(on Tue Apr 11 02:41:06 2023
)<intilialize>

in line 2223vode=20

<\intilialize>



(on Tue Apr 11 02:41:06 2023
)<intilialize>

in line 2223vode=21

<\intilialize>



(on Tue Apr 11 02:41:06 2023
)<intilialize>

in line 2223vode=22

<\intilialize>



(on Tue Apr 11 02:41:06 2023
)<intilialize>

in line 2223vode=23

<\intilialize>



(on Tue Apr 11 02:41:06 2023
)<intilialize>

in line 2223vode=24

<\intilialize>



(on Tue Apr 11 02:41:06 2023
)<intilialize>

in line 2223vode=25

<\intilialize>



(on Tue Apr 11 02:41:06 2023
)<intilialize>

in line 2223vode=26

<\intilialize>



(on Tue Apr 11 02:41:06 2023
)<intilialize>

in line 2223vode=27

<\intilialize>



(on Tue Apr 11 02:41:06 2023
)<intilialize>

in line 2223vode=28

<\intilialize>



(on Tue Apr 11 02:41:06 2023
)<intilialize>

in line 2223vode=29

<\intilialize>



(on Tue Apr 11 02:41:06 2023
)<intilialize>

in line 2223vode=30

<\intilialize>



(on Tue Apr 11 02:41:06 2023
)<intilialize>

in line 2223vode=31

<\intilialize>



(on Tue Apr 11 02:41:06 2023
)<intilialize>

in line 2223vode=32

<\intilialize>



(on Tue Apr 11 02:41:06 2023
)<intilialize>

in line 2223vode=33

<\intilialize>



(on Tue Apr 11 02:41:06 2023
)<intilialize>

in line 2223vode=34

<\intilialize>



(on Tue Apr 11 02:41:06 2023
)<intilialize>

in line 2223vode=35

<\intilialize>



(on Tue Apr 11 02:41:06 2023
)<intilialize>

in line 2223vode=36

<\intilialize>



(on Tue Apr 11 02:41:06 2023
)<intilialize>

in line 2223vode=37

<\intilialize>



(on Tue Apr 11 02:41:06 2023
)<intilialize>

in line 2223vode=38

<\intilialize>



(on Tue Apr 11 02:41:06 2023
)<intilialize>

in line 2223vode=39

<\intilialize>



(on Tue Apr 11 02:41:06 2023
)<intilialize>

in line 2223vode=40

<\intilialize>



(on Tue Apr 11 02:41:06 2023
)<intilialize>

in line 2223vode=41

<\intilialize>



(on Tue Apr 11 02:41:06 2023
)<intilialize>

in line 2223vode=42

<\intilialize>



(on Tue Apr 11 02:41:06 2023
)<intilialize>

in line 2223vode=43

<\intilialize>



(on Tue Apr 11 02:41:06 2023
)<intilialize>

in line 2223vode=44

<\intilialize>



(on Tue Apr 11 02:41:06 2023
)<intilialize>

in line 2223vode=45

<\intilialize>



(on Tue Apr 11 02:41:06 2023
)<intilialize>

in line 2223vode=46

<\intilialize>



(on Tue Apr 11 02:41:06 2023
)<intilialize>

in line 2223vode=47

<\intilialize>



(on Tue Apr 11 02:41:06 2023
)<intilialize>

in line 2223vode=48

<\intilialize>



(on Tue Apr 11 02:41:06 2023
)<intilialize>

in line 2223vode=49

<\intilialize>



(on Tue Apr 11 02:41:06 2023
)<intilialize>

in line 2223vode=50

<\intilialize>



(on Tue Apr 11 02:41:06 2023
)<intilialize>

in line 2223vode=51

<\intilialize>



(on Tue Apr 11 02:41:06 2023
)<intilialize>

in line 2223vode=52

<\intilialize>



(on Tue Apr 11 02:41:06 2023
)<intilialize>

in line 2223vode=53

<\intilialize>



(on Tue Apr 11 02:41:06 2023
)<intilialize>

in line 2223vode=54

<\intilialize>



(on Tue Apr 11 02:41:06 2023
)<intilialize>

in line 2223vode=55

<\intilialize>



(on Tue Apr 11 02:41:06 2023
)<intilialize>

in line 2223vode=56

<\intilialize>



(on Tue Apr 11 02:41:06 2023
)<intilialize>

in line 2223vode=57

<\intilialize>



(on Tue Apr 11 02:41:06 2023
)<intilialize>

in line 2223vode=58

<\intilialize>



(on Tue Apr 11 02:41:06 2023
)<intilialize>

in line 2223vode=59

<\intilialize>



(on Tue Apr 11 02:41:06 2023
)<intilialize>

in line 2223vode=60

<\intilialize>



(on Tue Apr 11 02:41:06 2023
)<intilialize>

in line 2223vode=61

<\intilialize>



(on Tue Apr 11 02:41:06 2023
)<intilialize>

in line 2223vode=62

<\intilialize>



(on Tue Apr 11 02:41:06 2023
)<intilialize>

in line 2223vode=63

<\intilialize>



(on Tue Apr 11 02:41:06 2023
)<intilialize>

in line 2223vode=64

<\intilialize>



(on Tue Apr 11 02:41:06 2023
)<intilialize>

in line 2223vode=65

<\intilialize>



(on Tue Apr 11 02:41:06 2023
)<intilialize>

in line 2223vode=66

<\intilialize>



(on Tue Apr 11 02:41:06 2023
)<intilialize>

in line 2223vode=67

<\intilialize>



(on Tue Apr 11 02:41:06 2023
)<intilialize>

in line 2223vode=68

<\intilialize>



(on Tue Apr 11 02:41:06 2023
)<intilialize>

in line 2223vode=69

<\intilialize>



(on Tue Apr 11 02:41:06 2023
)<intilialize>

in line 2223vode=70

<\intilialize>



(on Tue Apr 11 02:41:06 2023
)<intilialize>

in line 2223vode=71

<\intilialize>



(on Tue Apr 11 02:41:06 2023
)<intilialize>

in line 2223vode=72

<\intilialize>



(on Tue Apr 11 02:41:06 2023
)<intilialize>

in line 2223vode=73

<\intilialize>



(on Tue Apr 11 02:41:06 2023
)<intilialize>

in line 2223vode=74

<\intilialize>



(on Tue Apr 11 02:41:06 2023
)<intilialize>

in line 2223vode=75

<\intilialize>



(on Tue Apr 11 02:41:06 2023
)<intilialize>

in line 2223vode=76

<\intilialize>



(on Tue Apr 11 02:41:06 2023
)<intilialize>

in line 2223vode=77

<\intilialize>



(on Tue Apr 11 02:41:06 2023
)<intilialize>

in line 2223vode=78

<\intilialize>



(on Tue Apr 11 02:41:06 2023
)<intilialize>

in line 2223vode=79

<\intilialize>



(on Tue Apr 11 02:41:06 2023
)<intilialize>

in line 2223vode=80

<\intilialize>



(on Tue Apr 11 02:41:06 2023
)<intilialize>

in line 2223vode=81

<\intilialize>



(on Tue Apr 11 02:41:06 2023
)<intilialize>

in line 2223vode=82

<\intilialize>



(on Tue Apr 11 02:41:06 2023
)<intilialize>

in line 2223vode=83

<\intilialize>



(on Tue Apr 11 02:41:06 2023
)<intilialize>

in line 2223vode=84

<\intilialize>



(on Tue Apr 11 02:41:06 2023
)<intilialize>

in line 2223vode=85

<\intilialize>



(on Tue Apr 11 02:41:06 2023
)<intilialize>

in line 2223vode=86

<\intilialize>



(on Tue Apr 11 02:41:06 2023
)<intilialize>

in line 2223vode=87

<\intilialize>



(on Tue Apr 11 02:41:06 2023
)<intilialize>

in line 2223vode=88

<\intilialize>



(on Tue Apr 11 02:41:06 2023
)<intilialize>

in line 2223vode=89

<\intilialize>



(on Tue Apr 11 02:41:06 2023
)<intilialize>

in line 2223vode=90

<\intilialize>



(on Tue Apr 11 02:41:06 2023
)<intilialize>

in line 2223vode=91

<\intilialize>



(on Tue Apr 11 02:41:06 2023
)<intilialize>

in line 2223vode=92

<\intilialize>



(on Tue Apr 11 02:41:06 2023
)<intilialize>

in line 2223vode=93

<\intilialize>



(on Tue Apr 11 02:41:06 2023
)<intilialize>

in line 2223vode=94

<\intilialize>



(on Tue Apr 11 02:41:06 2023
)<intilialize>

in line 2223vode=95

<\intilialize>



(on Tue Apr 11 02:41:06 2023
)<intilialize>

in line 2223vode=96

<\intilialize>



(on Tue Apr 11 02:41:06 2023
)<intilialize>

in line 2223vode=97

<\intilialize>



(on Tue Apr 11 02:41:06 2023
)<intilialize>

in line 2223vode=98

<\intilialize>



(on Tue Apr 11 02:41:06 2023
)<intilialize>

in line 2223vode=99

<\intilialize>



(on Tue Apr 11 02:41:07 2023
)<intilialize>

in line 2223vode=0

<\intilialize>



(on Tue Apr 11 02:41:07 2023
)<intilialize>

in line 2223vode=1

<\intilialize>



(on Tue Apr 11 02:41:07 2023
)<intilialize>

in line 2223vode=2

<\intilialize>



(on Tue Apr 11 02:41:07 2023
)<intilialize>

in line 2223vode=3

<\intilialize>



(on Tue Apr 11 02:41:07 2023
)<intilialize>

in line 2223vode=4

<\intilialize>



(on Tue Apr 11 02:41:07 2023
)<intilialize>

in line 2223vode=5

<\intilialize>



(on Tue Apr 11 02:41:07 2023
)<intilialize>

in line 2223vode=6

<\intilialize>



(on Tue Apr 11 02:41:07 2023
)<intilialize>

in line 2223vode=7

<\intilialize>



(on Tue Apr 11 02:41:07 2023
)<intilialize>

in line 2223vode=8

<\intilialize>



(on Tue Apr 11 02:41:07 2023
)<intilialize>

in line 2223vode=9

<\intilialize>



(on Tue Apr 11 02:41:07 2023
)<intilialize>

in line 2223vode=10

<\intilialize>



(on Tue Apr 11 02:41:07 2023
)<intilialize>

in line 2223vode=11

<\intilialize>



(on Tue Apr 11 02:41:07 2023
)<intilialize>

in line 2223vode=12

<\intilialize>



(on Tue Apr 11 02:41:07 2023
)<intilialize>

in line 2223vode=13

<\intilialize>



(on Tue Apr 11 02:41:07 2023
)<intilialize>

in line 2223vode=14

<\intilialize>



(on Tue Apr 11 02:41:07 2023
)<intilialize>

in line 2223vode=15

<\intilialize>



(on Tue Apr 11 02:41:07 2023
)<intilialize>

in line 2223vode=16

<\intilialize>



(on Tue Apr 11 02:41:07 2023
)<intilialize>

in line 2223vode=17

<\intilialize>



(on Tue Apr 11 02:41:07 2023
)<intilialize>

in line 2223vode=18

<\intilialize>



(on Tue Apr 11 02:41:07 2023
)<intilialize>

in line 2223vode=19

<\intilialize>



(on Tue Apr 11 02:41:07 2023
)<intilialize>

in line 2223vode=20

<\intilialize>



(on Tue Apr 11 02:41:07 2023
)<intilialize>

in line 2223vode=21

<\intilialize>



(on Tue Apr 11 02:41:07 2023
)<intilialize>

in line 2223vode=22

<\intilialize>



(on Tue Apr 11 02:41:07 2023
)<intilialize>

in line 2223vode=23

<\intilialize>



(on Tue Apr 11 02:41:07 2023
)<intilialize>

in line 2223vode=24

<\intilialize>



(on Tue Apr 11 02:41:07 2023
)<intilialize>

in line 2223vode=25

<\intilialize>



(on Tue Apr 11 02:41:07 2023
)<intilialize>

in line 2223vode=26

<\intilialize>



(on Tue Apr 11 02:41:07 2023
)<intilialize>

in line 2223vode=27

<\intilialize>



(on Tue Apr 11 02:41:07 2023
)<intilialize>

in line 2223vode=28

<\intilialize>



(on Tue Apr 11 02:41:07 2023
)<intilialize>

in line 2223vode=29

<\intilialize>



(on Tue Apr 11 02:41:07 2023
)<intilialize>

in line 2223vode=30

<\intilialize>



(on Tue Apr 11 02:41:07 2023
)<intilialize>

in line 2223vode=31

<\intilialize>



(on Tue Apr 11 02:41:07 2023
)<intilialize>

in line 2223vode=32

<\intilialize>



(on Tue Apr 11 02:41:07 2023
)<intilialize>

in line 2223vode=33

<\intilialize>



(on Tue Apr 11 02:41:07 2023
)<intilialize>

in line 2223vode=34

<\intilialize>



(on Tue Apr 11 02:41:07 2023
)<intilialize>

in line 2223vode=35

<\intilialize>



(on Tue Apr 11 02:41:07 2023
)<intilialize>

in line 2223vode=36

<\intilialize>



(on Tue Apr 11 02:41:07 2023
)<intilialize>

in line 2223vode=37

<\intilialize>



(on Tue Apr 11 02:41:07 2023
)<intilialize>

in line 2223vode=38

<\intilialize>



(on Tue Apr 11 02:41:07 2023
)<intilialize>

in line 2223vode=39

<\intilialize>



(on Tue Apr 11 02:41:07 2023
)<intilialize>

in line 2223vode=40

<\intilialize>



(on Tue Apr 11 02:41:07 2023
)<intilialize>

in line 2223vode=41

<\intilialize>



(on Tue Apr 11 02:41:07 2023
)<intilialize>

in line 2223vode=42

<\intilialize>



(on Tue Apr 11 02:41:07 2023
)<intilialize>

in line 2223vode=43

<\intilialize>



(on Tue Apr 11 02:41:07 2023
)<intilialize>

in line 2223vode=44

<\intilialize>



(on Tue Apr 11 02:41:07 2023
)<intilialize>

in line 2223vode=45

<\intilialize>



(on Tue Apr 11 02:41:07 2023
)<intilialize>

in line 2223vode=46

<\intilialize>



(on Tue Apr 11 02:41:07 2023
)<intilialize>

in line 2223vode=47

<\intilialize>



(on Tue Apr 11 02:41:07 2023
)<intilialize>

in line 2223vode=48

<\intilialize>



(on Tue Apr 11 02:41:07 2023
)<intilialize>

in line 2223vode=49

<\intilialize>



(on Tue Apr 11 02:41:07 2023
)<intilialize>

in line 2223vode=50

<\intilialize>



(on Tue Apr 11 02:41:07 2023
)<intilialize>

in line 2223vode=51

<\intilialize>



(on Tue Apr 11 02:41:07 2023
)<intilialize>

in line 2223vode=52

<\intilialize>



(on Tue Apr 11 02:41:07 2023
)<intilialize>

in line 2223vode=53

<\intilialize>



(on Tue Apr 11 02:41:07 2023
)<intilialize>

in line 2223vode=54

<\intilialize>



(on Tue Apr 11 02:41:07 2023
)<intilialize>

in line 2223vode=55

<\intilialize>



(on Tue Apr 11 02:41:07 2023
)<intilialize>

in line 2223vode=56

<\intilialize>



(on Tue Apr 11 02:41:07 2023
)<intilialize>

in line 2223vode=57

<\intilialize>



(on Tue Apr 11 02:41:07 2023
)<intilialize>

in line 2223vode=58

<\intilialize>



(on Tue Apr 11 02:41:07 2023
)<intilialize>

in line 2223vode=59

<\intilialize>



(on Tue Apr 11 02:41:07 2023
)<intilialize>

in line 2223vode=60

<\intilialize>



(on Tue Apr 11 02:41:07 2023
)<intilialize>

in line 2223vode=61

<\intilialize>



(on Tue Apr 11 02:41:07 2023
)<intilialize>

in line 2223vode=62

<\intilialize>



(on Tue Apr 11 02:41:07 2023
)<intilialize>

in line 2223vode=63

<\intilialize>



(on Tue Apr 11 02:41:07 2023
)<intilialize>

in line 2223vode=64

<\intilialize>



(on Tue Apr 11 02:41:07 2023
)<intilialize>

in line 2223vode=65

<\intilialize>



(on Tue Apr 11 02:41:07 2023
)<intilialize>

in line 2223vode=66

<\intilialize>



(on Tue Apr 11 02:41:07 2023
)<intilialize>

in line 2223vode=67

<\intilialize>



(on Tue Apr 11 02:41:07 2023
)<intilialize>

in line 2223vode=68

<\intilialize>



(on Tue Apr 11 02:41:07 2023
)<intilialize>

in line 2223vode=69

<\intilialize>



(on Tue Apr 11 02:41:07 2023
)<intilialize>

in line 2223vode=70

<\intilialize>



(on Tue Apr 11 02:41:07 2023
)<intilialize>

in line 2223vode=71

<\intilialize>



(on Tue Apr 11 02:41:07 2023
)<intilialize>

in line 2223vode=72

<\intilialize>



(on Tue Apr 11 02:41:07 2023
)<intilialize>

in line 2223vode=73

<\intilialize>



(on Tue Apr 11 02:41:07 2023
)<intilialize>

in line 2223vode=74

<\intilialize>



(on Tue Apr 11 02:41:07 2023
)<intilialize>

in line 2223vode=75

<\intilialize>



(on Tue Apr 11 02:41:07 2023
)<intilialize>

in line 2223vode=76

<\intilialize>



(on Tue Apr 11 02:41:07 2023
)<intilialize>

in line 2223vode=77

<\intilialize>



(on Tue Apr 11 02:41:07 2023
)<intilialize>

in line 2223vode=78

<\intilialize>



(on Tue Apr 11 02:41:07 2023
)<intilialize>

in line 2223vode=79

<\intilialize>



(on Tue Apr 11 02:41:07 2023
)<intilialize>

in line 2223vode=80

<\intilialize>



(on Tue Apr 11 02:41:07 2023
)<intilialize>

in line 2223vode=81

<\intilialize>



(on Tue Apr 11 02:41:07 2023
)<intilialize>

in line 2223vode=82

<\intilialize>



(on Tue Apr 11 02:41:07 2023
)<intilialize>

in line 2223vode=83

<\intilialize>



(on Tue Apr 11 02:41:07 2023
)<intilialize>

in line 2223vode=84

<\intilialize>



(on Tue Apr 11 02:41:07 2023
)<intilialize>

in line 2223vode=85

<\intilialize>



(on Tue Apr 11 02:41:07 2023
)<intilialize>

in line 2223vode=86

<\intilialize>



(on Tue Apr 11 02:41:07 2023
)<intilialize>

in line 2223vode=87

<\intilialize>



(on Tue Apr 11 02:41:07 2023
)<intilialize>

in line 2223vode=88

<\intilialize>



(on Tue Apr 11 02:41:07 2023
)<intilialize>

in line 2223vode=89

<\intilialize>



(on Tue Apr 11 02:41:07 2023
)<intilialize>

in line 2223vode=90

<\intilialize>



(on Tue Apr 11 02:41:07 2023
)<intilialize>

in line 2223vode=91

<\intilialize>



(on Tue Apr 11 02:41:07 2023
)<intilialize>

in line 2223vode=92

<\intilialize>



(on Tue Apr 11 02:41:07 2023
)<intilialize>

in line 2223vode=93

<\intilialize>



(on Tue Apr 11 02:41:07 2023
)<intilialize>

in line 2223vode=94

<\intilialize>



(on Tue Apr 11 02:41:07 2023
)<intilialize>

in line 2223vode=95

<\intilialize>



(on Tue Apr 11 02:41:07 2023
)<intilialize>

in line 2223vode=96

<\intilialize>



(on Tue Apr 11 02:41:07 2023
)<intilialize>

in line 2223vode=97

<\intilialize>



(on Tue Apr 11 02:41:07 2023
)<intilialize>

in line 2223vode=98

<\intilialize>



(on Tue Apr 11 02:41:07 2023
)<intilialize>

in line 2223vode=99

<\intilialize>



(on Fri Apr 14 06:52:10 2023
)<intilialize>

in line 2313vode=0

<\intilialize>



(on Fri Apr 14 06:52:10 2023
)<intilialize>

in line 2313vode=1

<\intilialize>



(on Fri Apr 14 06:52:10 2023
)<intilialize>

in line 2313vode=2

<\intilialize>



(on Fri Apr 14 06:52:10 2023
)<intilialize>

in line 2313vode=3

<\intilialize>



(on Fri Apr 14 06:52:10 2023
)<intilialize>

in line 2313vode=4

<\intilialize>



(on Fri Apr 14 06:52:10 2023
)<intilialize>

in line 2313vode=5

<\intilialize>



(on Fri Apr 14 06:52:10 2023
)<intilialize>

in line 2313vode=6

<\intilialize>



(on Fri Apr 14 06:52:10 2023
)<intilialize>

in line 2313vode=7

<\intilialize>



(on Fri Apr 14 06:52:10 2023
)<intilialize>

in line 2313vode=8

<\intilialize>



(on Fri Apr 14 06:52:10 2023
)<intilialize>

in line 2313vode=9

<\intilialize>



(on Fri Apr 14 06:52:10 2023
)<intilialize>

in line 2313vode=10

<\intilialize>



(on Fri Apr 14 06:52:10 2023
)<intilialize>

in line 2313vode=11

<\intilialize>



(on Fri Apr 14 06:52:10 2023
)<intilialize>

in line 2313vode=12

<\intilialize>



(on Fri Apr 14 06:52:10 2023
)<intilialize>

in line 2313vode=13

<\intilialize>



(on Fri Apr 14 06:52:10 2023
)<intilialize>

in line 2313vode=14

<\intilialize>



(on Fri Apr 14 06:52:10 2023
)<intilialize>

in line 2313vode=15

<\intilialize>



(on Fri Apr 14 06:52:10 2023
)<intilialize>

in line 2313vode=16

<\intilialize>



(on Fri Apr 14 06:52:10 2023
)<intilialize>

in line 2313vode=17

<\intilialize>



(on Fri Apr 14 06:52:10 2023
)<intilialize>

in line 2313vode=18

<\intilialize>



(on Fri Apr 14 06:52:10 2023
)<intilialize>

in line 2313vode=19

<\intilialize>



(on Fri Apr 14 06:52:10 2023
)<intilialize>

in line 2313vode=20

<\intilialize>



(on Fri Apr 14 06:52:10 2023
)<intilialize>

in line 2313vode=21

<\intilialize>



(on Fri Apr 14 06:52:10 2023
)<intilialize>

in line 2313vode=22

<\intilialize>



(on Fri Apr 14 06:52:10 2023
)<intilialize>

in line 2313vode=23

<\intilialize>



(on Fri Apr 14 06:52:10 2023
)<intilialize>

in line 2313vode=24

<\intilialize>



(on Fri Apr 14 06:52:10 2023
)<intilialize>

in line 2313vode=25

<\intilialize>



(on Fri Apr 14 06:52:10 2023
)<intilialize>

in line 2313vode=26

<\intilialize>



(on Fri Apr 14 06:52:10 2023
)<intilialize>

in line 2313vode=27

<\intilialize>



(on Fri Apr 14 06:52:10 2023
)<intilialize>

in line 2313vode=28

<\intilialize>



(on Fri Apr 14 06:52:10 2023
)<intilialize>

in line 2313vode=29

<\intilialize>



(on Fri Apr 14 06:52:10 2023
)<intilialize>

in line 2313vode=30

<\intilialize>



(on Fri Apr 14 06:52:10 2023
)<intilialize>

in line 2313vode=31

<\intilialize>



(on Fri Apr 14 06:52:10 2023
)<intilialize>

in line 2313vode=32

<\intilialize>



(on Fri Apr 14 06:52:10 2023
)<intilialize>

in line 2313vode=33

<\intilialize>



(on Fri Apr 14 06:52:10 2023
)<intilialize>

in line 2313vode=34

<\intilialize>



(on Fri Apr 14 06:52:10 2023
)<intilialize>

in line 2313vode=35

<\intilialize>



(on Fri Apr 14 06:52:10 2023
)<intilialize>

in line 2313vode=36

<\intilialize>



(on Fri Apr 14 06:52:10 2023
)<intilialize>

in line 2313vode=37

<\intilialize>



(on Fri Apr 14 06:52:10 2023
)<intilialize>

in line 2313vode=38

<\intilialize>



(on Fri Apr 14 06:52:10 2023
)<intilialize>

in line 2313vode=39

<\intilialize>



(on Fri Apr 14 06:52:10 2023
)<intilialize>

in line 2313vode=40

<\intilialize>



(on Fri Apr 14 06:52:10 2023
)<intilialize>

in line 2313vode=41

<\intilialize>



(on Fri Apr 14 06:52:10 2023
)<intilialize>

in line 2313vode=42

<\intilialize>



(on Fri Apr 14 06:52:10 2023
)<intilialize>

in line 2313vode=43

<\intilialize>



(on Fri Apr 14 06:52:10 2023
)<intilialize>

in line 2313vode=44

<\intilialize>



(on Fri Apr 14 06:52:10 2023
)<intilialize>

in line 2313vode=45

<\intilialize>



(on Fri Apr 14 06:52:10 2023
)<intilialize>

in line 2313vode=46

<\intilialize>



(on Fri Apr 14 06:52:10 2023
)<intilialize>

in line 2313vode=47

<\intilialize>



(on Fri Apr 14 06:52:10 2023
)<intilialize>

in line 2313vode=48

<\intilialize>



(on Fri Apr 14 06:52:10 2023
)<intilialize>

in line 2313vode=49

<\intilialize>



(on Fri Apr 14 06:52:10 2023
)<intilialize>

in line 2313vode=50

<\intilialize>



(on Fri Apr 14 06:52:10 2023
)<intilialize>

in line 2313vode=51

<\intilialize>



(on Fri Apr 14 06:52:10 2023
)<intilialize>

in line 2313vode=52

<\intilialize>



(on Fri Apr 14 06:52:10 2023
)<intilialize>

in line 2313vode=53

<\intilialize>



(on Fri Apr 14 06:52:10 2023
)<intilialize>

in line 2313vode=54

<\intilialize>



(on Fri Apr 14 06:52:10 2023
)<intilialize>

in line 2313vode=55

<\intilialize>



(on Fri Apr 14 06:52:10 2023
)<intilialize>

in line 2313vode=56

<\intilialize>



(on Fri Apr 14 06:52:10 2023
)<intilialize>

in line 2313vode=57

<\intilialize>



(on Fri Apr 14 06:52:10 2023
)<intilialize>

in line 2313vode=58

<\intilialize>



(on Fri Apr 14 06:52:10 2023
)<intilialize>

in line 2313vode=59

<\intilialize>



(on Fri Apr 14 06:52:10 2023
)<intilialize>

in line 2313vode=60

<\intilialize>



(on Fri Apr 14 06:52:10 2023
)<intilialize>

in line 2313vode=61

<\intilialize>



(on Fri Apr 14 06:52:10 2023
)<intilialize>

in line 2313vode=62

<\intilialize>



(on Fri Apr 14 06:52:10 2023
)<intilialize>

in line 2313vode=63

<\intilialize>



(on Fri Apr 14 06:52:10 2023
)<intilialize>

in line 2313vode=64

<\intilialize>



(on Fri Apr 14 06:52:10 2023
)<intilialize>

in line 2313vode=65

<\intilialize>



(on Fri Apr 14 06:52:10 2023
)<intilialize>

in line 2313vode=66

<\intilialize>



(on Fri Apr 14 06:52:10 2023
)<intilialize>

in line 2313vode=67

<\intilialize>



(on Fri Apr 14 06:52:10 2023
)<intilialize>

in line 2313vode=68

<\intilialize>



(on Fri Apr 14 06:52:10 2023
)<intilialize>

in line 2313vode=69

<\intilialize>



(on Fri Apr 14 06:52:10 2023
)<intilialize>

in line 2313vode=70

<\intilialize>



(on Fri Apr 14 06:52:10 2023
)<intilialize>

in line 2313vode=71

<\intilialize>



(on Fri Apr 14 06:52:10 2023
)<intilialize>

in line 2313vode=72

<\intilialize>



(on Fri Apr 14 06:52:10 2023
)<intilialize>

in line 2313vode=73

<\intilialize>



(on Fri Apr 14 06:52:10 2023
)<intilialize>

in line 2313vode=74

<\intilialize>



(on Fri Apr 14 06:52:10 2023
)<intilialize>

in line 2313vode=75

<\intilialize>



(on Fri Apr 14 06:52:10 2023
)<intilialize>

in line 2313vode=76

<\intilialize>



(on Fri Apr 14 06:52:10 2023
)<intilialize>

in line 2313vode=77

<\intilialize>



(on Fri Apr 14 06:52:10 2023
)<intilialize>

in line 2313vode=78

<\intilialize>



(on Fri Apr 14 06:52:10 2023
)<intilialize>

in line 2313vode=79

<\intilialize>



(on Fri Apr 14 06:52:10 2023
)<intilialize>

in line 2313vode=80

<\intilialize>



(on Fri Apr 14 06:52:10 2023
)<intilialize>

in line 2313vode=81

<\intilialize>



(on Fri Apr 14 06:52:10 2023
)<intilialize>

in line 2313vode=82

<\intilialize>



(on Fri Apr 14 06:52:10 2023
)<intilialize>

in line 2313vode=83

<\intilialize>



(on Fri Apr 14 06:52:10 2023
)<intilialize>

in line 2313vode=84

<\intilialize>



(on Fri Apr 14 06:52:10 2023
)<intilialize>

in line 2313vode=85

<\intilialize>



(on Fri Apr 14 06:52:10 2023
)<intilialize>

in line 2313vode=86

<\intilialize>



(on Fri Apr 14 06:52:10 2023
)<intilialize>

in line 2313vode=87

<\intilialize>



(on Fri Apr 14 06:52:10 2023
)<intilialize>

in line 2313vode=88

<\intilialize>



(on Fri Apr 14 06:52:10 2023
)<intilialize>

in line 2313vode=89

<\intilialize>



(on Fri Apr 14 06:52:10 2023
)<intilialize>

in line 2313vode=90

<\intilialize>



(on Fri Apr 14 06:52:10 2023
)<intilialize>

in line 2313vode=91

<\intilialize>



(on Fri Apr 14 06:52:10 2023
)<intilialize>

in line 2313vode=92

<\intilialize>



(on Fri Apr 14 06:52:10 2023
)<intilialize>

in line 2313vode=93

<\intilialize>



(on Fri Apr 14 06:52:10 2023
)<intilialize>

in line 2313vode=94

<\intilialize>



(on Fri Apr 14 06:52:10 2023
)<intilialize>

in line 2313vode=95

<\intilialize>



(on Fri Apr 14 06:52:10 2023
)<intilialize>

in line 2313vode=96

<\intilialize>



(on Fri Apr 14 06:52:10 2023
)<intilialize>

in line 2313vode=97

<\intilialize>



(on Fri Apr 14 06:52:10 2023
)<intilialize>

in line 2313vode=98

<\intilialize>



(on Fri Apr 14 06:52:10 2023
)<intilialize>

in line 2313vode=99

<\intilialize>



(on Sun Apr 23 18:17:06 2023
)<intilialize>

in line 2361vode=0

<\intilialize>



(on Sun Apr 23 18:17:06 2023
)<intilialize>

in line 2361vode=1

<\intilialize>



(on Sun Apr 23 18:17:06 2023
)<intilialize>

in line 2361vode=2

<\intilialize>



(on Sun Apr 23 18:17:06 2023
)<intilialize>

in line 2361vode=3

<\intilialize>



(on Sun Apr 23 18:17:06 2023
)<intilialize>

in line 2361vode=4

<\intilialize>



(on Sun Apr 23 18:17:06 2023
)<intilialize>

in line 2361vode=5

<\intilialize>



(on Sun Apr 23 18:17:06 2023
)<intilialize>

in line 2361vode=6

<\intilialize>



(on Sun Apr 23 18:17:06 2023
)<intilialize>

in line 2361vode=7

<\intilialize>



(on Sun Apr 23 18:17:06 2023
)<intilialize>

in line 2361vode=8

<\intilialize>



(on Sun Apr 23 18:17:06 2023
)<intilialize>

in line 2361vode=9

<\intilialize>



(on Sun Apr 23 18:17:06 2023
)<intilialize>

in line 2361vode=10

<\intilialize>



(on Sun Apr 23 18:17:06 2023
)<intilialize>

in line 2361vode=11

<\intilialize>



(on Sun Apr 23 18:17:06 2023
)<intilialize>

in line 2361vode=12

<\intilialize>



(on Sun Apr 23 18:17:06 2023
)<intilialize>

in line 2361vode=13

<\intilialize>



(on Sun Apr 23 18:17:06 2023
)<intilialize>

in line 2361vode=14

<\intilialize>



(on Sun Apr 23 18:17:06 2023
)<intilialize>

in line 2361vode=15

<\intilialize>



(on Sun Apr 23 18:17:06 2023
)<intilialize>

in line 2361vode=16

<\intilialize>



(on Sun Apr 23 18:17:06 2023
)<intilialize>

in line 2361vode=17

<\intilialize>



(on Sun Apr 23 18:17:06 2023
)<intilialize>

in line 2361vode=18

<\intilialize>



(on Sun Apr 23 18:17:06 2023
)<intilialize>

in line 2361vode=19

<\intilialize>



(on Sun Apr 23 18:17:06 2023
)<intilialize>

in line 2361vode=20

<\intilialize>



(on Sun Apr 23 18:17:06 2023
)<intilialize>

in line 2361vode=21

<\intilialize>



(on Sun Apr 23 18:17:06 2023
)<intilialize>

in line 2361vode=22

<\intilialize>



(on Sun Apr 23 18:17:06 2023
)<intilialize>

in line 2361vode=23

<\intilialize>



(on Sun Apr 23 18:17:06 2023
)<intilialize>

in line 2361vode=24

<\intilialize>



(on Sun Apr 23 18:17:06 2023
)<intilialize>

in line 2361vode=25

<\intilialize>



(on Sun Apr 23 18:17:06 2023
)<intilialize>

in line 2361vode=26

<\intilialize>



(on Sun Apr 23 18:17:06 2023
)<intilialize>

in line 2361vode=27

<\intilialize>



(on Sun Apr 23 18:17:06 2023
)<intilialize>

in line 2361vode=28

<\intilialize>



(on Sun Apr 23 18:17:06 2023
)<intilialize>

in line 2361vode=29

<\intilialize>



(on Sun Apr 23 18:17:06 2023
)<intilialize>

in line 2361vode=30

<\intilialize>



(on Sun Apr 23 18:17:06 2023
)<intilialize>

in line 2361vode=31

<\intilialize>



(on Sun Apr 23 18:17:06 2023
)<intilialize>

in line 2361vode=32

<\intilialize>



(on Sun Apr 23 18:17:06 2023
)<intilialize>

in line 2361vode=33

<\intilialize>



(on Sun Apr 23 18:17:06 2023
)<intilialize>

in line 2361vode=34

<\intilialize>



(on Sun Apr 23 18:17:06 2023
)<intilialize>

in line 2361vode=35

<\intilialize>



(on Sun Apr 23 18:17:06 2023
)<intilialize>

in line 2361vode=36

<\intilialize>



(on Sun Apr 23 18:17:06 2023
)<intilialize>

in line 2361vode=37

<\intilialize>



(on Sun Apr 23 18:17:06 2023
)<intilialize>

in line 2361vode=38

<\intilialize>



(on Sun Apr 23 18:17:06 2023
)<intilialize>

in line 2361vode=39

<\intilialize>



(on Sun Apr 23 18:17:06 2023
)<intilialize>

in line 2361vode=40

<\intilialize>



(on Sun Apr 23 18:17:06 2023
)<intilialize>

in line 2361vode=41

<\intilialize>



(on Sun Apr 23 18:17:06 2023
)<intilialize>

in line 2361vode=42

<\intilialize>



(on Sun Apr 23 18:17:06 2023
)<intilialize>

in line 2361vode=43

<\intilialize>



(on Sun Apr 23 18:17:06 2023
)<intilialize>

in line 2361vode=44

<\intilialize>



(on Sun Apr 23 18:17:06 2023
)<intilialize>

in line 2361vode=45

<\intilialize>



(on Sun Apr 23 18:17:06 2023
)<intilialize>

in line 2361vode=46

<\intilialize>



(on Sun Apr 23 18:17:06 2023
)<intilialize>

in line 2361vode=47

<\intilialize>



(on Sun Apr 23 18:17:06 2023
)<intilialize>

in line 2361vode=48

<\intilialize>



(on Sun Apr 23 18:17:06 2023
)<intilialize>

in line 2361vode=49

<\intilialize>



(on Sun Apr 23 18:17:06 2023
)<intilialize>

in line 2361vode=50

<\intilialize>



(on Sun Apr 23 18:17:06 2023
)<intilialize>

in line 2361vode=51

<\intilialize>



(on Sun Apr 23 18:17:06 2023
)<intilialize>

in line 2361vode=52

<\intilialize>



(on Sun Apr 23 18:17:06 2023
)<intilialize>

in line 2361vode=53

<\intilialize>



(on Sun Apr 23 18:17:06 2023
)<intilialize>

in line 2361vode=54

<\intilialize>



(on Sun Apr 23 18:17:06 2023
)<intilialize>

in line 2361vode=55

<\intilialize>



(on Sun Apr 23 18:17:06 2023
)<intilialize>

in line 2361vode=56

<\intilialize>



(on Sun Apr 23 18:17:06 2023
)<intilialize>

in line 2361vode=57

<\intilialize>



(on Sun Apr 23 18:17:06 2023
)<intilialize>

in line 2361vode=58

<\intilialize>



(on Sun Apr 23 18:17:06 2023
)<intilialize>

in line 2361vode=59

<\intilialize>



(on Sun Apr 23 18:17:06 2023
)<intilialize>

in line 2361vode=60

<\intilialize>



(on Sun Apr 23 18:17:06 2023
)<intilialize>

in line 2361vode=61

<\intilialize>



(on Sun Apr 23 18:17:06 2023
)<intilialize>

in line 2361vode=62

<\intilialize>



(on Sun Apr 23 18:17:06 2023
)<intilialize>

in line 2361vode=63

<\intilialize>



(on Sun Apr 23 18:17:06 2023
)<intilialize>

in line 2361vode=64

<\intilialize>



(on Sun Apr 23 18:17:06 2023
)<intilialize>

in line 2361vode=65

<\intilialize>



(on Sun Apr 23 18:17:06 2023
)<intilialize>

in line 2361vode=66

<\intilialize>



(on Sun Apr 23 18:17:06 2023
)<intilialize>

in line 2361vode=67

<\intilialize>



(on Sun Apr 23 18:17:06 2023
)<intilialize>

in line 2361vode=68

<\intilialize>



(on Sun Apr 23 18:17:06 2023
)<intilialize>

in line 2361vode=69

<\intilialize>



(on Sun Apr 23 18:17:06 2023
)<intilialize>

in line 2361vode=70

<\intilialize>



(on Sun Apr 23 18:17:06 2023
)<intilialize>

in line 2361vode=71

<\intilialize>



(on Sun Apr 23 18:17:06 2023
)<intilialize>

in line 2361vode=72

<\intilialize>



(on Sun Apr 23 18:17:06 2023
)<intilialize>

in line 2361vode=73

<\intilialize>



(on Sun Apr 23 18:17:06 2023
)<intilialize>

in line 2361vode=74

<\intilialize>



(on Sun Apr 23 18:17:06 2023
)<intilialize>

in line 2361vode=75

<\intilialize>



(on Sun Apr 23 18:17:06 2023
)<intilialize>

in line 2361vode=76

<\intilialize>



(on Sun Apr 23 18:17:06 2023
)<intilialize>

in line 2361vode=77

<\intilialize>



(on Sun Apr 23 18:17:06 2023
)<intilialize>

in line 2361vode=78

<\intilialize>



(on Sun Apr 23 18:17:06 2023
)<intilialize>

in line 2361vode=79

<\intilialize>



(on Sun Apr 23 18:17:06 2023
)<intilialize>

in line 2361vode=80

<\intilialize>



(on Sun Apr 23 18:17:06 2023
)<intilialize>

in line 2361vode=81

<\intilialize>



(on Sun Apr 23 18:17:06 2023
)<intilialize>

in line 2361vode=82

<\intilialize>



(on Sun Apr 23 18:17:06 2023
)<intilialize>

in line 2361vode=83

<\intilialize>



(on Sun Apr 23 18:17:06 2023
)<intilialize>

in line 2361vode=84

<\intilialize>



(on Sun Apr 23 18:17:06 2023
)<intilialize>

in line 2361vode=85

<\intilialize>



(on Sun Apr 23 18:17:06 2023
)<intilialize>

in line 2361vode=86

<\intilialize>



(on Sun Apr 23 18:17:06 2023
)<intilialize>

in line 2361vode=87

<\intilialize>



(on Sun Apr 23 18:17:06 2023
)<intilialize>

in line 2361vode=88

<\intilialize>



(on Sun Apr 23 18:17:06 2023
)<intilialize>

in line 2361vode=89

<\intilialize>



(on Sun Apr 23 18:17:06 2023
)<intilialize>

in line 2361vode=90

<\intilialize>



(on Sun Apr 23 18:17:06 2023
)<intilialize>

in line 2361vode=91

<\intilialize>



(on Sun Apr 23 18:17:06 2023
)<intilialize>

in line 2361vode=92

<\intilialize>



(on Sun Apr 23 18:17:06 2023
)<intilialize>

in line 2361vode=93

<\intilialize>



(on Sun Apr 23 18:17:06 2023
)<intilialize>

in line 2361vode=94

<\intilialize>



(on Sun Apr 23 18:17:06 2023
)<intilialize>

in line 2361vode=95

<\intilialize>



(on Sun Apr 23 18:17:06 2023
)<intilialize>

in line 2361vode=96

<\intilialize>



(on Sun Apr 23 18:17:06 2023
)<intilialize>

in line 2361vode=97

<\intilialize>



(on Sun Apr 23 18:17:06 2023
)<intilialize>

in line 2361vode=98

<\intilialize>



(on Sun Apr 23 18:17:06 2023
)<intilialize>

in line 2361vode=99

<\intilialize>

