in line 1776<request>

{"type":"connect","board name":"yaoxuetao's stm32f103","client name":"Anymous"}

<\request>
in line 1776<request>

{"type":"connect","board name":"yaoxuetao's stm32f103","client name":"Anymous"}

<\request>
in line 1776<request>

{"type":"connect","board name":"yaoxuetao's stm32f103","client name":"Anymous"}

<\request>
in line 1776<request>

{"type":"connect","board name":"yaoxuetao's stm32f103","client name":"Anymous"}

<\request>
in line 1776<request>

{"type":"all faces"}

<\request>
in line 1776<request>

{"type":"all faces"}

<\request>
in line 1776<request>

{"type":"connect","board name":"yaoxuetao's raspi","client name":"Anymous"}

<\request>
in line 1776<request>

{"type":"connect","board name":"yaoxuetao's raspi","client name":"Anymous"}

<\request>
in line 1776<request>

{"type":"connect","board name":"yaoxuetao's raspi","client name":"Anymous"}

<\request>
in line 1776<request>

{"type":"connect","board name":"yaoxuetao's raspi","client name":"Anymous"}

<\request>
in line 1776<request>

{"type":"connect","board name":"yaoxuetao's raspi","client name":"Anymous"}

<\request>
in line 1776<request>

{"type":"connect","board name":"yaoxuetao's stm32f103","client name":"Anymous"}

<\request>
in line 1776<request>

{"type":"connect","board name":"yaoxuetao's stm32f103","client name":"Anymous"}

<\request>
in line 1776<request>

{"type":"all faces"}

<\request>
in line 1776<request>

{"type":"all faces"}

<\request>
in line 1776<request>

{"type":"delete faces"}

<\request>
in line 1776<request>

{"type":"connect","board name":"yaoxuetao's stm32f103","client name":"Anymous"}

<\request>
in line 1776<request>

{"type":"connect","board name":"yaoxuetao's stm32f103","client name":"Anymous"}

<\request>
in line 1776<request>

{"type":"all faces"}

<\request>
in line 1776<request>

{"type":"all faces"}

<\request>
in line 1776<request>

{"type":"connect","board name":"yaoxuetao's raspi","client name":"Anymous"}

<\request>
in line 1776<request>

{"type":"all faces"}

<\request>
in line 1776<request>

{"type":"all faces"}

<\request>
in line 1776<request>

{"type":"month data","board name":"yaoxuetao's raspi"}

<\request>
in line 1776<request>

{"type":"connect","board name":"yaoxuetao's raspi","client name":"Anymous"}

<\request>
